#
# There is insufficient memory for the Java Runtime Environment to continue.
# Native memory allocation (malloc) failed to allocate 2097152 bytes. Error detail: AllocateHeap
# Possible reasons:
#   The system is out of physical RAM or swap space
#   This process is running with CompressedOops enabled, and the Java Heap may be blocking the growth of the native heap
# Possible solutions:
#   Reduce memory load on the system
#   Increase physical memory or swap space
#   Check if swap backing store is full
#   Decrease Java heap size (-Xmx/-Xms)
#   Decrease number of Java threads
#   Decrease Java thread stack sizes (-Xss)
#   Set larger code cache with -XX:ReservedCodeCacheSize=
#   JVM is running with Unscaled Compressed Oops mode in which the Java heap is
#     placed in the first 4GB address space. The Java Heap base address is the
#     maximum limit for the native heap growth. Please use -XX:HeapBaseMinAddress
#     to set the Java Heap base and to place the Java Heap above 4GB virtual address.
# This output file may be truncated or incomplete.
#
#  Out of Memory Error (allocation.cpp:44), pid=3540, tid=2420
#
# JRE version: OpenJDK Runtime Environment Temurin-17.0.12+7 (17.0.12+7) (build 17.0.12+7)
# Java VM: OpenJDK 64-Bit Server VM Temurin-17.0.12+7 (17.0.12+7, mixed mode, emulated-client, tiered, compressed oops, compressed class ptrs, g1 gc, windows-amd64)
# No core dump will be written. Minidumps are not enabled by default on client versions of Windows
#

---------------  S U M M A R Y ------------

Command Line: -Xmx1024m -Dsts.lsp.client=vscode -Dsts.log.file=/dev/null -XX:TieredStopAtLevel=1 -Xlog:jni+resolve=off -Dspring.config.location=file:c:\Users\liwenyue\.vscode\extensions\vmware.vscode-spring-boot-1.56.0\language-server\BOOT-INF\classes\application.properties org.springframework.ide.vscode.boot.app.BootLanguageServerBootApp

Host: 11th Gen Intel(R) Core(TM) i5-1135G7 @ 2.40GHz, 8 cores, 7G,  Windows 10 , 64 bit Build 19041 (10.0.19041.292)
Time: Thu Sep 12 22:11:37 2024  Windows 10 , 64 bit Build 19041 (10.0.19041.292) elapsed time: 168956.559396 seconds (1d 22h 55m 56s)

---------------  T H R E A D  ---------------

Current thread (0x000001878fb08060):  VMThread "VM Thread" [stack: 0x0000006fbda00000,0x0000006fbdb00000] [id=2420]

Stack: [0x0000006fbda00000,0x0000006fbdb00000]
Native frames: (J=compiled Java code, j=interpreted, Vv=VM code, C=native code)
V  [jvm.dll+0x67f929]
V  [jvm.dll+0x8371ba]
V  [jvm.dll+0x838c7e]
V  [jvm.dll+0x8392e3]
V  [jvm.dll+0x24834f]
V  [jvm.dll+0xa70d3]
V  [jvm.dll+0x2f9101]
V  [jvm.dll+0x2f4d00]
V  [jvm.dll+0x2dd82f]
V  [jvm.dll+0x3201f7]
V  [jvm.dll+0x83d7dd]
V  [jvm.dll+0x83e522]
V  [jvm.dll+0x83ea4f]
V  [jvm.dll+0x83ee34]
V  [jvm.dll+0x83ef00]
V  [jvm.dll+0x7e65dc]
V  [jvm.dll+0x67e7f7]
C  [ucrtbase.dll+0x21542]
C  [KERNEL32.DLL+0x16fd4]
C  [ntdll.dll+0x4cec1]

VM_Operation (0x0000006fbf2fe900): G1CollectFull, mode: safepoint, requested by thread 0x000001879551a030


---------------  P R O C E S S  ---------------

Threads class SMR info:
_java_thread_list=0x0000018795f61210, length=28, elements={
0x000001878fb21740, 0x000001878fb22210, 0x000001878fbd5010, 0x000001878fbd79f0,
0x000001878fb38e90, 0x000001878fb3b770, 0x000001878fb3c040, 0x000001878fb3c950,
0x000001878fdef7c0, 0x000001878fe04010, 0x00000187955b1440, 0x000001879551a030,
0x0000018795464810, 0x00000187841c3540, 0x00000187952fab50, 0x0000018795572020,
0x0000018795550bb0, 0x00000187956e3040, 0x00000187956853f0, 0x0000018795684ee0,
0x0000018795685900, 0x0000018795683fb0, 0x0000018795686320, 0x00000187956844c0,
0x0000018795c14bf0, 0x0000018795c0e6b0, 0x0000018795c0ebc0, 0x0000018795c0f0d0
}

Java Threads: ( => current thread )
  0x000001878fb21740 JavaThread "Reference Handler" daemon [_thread_blocked, id=13648, stack(0x0000006fbdb00000,0x0000006fbdc00000)]
  0x000001878fb22210 JavaThread "Finalizer" daemon [_thread_blocked, id=14236, stack(0x0000006fbdc00000,0x0000006fbdd00000)]
  0x000001878fbd5010 JavaThread "Signal Dispatcher" daemon [_thread_blocked, id=14192, stack(0x0000006fbdd00000,0x0000006fbde00000)]
  0x000001878fbd79f0 JavaThread "Attach Listener" daemon [_thread_blocked, id=14084, stack(0x0000006fbde00000,0x0000006fbdf00000)]
  0x000001878fb38e90 JavaThread "Service Thread" daemon [_thread_blocked, id=14264, stack(0x0000006fbdf00000,0x0000006fbe000000)]
  0x000001878fb3b770 JavaThread "Monitor Deflation Thread" daemon [_thread_blocked, id=13376, stack(0x0000006fbe000000,0x0000006fbe100000)]
  0x000001878fb3c040 JavaThread "C1 CompilerThread0" daemon [_thread_blocked, id=13356, stack(0x0000006fbe100000,0x0000006fbe200000)]
  0x000001878fb3c950 JavaThread "Sweeper thread" daemon [_thread_blocked, id=14176, stack(0x0000006fbe200000,0x0000006fbe300000)]
  0x000001878fdef7c0 JavaThread "Notification Thread" daemon [_thread_blocked, id=14180, stack(0x0000006fbe500000,0x0000006fbe600000)]
  0x000001878fe04010 JavaThread "Common-Cleaner" daemon [_thread_blocked, id=12604, stack(0x0000006fbe700000,0x0000006fbe800000)]
  0x00000187955b1440 JavaThread "boundedElastic-evictor-1" daemon [_thread_blocked, id=13732, stack(0x0000006fbed00000,0x0000006fbee00000)]
  0x000001879551a030 JavaThread "pool-13-thread-1" [_thread_blocked, id=14032, stack(0x0000006fbf200000,0x0000006fbf300000)]
  0x0000018795464810 JavaThread "LanguageServerApp-lifecycle" [_thread_blocked, id=13364, stack(0x0000006fbf300000,0x0000006fbf400000)]
  0x00000187841c3540 JavaThread "DestroyJavaVM" [_thread_blocked, id=6888, stack(0x0000006fbd400000,0x0000006fbd500000)]
  0x00000187952fab50 JavaThread "pool-14-thread-1" [_thread_in_native, id=8928, stack(0x0000006fbf400000,0x0000006fbf500000)]
  0x0000018795572020 JavaThread "Simple-Language-Server main thread" daemon [_thread_blocked, id=13320, stack(0x0000006fbf500000,0x0000006fbf600000)]
  0x0000018795550bb0 JavaThread "pool-8-thread-1" [_thread_blocked, id=3064, stack(0x0000006fbf700000,0x0000006fbf800000)]
  0x00000187956e3040 JavaThread "parallel-1" daemon [_thread_blocked, id=1744, stack(0x0000006fbf800000,0x0000006fbf900000)]
  0x00000187956853f0 JavaThread "pool-6-thread-1" [_thread_blocked, id=14224, stack(0x0000006fbf900000,0x0000006fbfa00000)]
  0x0000018795684ee0 JavaThread "parallel-2" daemon [_thread_blocked, id=14260, stack(0x0000006fbfa00000,0x0000006fbfb00000)]
  0x0000018795685900 JavaThread "parallel-3" daemon [_thread_blocked, id=12412, stack(0x0000006fbfb00000,0x0000006fbfc00000)]
  0x0000018795683fb0 JavaThread "parallel-4" daemon [_thread_blocked, id=5436, stack(0x0000006fc0100000,0x0000006fc0200000)]
  0x0000018795686320 JavaThread "parallel-5" daemon [_thread_blocked, id=14220, stack(0x0000006fc0200000,0x0000006fc0300000)]
  0x00000187956844c0 JavaThread "Reconciler-1" daemon [_thread_blocked, id=13932, stack(0x0000006fc0400000,0x0000006fc0500000)]
  0x0000018795c14bf0 JavaThread "parallel-6" daemon [_thread_blocked, id=11920, stack(0x0000006fc0b00000,0x0000006fc0c00000)]
  0x0000018795c0e6b0 JavaThread "CompletableFutureDelayScheduler" daemon [_thread_blocked, id=13752, stack(0x0000006fc0d00000,0x0000006fc0e00000)]
  0x0000018795c0ebc0 JavaThread "parallel-7" daemon [_thread_blocked, id=12948, stack(0x0000006fbd200000,0x0000006fbd300000)]
  0x0000018795c0f0d0 JavaThread "parallel-8" daemon [_thread_blocked, id=11356, stack(0x0000006fbd300000,0x0000006fbd400000)]

Other Threads:
=>0x000001878fb08060 VMThread "VM Thread" [stack: 0x0000006fbda00000,0x0000006fbdb00000] [id=2420]
  0x000001878fdf20b0 WatcherThread [stack: 0x0000006fbe600000,0x0000006fbe700000] [id=13432]
  0x0000018784203790 GCTaskThread "GC Thread#0" [stack: 0x0000006fbd500000,0x0000006fbd600000] [id=11764]
  0x000001879490aa10 GCTaskThread "GC Thread#1" [stack: 0x0000006fbe800000,0x0000006fbe900000] [id=8596]
  0x000001879490acd0 GCTaskThread "GC Thread#2" [stack: 0x0000006fbe900000,0x0000006fbea00000] [id=13992]
  0x00000187949154c0 GCTaskThread "GC Thread#3" [stack: 0x0000006fbea00000,0x0000006fbeb00000] [id=14160]
  0x0000018794954010 GCTaskThread "GC Thread#4" [stack: 0x0000006fbeb00000,0x0000006fbec00000] [id=13508]
  0x00000187949542d0 GCTaskThread "GC Thread#5" [stack: 0x0000006fbec00000,0x0000006fbed00000] [id=3892]
  0x0000018794e10860 GCTaskThread "GC Thread#6" [stack: 0x0000006fbef00000,0x0000006fbf000000] [id=8424]
  0x0000018794df6c80 GCTaskThread "GC Thread#7" [stack: 0x0000006fbf000000,0x0000006fbf100000] [id=14304]
  0x000001878420e500 ConcurrentGCThread "G1 Main Marker" [stack: 0x0000006fbd600000,0x0000006fbd700000] [id=14164]
  0x000001878420ee30 ConcurrentGCThread "G1 Conc#0" [stack: 0x0000006fbd700000,0x0000006fbd800000] [id=13012]
  0x0000018794e0e840 ConcurrentGCThread "G1 Conc#1" [stack: 0x0000006fbf100000,0x0000006fbf200000] [id=9648]
  0x000001878425de40 ConcurrentGCThread "G1 Refine#0" [stack: 0x0000006fbd800000,0x0000006fbd900000] [id=2452]
  0x000001878425e780 ConcurrentGCThread "G1 Service" [stack: 0x0000006fbd900000,0x0000006fbda00000] [id=9180]

Threads with active compile tasks:

VM state: at safepoint (normal execution)

VM Mutex/Monitor currently owned by a thread:  ([mutex/lock_event])
[0x0000018782732ed0] Threads_lock - owner thread: 0x000001878fb08060
[0x00000187841c0d70] Heap_lock - owner thread: 0x000001879551a030

Heap address: 0x00000000c0000000, size: 1024 MB, Compressed Oops mode: 32-bit

CDS archive(s) not mapped
Compressed class space mapped at: 0x0000000100000000-0x0000000140000000, reserved size: 1073741824
Narrow klass base: 0x0000000000000000, Narrow klass shift: 3, Narrow klass range: 0x140000000

GC Precious Log:
 CPUs: 8 total, 8 available
 Memory: 7991M
 Large Page Support: Disabled
 NUMA Support: Disabled
 Compressed Oops: Enabled (32-bit)
 Heap Region Size: 1M
 Heap Min Capacity: 8M
 Heap Initial Capacity: 126M
 Heap Max Capacity: 1G
 Pre-touch: Disabled
 Parallel Workers: 8
 Concurrent Workers: 2
 Concurrent Refinement Workers: 8
 Periodic GC: Disabled

Heap:
 garbage-first heap   total 126976K, used 45970K [0x00000000c0000000, 0x0000000100000000)
  region size 1024K, 1 young (1024K), 0 survivors (0K)
 Metaspace       used 64119K, committed 64640K, reserved 1114112K
  class space    used 7997K, committed 8256K, reserved 1048576K

Heap Regions: E=young(eden), S=young(survivor), O=old, HS=humongous(starts), HC=humongous(continues), CS=collection set, F=free, OA=open archive, CA=closed archive, TAMS=top-at-mark-start (previous, next)
|   0|0x00000000c0000000, 0x00000000c0100000, 0x00000000c0100000|100%|HS|  |TAMS 0x00000000c0100000, 0x00000000c0000000| Untracked 
|   1|0x00000000c0100000, 0x00000000c0200000, 0x00000000c0200000|100%|HC|  |TAMS 0x00000000c0200000, 0x00000000c0100000| Untracked 
|   2|0x00000000c0200000, 0x00000000c0300000, 0x00000000c0300000|100%|HC|  |TAMS 0x00000000c0300000, 0x00000000c0200000| Untracked 
|   3|0x00000000c0300000, 0x00000000c0400000, 0x00000000c0400000|100%|HC|  |TAMS 0x00000000c0400000, 0x00000000c0300000| Untracked 
|   4|0x00000000c0400000, 0x00000000c0500000, 0x00000000c0500000|100%|HS|  |TAMS 0x00000000c0500000, 0x00000000c0400000| Untracked 
|   5|0x00000000c0500000, 0x00000000c0600000, 0x00000000c0600000|100%|HC|  |TAMS 0x00000000c0600000, 0x00000000c0500000| Untracked 
|   6|0x00000000c0600000, 0x00000000c06fffe8, 0x00000000c0700000| 99%| O|  |TAMS 0x00000000c06fffe8, 0x00000000c0600000| Untracked 
|   7|0x00000000c0700000, 0x00000000c0800000, 0x00000000c0800000|100%| O|  |TAMS 0x00000000c0800000, 0x00000000c0700000| Untracked 
|   8|0x00000000c0800000, 0x00000000c0900000, 0x00000000c0900000|100%| O|  |TAMS 0x00000000c0900000, 0x00000000c0800000| Untracked 
|   9|0x00000000c0900000, 0x00000000c09ffff0, 0x00000000c0a00000| 99%| O|  |TAMS 0x00000000c09ffff0, 0x00000000c0900000| Untracked 
|  10|0x00000000c0a00000, 0x00000000c0affff0, 0x00000000c0b00000| 99%| O|  |TAMS 0x00000000c0affff0, 0x00000000c0a00000| Untracked 
|  11|0x00000000c0b00000, 0x00000000c0c00000, 0x00000000c0c00000|100%| O|  |TAMS 0x00000000c0c00000, 0x00000000c0b00000| Untracked 
|  12|0x00000000c0c00000, 0x00000000c0d00000, 0x00000000c0d00000|100%| O|  |TAMS 0x00000000c0d00000, 0x00000000c0c00000| Untracked 
|  13|0x00000000c0d00000, 0x00000000c0dfffe0, 0x00000000c0e00000| 99%| O|  |TAMS 0x00000000c0dfffe0, 0x00000000c0d00000| Untracked 
|  14|0x00000000c0e00000, 0x00000000c0f00000, 0x00000000c0f00000|100%| O|  |TAMS 0x00000000c0f00000, 0x00000000c0e00000| Untracked 
|  15|0x00000000c0f00000, 0x00000000c0ffffe8, 0x00000000c1000000| 99%| O|  |TAMS 0x00000000c0ffffe8, 0x00000000c0f00000| Untracked 
|  16|0x00000000c1000000, 0x00000000c1100000, 0x00000000c1100000|100%| O|  |TAMS 0x00000000c1100000, 0x00000000c1000000| Untracked 
|  17|0x00000000c1100000, 0x00000000c11ffff8, 0x00000000c1200000| 99%| O|  |TAMS 0x00000000c11ffff8, 0x00000000c1100000| Untracked 
|  18|0x00000000c1200000, 0x00000000c12fffb0, 0x00000000c1300000| 99%| O|  |TAMS 0x00000000c12fffb0, 0x00000000c1200000| Untracked 
|  19|0x00000000c1300000, 0x00000000c13fff18, 0x00000000c1400000| 99%| O|  |TAMS 0x00000000c13fff18, 0x00000000c1300000| Untracked 
|  20|0x00000000c1400000, 0x00000000c14fffc8, 0x00000000c1500000| 99%| O|  |TAMS 0x00000000c14fffc8, 0x00000000c1400000| Untracked 
|  21|0x00000000c1500000, 0x00000000c15fffc0, 0x00000000c1600000| 99%| O|  |TAMS 0x00000000c15fffc0, 0x00000000c1500000| Untracked 
|  22|0x00000000c1600000, 0x00000000c16ffff8, 0x00000000c1700000| 99%| O|  |TAMS 0x00000000c16ffff8, 0x00000000c1600000| Untracked 
|  23|0x00000000c1700000, 0x00000000c1800000, 0x00000000c1800000|100%| O|  |TAMS 0x00000000c1800000, 0x00000000c1700000| Untracked 
|  24|0x00000000c1800000, 0x00000000c18ffff8, 0x00000000c1900000| 99%| O|  |TAMS 0x00000000c18ffff8, 0x00000000c1800000| Untracked 
|  25|0x00000000c1900000, 0x00000000c19ffff0, 0x00000000c1a00000| 99%| O|  |TAMS 0x00000000c19ffff0, 0x00000000c1900000| Untracked 
|  26|0x00000000c1a00000, 0x00000000c1affff0, 0x00000000c1b00000| 99%| O|  |TAMS 0x00000000c1affff0, 0x00000000c1a00000| Untracked 
|  27|0x00000000c1b00000, 0x00000000c1c00000, 0x00000000c1c00000|100%| O|  |TAMS 0x00000000c1c00000, 0x00000000c1b00000| Untracked 
|  28|0x00000000c1c00000, 0x00000000c1d00000, 0x00000000c1d00000|100%| O|  |TAMS 0x00000000c1d00000, 0x00000000c1c00000| Untracked 
|  29|0x00000000c1d00000, 0x00000000c1e00000, 0x00000000c1e00000|100%| O|  |TAMS 0x00000000c1e00000, 0x00000000c1d00000| Untracked 
|  30|0x00000000c1e00000, 0x00000000c1effff8, 0x00000000c1f00000| 99%| O|  |TAMS 0x00000000c1effff8, 0x00000000c1e00000| Untracked 
|  31|0x00000000c1f00000, 0x00000000c1ffffd0, 0x00000000c2000000| 99%| O|  |TAMS 0x00000000c1ffffd0, 0x00000000c1f00000| Untracked 
|  32|0x00000000c2000000, 0x00000000c20ffff0, 0x00000000c2100000| 99%| O|  |TAMS 0x00000000c20ffff0, 0x00000000c2000000| Untracked 
|  33|0x00000000c2100000, 0x00000000c21fffd0, 0x00000000c2200000| 99%| O|  |TAMS 0x00000000c21fffd0, 0x00000000c2100000| Untracked 
|  34|0x00000000c2200000, 0x00000000c22fffd8, 0x00000000c2300000| 99%| O|  |TAMS 0x00000000c22fffd8, 0x00000000c2200000| Untracked 
|  35|0x00000000c2300000, 0x00000000c2400000, 0x00000000c2400000|100%| O|  |TAMS 0x00000000c2400000, 0x00000000c2300000| Untracked 
|  36|0x00000000c2400000, 0x00000000c24f8880, 0x00000000c2500000| 97%| O|  |TAMS 0x00000000c24f8880, 0x00000000c2400000| Untracked 
|  37|0x00000000c2500000, 0x00000000c2600000, 0x00000000c2600000|100%|HS|  |TAMS 0x00000000c2600000, 0x00000000c2500000| Untracked 
|  38|0x00000000c2600000, 0x00000000c26fcba8, 0x00000000c2700000| 98%| O|  |TAMS 0x00000000c26fcba8, 0x00000000c2600000| Untracked 
|  39|0x00000000c2700000, 0x00000000c27ff7d8, 0x00000000c2800000| 99%| O|  |TAMS 0x00000000c27ff7d8, 0x00000000c2700000| Untracked 
|  40|0x00000000c2800000, 0x00000000c28fd580, 0x00000000c2900000| 98%| O|  |TAMS 0x00000000c28fd580, 0x00000000c2800000| Untracked 
|  41|0x00000000c2900000, 0x00000000c2a00000, 0x00000000c2a00000|100%| O|  |TAMS 0x00000000c2a00000, 0x00000000c2900000| Untracked 
|  42|0x00000000c2a00000, 0x00000000c2afff58, 0x00000000c2b00000| 99%| O|  |TAMS 0x00000000c2afff58, 0x00000000c2a00000| Untracked 
|  43|0x00000000c2b00000, 0x00000000c2bf29d8, 0x00000000c2c00000| 94%| O|  |TAMS 0x00000000c2b00000, 0x00000000c2b00000| Untracked 
|  44|0x00000000c2c00000, 0x00000000c2c00068, 0x00000000c2d00000|  0%| O|  |TAMS 0x00000000c2c00000, 0x00000000c2c00000| Untracked 
|  45|0x00000000c2d00000, 0x00000000c2e00000, 0x00000000c2e00000|100%| O|  |TAMS 0x00000000c2e00000, 0x00000000c2d00000| Untracked 
|  46|0x00000000c2e00000, 0x00000000c2e00000, 0x00000000c2f00000|  0%| F|  |TAMS 0x00000000c2e00000, 0x00000000c2e00000| Untracked 
|  47|0x00000000c2f00000, 0x00000000c2f00000, 0x00000000c3000000|  0%| F|  |TAMS 0x00000000c2f00000, 0x00000000c2f00000| Untracked 
|  48|0x00000000c3000000, 0x00000000c3000000, 0x00000000c3100000|  0%| F|  |TAMS 0x00000000c3000000, 0x00000000c3000000| Untracked 
|  49|0x00000000c3100000, 0x00000000c3100000, 0x00000000c3200000|  0%| F|  |TAMS 0x00000000c3100000, 0x00000000c3100000| Untracked 
|  50|0x00000000c3200000, 0x00000000c3200000, 0x00000000c3300000|  0%| F|  |TAMS 0x00000000c3200000, 0x00000000c3200000| Untracked 
|  51|0x00000000c3300000, 0x00000000c3300000, 0x00000000c3400000|  0%| F|  |TAMS 0x00000000c3300000, 0x00000000c3300000| Untracked 
|  52|0x00000000c3400000, 0x00000000c3400000, 0x00000000c3500000|  0%| F|  |TAMS 0x00000000c3400000, 0x00000000c3400000| Untracked 
|  53|0x00000000c3500000, 0x00000000c3500000, 0x00000000c3600000|  0%| F|  |TAMS 0x00000000c3500000, 0x00000000c3500000| Untracked 
|  54|0x00000000c3600000, 0x00000000c3600000, 0x00000000c3700000|  0%| F|  |TAMS 0x00000000c3600000, 0x00000000c3600000| Untracked 
|  55|0x00000000c3700000, 0x00000000c3700000, 0x00000000c3800000|  0%| F|  |TAMS 0x00000000c3700000, 0x00000000c3700000| Untracked 
|  56|0x00000000c3800000, 0x00000000c3800000, 0x00000000c3900000|  0%| F|  |TAMS 0x00000000c3800000, 0x00000000c3800000| Untracked 
|  57|0x00000000c3900000, 0x00000000c3900000, 0x00000000c3a00000|  0%| F|  |TAMS 0x00000000c3900000, 0x00000000c3900000| Untracked 
|  58|0x00000000c3a00000, 0x00000000c3a00000, 0x00000000c3b00000|  0%| F|  |TAMS 0x00000000c3a00000, 0x00000000c3a00000| Untracked 
|  59|0x00000000c3b00000, 0x00000000c3b00000, 0x00000000c3c00000|  0%| F|  |TAMS 0x00000000c3b00000, 0x00000000c3b00000| Untracked 
|  60|0x00000000c3c00000, 0x00000000c3c00000, 0x00000000c3d00000|  0%| F|  |TAMS 0x00000000c3c00000, 0x00000000c3c00000| Untracked 
|  61|0x00000000c3d00000, 0x00000000c3d00000, 0x00000000c3e00000|  0%| F|  |TAMS 0x00000000c3d00000, 0x00000000c3d00000| Untracked 
|  62|0x00000000c3e00000, 0x00000000c3e00000, 0x00000000c3f00000|  0%| F|  |TAMS 0x00000000c3e00000, 0x00000000c3e00000| Untracked 
|  63|0x00000000c3f00000, 0x00000000c3f00000, 0x00000000c4000000|  0%| F|  |TAMS 0x00000000c3f00000, 0x00000000c3f00000| Untracked 
|  64|0x00000000c4000000, 0x00000000c4000000, 0x00000000c4100000|  0%| F|  |TAMS 0x00000000c4000000, 0x00000000c4000000| Untracked 
|  65|0x00000000c4100000, 0x00000000c4100000, 0x00000000c4200000|  0%| F|  |TAMS 0x00000000c4100000, 0x00000000c4100000| Untracked 
|  66|0x00000000c4200000, 0x00000000c4200000, 0x00000000c4300000|  0%| F|  |TAMS 0x00000000c4200000, 0x00000000c4200000| Untracked 
|  67|0x00000000c4300000, 0x00000000c4300000, 0x00000000c4400000|  0%| F|  |TAMS 0x00000000c4300000, 0x00000000c4300000| Untracked 
|  68|0x00000000c4400000, 0x00000000c4400000, 0x00000000c4500000|  0%| F|  |TAMS 0x00000000c4400000, 0x00000000c4400000| Untracked 
|  69|0x00000000c4500000, 0x00000000c4500000, 0x00000000c4600000|  0%| F|  |TAMS 0x00000000c4500000, 0x00000000c4500000| Untracked 
|  70|0x00000000c4600000, 0x00000000c4600000, 0x00000000c4700000|  0%| F|  |TAMS 0x00000000c4600000, 0x00000000c4600000| Untracked 
|  71|0x00000000c4700000, 0x00000000c4700000, 0x00000000c4800000|  0%| F|  |TAMS 0x00000000c4700000, 0x00000000c4700000| Untracked 
|  72|0x00000000c4800000, 0x00000000c4800000, 0x00000000c4900000|  0%| F|  |TAMS 0x00000000c4800000, 0x00000000c4800000| Untracked 
|  73|0x00000000c4900000, 0x00000000c4900000, 0x00000000c4a00000|  0%| F|  |TAMS 0x00000000c4900000, 0x00000000c4900000| Untracked 
|  74|0x00000000c4a00000, 0x00000000c4a00000, 0x00000000c4b00000|  0%| F|  |TAMS 0x00000000c4a00000, 0x00000000c4a00000| Untracked 
|  75|0x00000000c4b00000, 0x00000000c4b00000, 0x00000000c4c00000|  0%| F|  |TAMS 0x00000000c4b00000, 0x00000000c4b00000| Untracked 
|  76|0x00000000c4c00000, 0x00000000c4c00000, 0x00000000c4d00000|  0%| F|  |TAMS 0x00000000c4c00000, 0x00000000c4c00000| Untracked 
|  77|0x00000000c4d00000, 0x00000000c4d00000, 0x00000000c4e00000|  0%| F|  |TAMS 0x00000000c4d00000, 0x00000000c4d00000| Untracked 
|  78|0x00000000c4e00000, 0x00000000c4e00000, 0x00000000c4f00000|  0%| F|  |TAMS 0x00000000c4e00000, 0x00000000c4e00000| Untracked 
|  79|0x00000000c4f00000, 0x00000000c4f00000, 0x00000000c5000000|  0%| F|  |TAMS 0x00000000c4f00000, 0x00000000c4f00000| Untracked 
|  80|0x00000000c5000000, 0x00000000c5000000, 0x00000000c5100000|  0%| F|  |TAMS 0x00000000c5000000, 0x00000000c5000000| Untracked 
|  81|0x00000000c5100000, 0x00000000c5100000, 0x00000000c5200000|  0%| F|  |TAMS 0x00000000c5100000, 0x00000000c5100000| Untracked 
|  82|0x00000000c5200000, 0x00000000c5200000, 0x00000000c5300000|  0%| F|  |TAMS 0x00000000c5200000, 0x00000000c5200000| Untracked 
|  83|0x00000000c5300000, 0x00000000c5300000, 0x00000000c5400000|  0%| F|  |TAMS 0x00000000c5300000, 0x00000000c5300000| Untracked 
|  84|0x00000000c5400000, 0x00000000c5400000, 0x00000000c5500000|  0%| F|  |TAMS 0x00000000c5400000, 0x00000000c5400000| Untracked 
|  85|0x00000000c5500000, 0x00000000c5500000, 0x00000000c5600000|  0%| F|  |TAMS 0x00000000c5500000, 0x00000000c5500000| Untracked 
|  86|0x00000000c5600000, 0x00000000c5600000, 0x00000000c5700000|  0%| F|  |TAMS 0x00000000c5600000, 0x00000000c5600000| Untracked 
|  87|0x00000000c5700000, 0x00000000c5700000, 0x00000000c5800000|  0%| F|  |TAMS 0x00000000c5700000, 0x00000000c5700000| Untracked 
|  88|0x00000000c5800000, 0x00000000c5800000, 0x00000000c5900000|  0%| F|  |TAMS 0x00000000c5800000, 0x00000000c5800000| Untracked 
|  89|0x00000000c5900000, 0x00000000c5900000, 0x00000000c5a00000|  0%| F|  |TAMS 0x00000000c5900000, 0x00000000c5900000| Untracked 
|  90|0x00000000c5a00000, 0x00000000c5a00000, 0x00000000c5b00000|  0%| F|  |TAMS 0x00000000c5a00000, 0x00000000c5a00000| Untracked 
|  91|0x00000000c5b00000, 0x00000000c5b00000, 0x00000000c5c00000|  0%| F|  |TAMS 0x00000000c5b00000, 0x00000000c5b00000| Untracked 
|  92|0x00000000c5c00000, 0x00000000c5c00000, 0x00000000c5d00000|  0%| F|  |TAMS 0x00000000c5c00000, 0x00000000c5c00000| Untracked 
|  93|0x00000000c5d00000, 0x00000000c5d00000, 0x00000000c5e00000|  0%| F|  |TAMS 0x00000000c5d00000, 0x00000000c5d00000| Untracked 
|  94|0x00000000c5e00000, 0x00000000c5e00000, 0x00000000c5f00000|  0%| F|  |TAMS 0x00000000c5e00000, 0x00000000c5e00000| Untracked 
|  95|0x00000000c5f00000, 0x00000000c5f00000, 0x00000000c6000000|  0%| F|  |TAMS 0x00000000c5f00000, 0x00000000c5f00000| Untracked 
|  96|0x00000000c6000000, 0x00000000c6000000, 0x00000000c6100000|  0%| F|  |TAMS 0x00000000c6000000, 0x00000000c6000000| Untracked 
|  97|0x00000000c6100000, 0x00000000c6100000, 0x00000000c6200000|  0%| F|  |TAMS 0x00000000c6100000, 0x00000000c6100000| Untracked 
|  98|0x00000000c6200000, 0x00000000c6200000, 0x00000000c6300000|  0%| F|  |TAMS 0x00000000c6200000, 0x00000000c6200000| Untracked 
|  99|0x00000000c6300000, 0x00000000c6300000, 0x00000000c6400000|  0%| F|  |TAMS 0x00000000c6300000, 0x00000000c6300000| Untracked 
| 100|0x00000000c6400000, 0x00000000c6400000, 0x00000000c6500000|  0%| F|  |TAMS 0x00000000c6400000, 0x00000000c6400000| Untracked 
| 101|0x00000000c6500000, 0x00000000c6500000, 0x00000000c6600000|  0%| F|  |TAMS 0x00000000c6500000, 0x00000000c6500000| Untracked 
| 102|0x00000000c6600000, 0x00000000c6600000, 0x00000000c6700000|  0%| F|  |TAMS 0x00000000c6600000, 0x00000000c6600000| Untracked 
| 103|0x00000000c6700000, 0x00000000c6700000, 0x00000000c6800000|  0%| F|  |TAMS 0x00000000c6700000, 0x00000000c6700000| Untracked 
| 104|0x00000000c6800000, 0x00000000c6800000, 0x00000000c6900000|  0%| F|  |TAMS 0x00000000c6800000, 0x00000000c6800000| Untracked 
| 105|0x00000000c6900000, 0x00000000c6900000, 0x00000000c6a00000|  0%| F|  |TAMS 0x00000000c6900000, 0x00000000c6900000| Untracked 
| 106|0x00000000c6a00000, 0x00000000c6a00000, 0x00000000c6b00000|  0%| F|  |TAMS 0x00000000c6a00000, 0x00000000c6a00000| Untracked 
| 107|0x00000000c6b00000, 0x00000000c6b00000, 0x00000000c6c00000|  0%| F|  |TAMS 0x00000000c6b00000, 0x00000000c6b00000| Untracked 
| 108|0x00000000c6c00000, 0x00000000c6c00000, 0x00000000c6d00000|  0%| F|  |TAMS 0x00000000c6c00000, 0x00000000c6c00000| Untracked 
| 109|0x00000000c6d00000, 0x00000000c6d00000, 0x00000000c6e00000|  0%| F|  |TAMS 0x00000000c6d00000, 0x00000000c6d00000| Untracked 
| 110|0x00000000c6e00000, 0x00000000c6e00000, 0x00000000c6f00000|  0%| F|  |TAMS 0x00000000c6e00000, 0x00000000c6e00000| Untracked 
| 111|0x00000000c6f00000, 0x00000000c6f00000, 0x00000000c7000000|  0%| F|  |TAMS 0x00000000c6f00000, 0x00000000c6f00000| Untracked 
| 112|0x00000000c7000000, 0x00000000c7000000, 0x00000000c7100000|  0%| F|  |TAMS 0x00000000c7000000, 0x00000000c7000000| Untracked 
| 113|0x00000000c7100000, 0x00000000c7100000, 0x00000000c7200000|  0%| F|  |TAMS 0x00000000c7100000, 0x00000000c7100000| Untracked 
| 114|0x00000000c7200000, 0x00000000c7200000, 0x00000000c7300000|  0%| F|  |TAMS 0x00000000c7200000, 0x00000000c7200000| Untracked 
| 115|0x00000000c7300000, 0x00000000c7300000, 0x00000000c7400000|  0%| F|  |TAMS 0x00000000c7300000, 0x00000000c7300000| Untracked 
| 116|0x00000000c7400000, 0x00000000c7400000, 0x00000000c7500000|  0%| F|  |TAMS 0x00000000c7400000, 0x00000000c7400000| Untracked 
| 117|0x00000000c7500000, 0x00000000c7500000, 0x00000000c7600000|  0%| F|  |TAMS 0x00000000c7500000, 0x00000000c7500000| Untracked 
| 118|0x00000000c7600000, 0x00000000c7600000, 0x00000000c7700000|  0%| F|  |TAMS 0x00000000c7600000, 0x00000000c7600000| Untracked 
| 119|0x00000000c7700000, 0x00000000c7700000, 0x00000000c7800000|  0%| F|  |TAMS 0x00000000c7700000, 0x00000000c7700000| Untracked 
| 120|0x00000000c7800000, 0x00000000c7800000, 0x00000000c7900000|  0%| F|  |TAMS 0x00000000c7800000, 0x00000000c7800000| Untracked 
| 121|0x00000000c7900000, 0x00000000c7900000, 0x00000000c7a00000|  0%| F|  |TAMS 0x00000000c7900000, 0x00000000c7900000| Untracked 
| 122|0x00000000c7a00000, 0x00000000c7a00000, 0x00000000c7b00000|  0%| F|  |TAMS 0x00000000c7a00000, 0x00000000c7a00000| Untracked 
| 123|0x00000000c7b00000, 0x00000000c7b059c8, 0x00000000c7c00000|  2%| E|  |TAMS 0x00000000c7b00000, 0x00000000c7b00000| Complete 

Card table byte_map: [0x000001878ac70000,0x000001878ae70000] _byte_map_base: 0x000001878a670000

Marking Bits (Prev, Next): (CMBitMap*) 0x0000018784203bc0, (CMBitMap*) 0x0000018784203c00
 Prev Bits: [0x000001878b070000, 0x000001878c070000)
 Next Bits: [0x000001878c070000, 0x000001878d070000)

Polling page: 0x0000018782940000

Metaspace:

Usage:
  Non-class:     54.81 MB used.
      Class:      7.81 MB used.
       Both:     62.62 MB used.

Virtual space:
  Non-class space:       64.00 MB reserved,      55.06 MB ( 86%) committed,  1 nodes.
      Class space:        1.00 GB reserved,       8.06 MB ( <1%) committed,  1 nodes.
             Both:        1.06 GB reserved,      63.12 MB (  6%) committed. 

Chunk freelists:
   Non-Class:  8.42 MB
       Class:  7.86 MB
        Both:  16.28 MB

MaxMetaspaceSize: unlimited
CompressedClassSpaceSize: 1.00 GB
Initial GC threshold: 21.00 MB
Current GC threshold: 105.25 MB
CDS: off
MetaspaceReclaimPolicy: balanced
 - commit_granule_bytes: 65536.
 - commit_granule_words: 8192.
 - virtual_space_node_default_size: 8388608.
 - enlarge_chunks_in_place: 1.
 - new_chunks_are_fully_committed: 0.
 - uncommit_free_chunks: 1.
 - use_allocation_guard: 0.
 - handle_deallocations: 1.


Internal statistics:

num_allocs_failed_limit: 6.
num_arena_births: 840.
num_arena_deaths: 320.
num_vsnodes_births: 2.
num_vsnodes_deaths: 0.
num_space_committed: 1009.
num_space_uncommitted: 0.
num_chunks_returned_to_freelist: 399.
num_chunks_taken_from_freelist: 3018.
num_chunk_merges: 115.
num_chunk_splits: 1963.
num_chunks_enlarged: 1482.
num_inconsistent_stats: 0.

CodeCache: size=49152Kb used=19189Kb max_used=20306Kb free=29962Kb
 bounds [0x0000018787190000, 0x00000187885e0000, 0x000001878a190000]
 total_blobs=10743 nmethods=10054 adapters=614
 compilation: enabled
              stopped_count=0, restarted_count=0
 full_count=0

Compilation events (20 events):
Event: 167401.544 Thread 0x000001878fb3c040 nmethod 10130 0x000001878849b010 code [0x000001878849b1a0, 0x000001878849b378]
Event: 167401.544 Thread 0x0000018794754260 nmethod 10131 0x000001878849ab90 code [0x000001878849ad20, 0x000001878849af58]
Event: 167401.544 Thread 0x000001878fb3c040 10132       1       org.springframework.ide.vscode.boot.java.reconcilers.UnnecessarySpringExtensionReconciler$1::<init> (20 bytes)
Event: 167401.544 Thread 0x0000018794753d40 10120       1       org.eclipse.lsp4j.CodeActionResolveSupportCapabilities::getProperties (5 bytes)
Event: 167401.544 Thread 0x0000018794754260 10133       1       org.eclipse.jdt.core.dom.ASTVisitor::visit (2 bytes)
Event: 167401.544 Thread 0x0000018794754260 nmethod 10133 0x000001878849a890 code [0x000001878849aa20, 0x000001878849aaf8]
Event: 167401.544 Thread 0x000001878fb3c040 nmethod 10132 0x000001878849a490 code [0x000001878849a620, 0x000001878849a7f8]
Event: 167401.544 Thread 0x0000018794753d40 nmethod 10120 0x000001878849a190 code [0x000001878849a320, 0x000001878849a3f8]
Event: 167404.375 Thread 0x0000018794753d40 10134       1       java.math.BigInteger::toByteArray (78 bytes)
Event: 167404.376 Thread 0x0000018794753d40 nmethod 10134 0x0000018788499c10 code [0x0000018788499dc0, 0x000001878849a038]
Event: 167406.011 Thread 0x0000018794753d40 10135       1       org.eclipse.jdt.internal.compiler.impl.IrritantSet::<init> (17 bytes)
Event: 167406.011 Thread 0x0000018794753d40 nmethod 10135 0x0000018788499610 code [0x00000187884997c0, 0x0000018788499b08]
Event: 167406.024 Thread 0x0000018794753d40 10136       1       org.eclipse.jdt.internal.compiler.flow.UnconditionalFlowInfo::unconditionalFieldLessCopy (318 bytes)
Event: 167406.025 Thread 0x0000018794753d40 nmethod 10136 0x0000018788498710 code [0x0000018788498920, 0x0000018788499158]
Event: 167406.025 Thread 0x0000018794753d40 10137       1       org.eclipse.jdt.internal.compiler.codegen.CodeStream::aload_3 (97 bytes)
Event: 167406.026 Thread 0x0000018794753d40 nmethod 10137 0x0000018788498290 code [0x0000018788498440, 0x00000187884985f8]
Event: 167406.034 Thread 0x000001878fb3c040 10139       1       org.springframework.ide.vscode.boot.java.reconcilers.ImplicitWebAnnotationNamesReconciler$1::<init> (26 bytes)
Event: 167406.034 Thread 0x0000018794753d40 10138       1       org.springframework.ide.vscode.boot.java.reconcilers.ImplicitWebAnnotationNamesReconciler::createVisitor (13 bytes)
Event: 167406.034 Thread 0x000001878fb3c040 nmethod 10139 0x0000018788497e10 code [0x0000018788497fa0, 0x00000187884981d8]
Event: 167406.034 Thread 0x0000018794753d40 nmethod 10138 0x0000018788497910 code [0x0000018788497aa0, 0x0000018788497d38]

GC Heap History (20 events):
Event: 168852.504 GC heap after
{Heap after GC invocations=16325 (full 16283):
 garbage-first heap   total 126976K, used 45970K [0x00000000c0000000, 0x0000000100000000)
  region size 1024K, 0 young (0K), 0 survivors (0K)
 Metaspace       used 64119K, committed 64640K, reserved 1114112K
  class space    used 7997K, committed 8256K, reserved 1048576K
}
Event: 168862.783 GC heap before
{Heap before GC invocations=16325 (full 16283):
 garbage-first heap   total 126976K, used 45970K [0x00000000c0000000, 0x0000000100000000)
  region size 1024K, 1 young (1024K), 0 survivors (0K)
 Metaspace       used 64119K, committed 64640K, reserved 1114112K
  class space    used 7997K, committed 8256K, reserved 1048576K
}
Event: 168862.827 GC heap after
{Heap after GC invocations=16326 (full 16284):
 garbage-first heap   total 126976K, used 45970K [0x00000000c0000000, 0x0000000100000000)
  region size 1024K, 0 young (0K), 0 survivors (0K)
 Metaspace       used 64119K, committed 64640K, reserved 1114112K
  class space    used 7997K, committed 8256K, reserved 1048576K
}
Event: 168873.067 GC heap before
{Heap before GC invocations=16326 (full 16284):
 garbage-first heap   total 126976K, used 45970K [0x00000000c0000000, 0x0000000100000000)
  region size 1024K, 1 young (1024K), 0 survivors (0K)
 Metaspace       used 64119K, committed 64640K, reserved 1114112K
  class space    used 7997K, committed 8256K, reserved 1048576K
}
Event: 168873.136 GC heap after
{Heap after GC invocations=16327 (full 16285):
 garbage-first heap   total 126976K, used 45970K [0x00000000c0000000, 0x0000000100000000)
  region size 1024K, 0 young (0K), 0 survivors (0K)
 Metaspace       used 64119K, committed 64640K, reserved 1114112K
  class space    used 7997K, committed 8256K, reserved 1048576K
}
Event: 168883.432 GC heap before
{Heap before GC invocations=16327 (full 16285):
 garbage-first heap   total 126976K, used 45970K [0x00000000c0000000, 0x0000000100000000)
  region size 1024K, 1 young (1024K), 0 survivors (0K)
 Metaspace       used 64119K, committed 64640K, reserved 1114112K
  class space    used 7997K, committed 8256K, reserved 1048576K
}
Event: 168883.489 GC heap after
{Heap after GC invocations=16328 (full 16286):
 garbage-first heap   total 126976K, used 45970K [0x00000000c0000000, 0x0000000100000000)
  region size 1024K, 0 young (0K), 0 survivors (0K)
 Metaspace       used 64119K, committed 64640K, reserved 1114112K
  class space    used 7997K, committed 8256K, reserved 1048576K
}
Event: 168893.825 GC heap before
{Heap before GC invocations=16328 (full 16286):
 garbage-first heap   total 126976K, used 45970K [0x00000000c0000000, 0x0000000100000000)
  region size 1024K, 1 young (1024K), 0 survivors (0K)
 Metaspace       used 64119K, committed 64640K, reserved 1114112K
  class space    used 7997K, committed 8256K, reserved 1048576K
}
Event: 168893.882 GC heap after
{Heap after GC invocations=16329 (full 16287):
 garbage-first heap   total 126976K, used 45970K [0x00000000c0000000, 0x0000000100000000)
  region size 1024K, 0 young (0K), 0 survivors (0K)
 Metaspace       used 64119K, committed 64640K, reserved 1114112K
  class space    used 7997K, committed 8256K, reserved 1048576K
}
Event: 168904.175 GC heap before
{Heap before GC invocations=16329 (full 16287):
 garbage-first heap   total 126976K, used 45970K [0x00000000c0000000, 0x0000000100000000)
  region size 1024K, 1 young (1024K), 0 survivors (0K)
 Metaspace       used 64119K, committed 64640K, reserved 1114112K
  class space    used 7997K, committed 8256K, reserved 1048576K
}
Event: 168904.219 GC heap after
{Heap after GC invocations=16330 (full 16288):
 garbage-first heap   total 126976K, used 45970K [0x00000000c0000000, 0x0000000100000000)
  region size 1024K, 0 young (0K), 0 survivors (0K)
 Metaspace       used 64119K, committed 64640K, reserved 1114112K
  class space    used 7997K, committed 8256K, reserved 1048576K
}
Event: 168914.480 GC heap before
{Heap before GC invocations=16330 (full 16288):
 garbage-first heap   total 126976K, used 45970K [0x00000000c0000000, 0x0000000100000000)
  region size 1024K, 1 young (1024K), 0 survivors (0K)
 Metaspace       used 64119K, committed 64640K, reserved 1114112K
  class space    used 7997K, committed 8256K, reserved 1048576K
}
Event: 168914.532 GC heap after
{Heap after GC invocations=16331 (full 16289):
 garbage-first heap   total 126976K, used 45970K [0x00000000c0000000, 0x0000000100000000)
  region size 1024K, 0 young (0K), 0 survivors (0K)
 Metaspace       used 64119K, committed 64640K, reserved 1114112K
  class space    used 7997K, committed 8256K, reserved 1048576K
}
Event: 168924.836 GC heap before
{Heap before GC invocations=16331 (full 16289):
 garbage-first heap   total 126976K, used 45970K [0x00000000c0000000, 0x0000000100000000)
  region size 1024K, 1 young (1024K), 0 survivors (0K)
 Metaspace       used 64119K, committed 64640K, reserved 1114112K
  class space    used 7997K, committed 8256K, reserved 1048576K
}
Event: 168924.883 GC heap after
{Heap after GC invocations=16332 (full 16290):
 garbage-first heap   total 126976K, used 45970K [0x00000000c0000000, 0x0000000100000000)
  region size 1024K, 0 young (0K), 0 survivors (0K)
 Metaspace       used 64119K, committed 64640K, reserved 1114112K
  class space    used 7997K, committed 8256K, reserved 1048576K
}
Event: 168935.431 GC heap before
{Heap before GC invocations=16332 (full 16290):
 garbage-first heap   total 126976K, used 45970K [0x00000000c0000000, 0x0000000100000000)
  region size 1024K, 1 young (1024K), 0 survivors (0K)
 Metaspace       used 64119K, committed 64640K, reserved 1114112K
  class space    used 7997K, committed 8256K, reserved 1048576K
}
Event: 168935.515 GC heap after
{Heap after GC invocations=16333 (full 16291):
 garbage-first heap   total 126976K, used 45970K [0x00000000c0000000, 0x0000000100000000)
  region size 1024K, 0 young (0K), 0 survivors (0K)
 Metaspace       used 64119K, committed 64640K, reserved 1114112K
  class space    used 7997K, committed 8256K, reserved 1048576K
}
Event: 168946.381 GC heap before
{Heap before GC invocations=16333 (full 16291):
 garbage-first heap   total 126976K, used 45970K [0x00000000c0000000, 0x0000000100000000)
  region size 1024K, 1 young (1024K), 0 survivors (0K)
 Metaspace       used 64119K, committed 64640K, reserved 1114112K
  class space    used 7997K, committed 8256K, reserved 1048576K
}
Event: 168946.489 GC heap after
{Heap after GC invocations=16334 (full 16292):
 garbage-first heap   total 126976K, used 45970K [0x00000000c0000000, 0x0000000100000000)
  region size 1024K, 0 young (0K), 0 survivors (0K)
 Metaspace       used 64119K, committed 64640K, reserved 1114112K
  class space    used 7997K, committed 8256K, reserved 1048576K
}
Event: 168956.549 GC heap before
{Heap before GC invocations=16334 (full 16292):
 garbage-first heap   total 126976K, used 45970K [0x00000000c0000000, 0x0000000100000000)
  region size 1024K, 1 young (1024K), 0 survivors (0K)
 Metaspace       used 64119K, committed 64640K, reserved 1114112K
  class space    used 7997K, committed 8256K, reserved 1048576K
}

Dll operation events (10 events):
Event: 0.022 Loaded shared library c:\Users\liwenyue\.vscode\extensions\redhat.java-1.34.0-win32-x64\jre\17.0.12-win32-x86_64\bin\java.dll
Event: 0.622 Loaded shared library C:\Users\liwenyue\.vscode\extensions\redhat.java-1.34.0-win32-x64\jre\17.0.12-win32-x86_64\bin\net.dll
Event: 0.632 Loaded shared library C:\Users\liwenyue\.vscode\extensions\redhat.java-1.34.0-win32-x64\jre\17.0.12-win32-x86_64\bin\nio.dll
Event: 0.654 Loaded shared library C:\Users\liwenyue\.vscode\extensions\redhat.java-1.34.0-win32-x64\jre\17.0.12-win32-x86_64\bin\zip.dll
Event: 1.147 Loaded shared library C:\Users\liwenyue\.vscode\extensions\redhat.java-1.34.0-win32-x64\jre\17.0.12-win32-x86_64\bin\jimage.dll
Event: 3.972 Loaded shared library c:\Users\liwenyue\.vscode\extensions\redhat.java-1.34.0-win32-x64\jre\17.0.12-win32-x86_64\bin\verify.dll
Event: 6.763 Loaded shared library C:\Users\liwenyue\.vscode\extensions\redhat.java-1.34.0-win32-x64\jre\17.0.12-win32-x86_64\bin\management.dll
Event: 6.767 Loaded shared library C:\Users\liwenyue\.vscode\extensions\redhat.java-1.34.0-win32-x64\jre\17.0.12-win32-x86_64\bin\management_ext.dll
Event: 8.062 Loaded shared library C:\Users\liwenyue\.vscode\extensions\redhat.java-1.34.0-win32-x64\jre\17.0.12-win32-x86_64\bin\sunmscapi.dll
Event: 8.750 Loaded shared library C:\Users\liwenyue\.vscode\extensions\redhat.java-1.34.0-win32-x64\jre\17.0.12-win32-x86_64\bin\extnet.dll

Deoptimization events (20 events):
Event: 7.076 Thread 0x00000187952fab50 DEOPT PACKING pc=0x0000018787770601 sp=0x0000006fbf4fdc50
Event: 7.077 Thread 0x00000187952fab50 DEOPT UNPACKING pc=0x00000187871eace3 sp=0x0000006fbf4fd0e0 mode 3
Event: 7.124 Thread 0x0000018795572020 DEOPT PACKING pc=0x0000018787753117 sp=0x0000006fbf5ff030
Event: 7.124 Thread 0x0000018795572020 DEOPT UNPACKING pc=0x00000187871eace3 sp=0x0000006fbf5fe488 mode 3
Event: 8.238 Thread 0x0000018795c12d90 DEOPT PACKING pc=0x000001878740cb8c sp=0x0000006fc05faa30
Event: 8.238 Thread 0x0000018795c12d90 DEOPT UNPACKING pc=0x00000187871eace3 sp=0x0000006fc05f9ef8 mode 0
Event: 8.329 Thread 0x00000187956853f0 DEOPT PACKING pc=0x0000018787b3e1f4 sp=0x0000006fbf9feb00
Event: 8.329 Thread 0x00000187956853f0 DEOPT UNPACKING pc=0x00000187871eace3 sp=0x0000006fbf9fe038 mode 0
Event: 9.104 Thread 0x00000187956853f0 DEOPT PACKING pc=0x0000018787d12f8c sp=0x0000006fbf9fe6d0
Event: 9.104 Thread 0x00000187956853f0 DEOPT UNPACKING pc=0x00000187871eace3 sp=0x0000006fbf9fdc50 mode 0
Event: 9.104 Thread 0x00000187956853f0 DEOPT PACKING pc=0x0000018787d12f8c sp=0x0000006fbf9fe930
Event: 9.104 Thread 0x00000187956853f0 DEOPT UNPACKING pc=0x00000187871eace3 sp=0x0000006fbf9fdeb0 mode 0
Event: 9.108 Thread 0x00000187956853f0 DEOPT PACKING pc=0x0000018787d12f8c sp=0x0000006fbf9fedb0
Event: 9.109 Thread 0x00000187956853f0 DEOPT UNPACKING pc=0x00000187871eace3 sp=0x0000006fbf9fe330 mode 0
Event: 2673.963 Thread 0x00000187952fab50 DEOPT PACKING pc=0x00000187878454d4 sp=0x0000006fbf4fef50
Event: 2673.963 Thread 0x00000187952fab50 DEOPT UNPACKING pc=0x00000187871eace3 sp=0x0000006fbf4fe3f8 mode 0
Event: 165732.744 Thread 0x00000187956853f0 DEOPT PACKING pc=0x000001878773df52 sp=0x0000006fbf9fe420
Event: 165732.746 Thread 0x00000187956853f0 DEOPT UNPACKING pc=0x00000187871eace3 sp=0x0000006fbf9fd928 mode 3
Event: 166351.059 Thread 0x0000018795c10510 DEOPT PACKING pc=0x0000018787ed8244 sp=0x0000006fbe4fd8f0
Event: 166351.060 Thread 0x0000018795c10510 DEOPT UNPACKING pc=0x00000187871eace3 sp=0x0000006fbe4fcda0 mode 0

Classes loaded (20 events):
Event: 3704.829 Loading class sun/text/resources/BreakIteratorResources_en
Event: 3704.829 Loading class sun/text/resources/BreakIteratorResources_en done
Event: 3704.829 Loading class sun/text/resources/BreakIteratorResources_en_US
Event: 3704.829 Loading class sun/text/resources/BreakIteratorResources_en_US done
Event: 3704.832 Loading class sun/text/RuleBasedBreakIterator
Event: 3704.835 Loading class sun/text/RuleBasedBreakIterator done
Event: 3704.835 Loading class sun/text/CompactByteArray
Event: 3704.836 Loading class sun/text/CompactByteArray done
Event: 3704.836 Loading class sun/text/SupplementaryCharacterData
Event: 3704.836 Loading class sun/text/SupplementaryCharacterData done
Event: 3704.836 Loading class java/text/BreakIterator$BreakIteratorCache
Event: 3704.836 Loading class java/text/BreakIterator$BreakIteratorCache done
Event: 3704.836 Loading class java/text/StringCharacterIterator
Event: 3704.836 Loading class java/text/CharacterIterator
Event: 3704.836 Loading class java/text/CharacterIterator done
Event: 3704.836 Loading class java/text/StringCharacterIterator done
Event: 3705.222 Loading class java/util/regex/Pattern$1
Event: 3705.222 Loading class java/util/regex/Pattern$1 done
Event: 10100.569 Loading class java/util/logging/LogRecord
Event: 10100.572 Loading class java/util/logging/LogRecord done

Classes unloaded (20 events):
Event: 4188.059 Thread 0x000001878fb08060 Unloading class 0x00000001003a9400 'java/lang/invoke/LambdaForm$MH+0x00000001003a9400'
Event: 4188.059 Thread 0x000001878fb08060 Unloading class 0x00000001003ac400 'java/lang/invoke/LambdaForm$MH+0x00000001003ac400'
Event: 165831.542 Thread 0x000001878fb08060 Unloading class 0x0000000100818000 'java/lang/invoke/LambdaForm$MH+0x0000000100818000'
Event: 165831.543 Thread 0x000001878fb08060 Unloading class 0x0000000100815c00 'java/lang/invoke/LambdaForm$MH+0x0000000100815c00'
Event: 165831.543 Thread 0x000001878fb08060 Unloading class 0x0000000100815800 'java/lang/invoke/LambdaForm$MH+0x0000000100815800'
Event: 165831.543 Thread 0x000001878fb08060 Unloading class 0x0000000100815400 'java/lang/invoke/LambdaForm$MH+0x0000000100815400'
Event: 166458.168 Thread 0x000001878fb08060 Unloading class 0x0000000100820400 'java/lang/invoke/LambdaForm$MH+0x0000000100820400'
Event: 166458.169 Thread 0x000001878fb08060 Unloading class 0x0000000100820000 'java/lang/invoke/LambdaForm$MH+0x0000000100820000'
Event: 166458.169 Thread 0x000001878fb08060 Unloading class 0x000000010081bc00 'java/lang/invoke/LambdaForm$MH+0x000000010081bc00'
Event: 166458.169 Thread 0x000001878fb08060 Unloading class 0x0000000100819800 'java/lang/invoke/LambdaForm$MH+0x0000000100819800'
Event: 166458.169 Thread 0x000001878fb08060 Unloading class 0x0000000100819400 'java/lang/invoke/LambdaForm$MH+0x0000000100819400'
Event: 166458.169 Thread 0x000001878fb08060 Unloading class 0x0000000100815400 'java/lang/invoke/LambdaForm$MH+0x0000000100815400'
Event: 166458.169 Thread 0x000001878fb08060 Unloading class 0x0000000100818000 'java/lang/invoke/LambdaForm$MH+0x0000000100818000'
Event: 166580.863 Thread 0x000001878fb08060 Unloading class 0x0000000100820400 'jdk/internal/reflect/GeneratedMethodAccessor24'
Event: 166580.863 Thread 0x000001878fb08060 Unloading class 0x0000000100820000 'jdk/internal/reflect/GeneratedConstructorAccessor64'
Event: 166580.863 Thread 0x000001878fb08060 Unloading class 0x0000000100818000 'jdk/internal/reflect/GeneratedMethodAccessor23'
Event: 166580.863 Thread 0x000001878fb08060 Unloading class 0x0000000100815400 'jdk/internal/reflect/GeneratedConstructorAccessor63'
Event: 166580.863 Thread 0x000001878fb08060 Unloading class 0x0000000100819400 'jdk/internal/reflect/GeneratedMethodAccessor22'
Event: 166580.863 Thread 0x000001878fb08060 Unloading class 0x0000000100819800 'jdk/internal/reflect/GeneratedMethodAccessor21'
Event: 166580.863 Thread 0x000001878fb08060 Unloading class 0x000000010081bc00 'jdk/internal/reflect/GeneratedMethodAccessor20'

Classes redefined (0 events):
No events

Internal exceptions (20 events):
Event: 165741.682 Thread 0x00000187956844c0 Exception <a 'sun/nio/fs/WindowsException'{0x00000000ca202b48}> (0x00000000ca202b48) 
thrown [s\src\hotspot\share\prims\jni.cpp, line 516]
Event: 165741.682 Thread 0x00000187956844c0 Exception <a 'sun/nio/fs/WindowsException'{0x00000000ca202f28}> (0x00000000ca202f28) 
thrown [s\src\hotspot\share\prims\jni.cpp, line 516]
Event: 165742.462 Thread 0x00000187956853f0 Exception <a 'sun/nio/fs/WindowsException'{0x00000000c7e038e0}> (0x00000000c7e038e0) 
thrown [s\src\hotspot\share\prims\jni.cpp, line 516]
Event: 165742.462 Thread 0x00000187956853f0 Exception <a 'sun/nio/fs/WindowsException'{0x00000000c7e04308}> (0x00000000c7e04308) 
thrown [s\src\hotspot\share\prims\jni.cpp, line 516]
Event: 165742.462 Thread 0x00000187956853f0 Exception <a 'sun/nio/fs/WindowsException'{0x00000000c7e04ce8}> (0x00000000c7e04ce8) 
thrown [s\src\hotspot\share\prims\jni.cpp, line 516]
Event: 165742.462 Thread 0x00000187956853f0 Exception <a 'sun/nio/fs/WindowsException'{0x00000000c7e05710}> (0x00000000c7e05710) 
thrown [s\src\hotspot\share\prims\jni.cpp, line 516]
Event: 165742.462 Thread 0x00000187956853f0 Exception <a 'sun/nio/fs/WindowsException'{0x00000000c7e06150}> (0x00000000c7e06150) 
thrown [s\src\hotspot\share\prims\jni.cpp, line 516]
Event: 165742.463 Thread 0x00000187956853f0 Exception <a 'sun/nio/fs/WindowsException'{0x00000000c7e06c48}> (0x00000000c7e06c48) 
thrown [s\src\hotspot\share\prims\jni.cpp, line 516]
Event: 165742.463 Thread 0x00000187956853f0 Exception <a 'sun/nio/fs/WindowsException'{0x00000000c7e077a8}> (0x00000000c7e077a8) 
thrown [s\src\hotspot\share\prims\jni.cpp, line 516]
Event: 165742.463 Thread 0x00000187956853f0 Exception <a 'sun/nio/fs/WindowsException'{0x00000000c7e08df8}> (0x00000000c7e08df8) 
thrown [s\src\hotspot\share\prims\jni.cpp, line 516]
Event: 165742.463 Thread 0x00000187956853f0 Exception <a 'sun/nio/fs/WindowsException'{0x00000000c7e09820}> (0x00000000c7e09820) 
thrown [s\src\hotspot\share\prims\jni.cpp, line 516]
Event: 165742.463 Thread 0x00000187956853f0 Exception <a 'sun/nio/fs/WindowsException'{0x00000000c7e0a200}> (0x00000000c7e0a200) 
thrown [s\src\hotspot\share\prims\jni.cpp, line 516]
Event: 165742.463 Thread 0x00000187956853f0 Exception <a 'sun/nio/fs/WindowsException'{0x00000000c7e0ac28}> (0x00000000c7e0ac28) 
thrown [s\src\hotspot\share\prims\jni.cpp, line 516]
Event: 165742.463 Thread 0x00000187956853f0 Exception <a 'sun/nio/fs/WindowsException'{0x00000000c7e0b668}> (0x00000000c7e0b668) 
thrown [s\src\hotspot\share\prims\jni.cpp, line 516]
Event: 165742.463 Thread 0x00000187956853f0 Exception <a 'sun/nio/fs/WindowsException'{0x00000000c7e0c160}> (0x00000000c7e0c160) 
thrown [s\src\hotspot\share\prims\jni.cpp, line 516]
Event: 165742.463 Thread 0x00000187956853f0 Exception <a 'sun/nio/fs/WindowsException'{0x00000000c7e0ccc0}> (0x00000000c7e0ccc0) 
thrown [s\src\hotspot\share\prims\jni.cpp, line 516]
Event: 165750.528 Thread 0x0000018795572020 Exception <a 'sun/nio/fs/WindowsException'{0x00000000c74e90c8}> (0x00000000c74e90c8) 
thrown [s\src\hotspot\share\prims\jni.cpp, line 516]
Event: 165750.528 Thread 0x0000018795572020 Exception <a 'sun/nio/fs/WindowsException'{0x00000000c74e9720}> (0x00000000c74e9720) 
thrown [s\src\hotspot\share\prims\jni.cpp, line 516]
Event: 166352.345 Thread 0x0000018795c0e1a0 Exception <a 'java/lang/NoSuchMethodError'{0x00000000c47b25a8}: 'java.lang.Object java.lang.invoke.DirectMethodHandle$Holder.newInvokeSpecial(java.lang.Object, java.lang.Object, int, java.lang.Object)'> (0x00000000c47b25a8) 
thrown [s\src\hotspot\share\interpreter\linkResolver.cpp, line 759]
Event: 166352.347 Thread 0x0000018795c0e1a0 Exception <a 'java/lang/NoSuchMethodError'{0x00000000c47b5ec8}: 'java.lang.Object java.lang.invoke.Invokers$Holder.linkToTargetMethod(java.lang.Object, int, java.lang.Object, java.lang.Object)'> (0x00000000c47b5ec8) 
thrown [s\src\hotspot\share\interpreter\linkResolver.cpp, line 759]

VM Operations (20 events):
Event: 168852.504 Executing VM operation: G1CollectFull done
Event: 168862.783 Executing VM operation: G1CollectFull
Event: 168862.827 Executing VM operation: G1CollectFull done
Event: 168873.067 Executing VM operation: G1CollectFull
Event: 168873.136 Executing VM operation: G1CollectFull done
Event: 168883.432 Executing VM operation: G1CollectFull
Event: 168883.489 Executing VM operation: G1CollectFull done
Event: 168893.825 Executing VM operation: G1CollectFull
Event: 168893.882 Executing VM operation: G1CollectFull done
Event: 168904.175 Executing VM operation: G1CollectFull
Event: 168904.219 Executing VM operation: G1CollectFull done
Event: 168914.480 Executing VM operation: G1CollectFull
Event: 168914.532 Executing VM operation: G1CollectFull done
Event: 168924.836 Executing VM operation: G1CollectFull
Event: 168924.883 Executing VM operation: G1CollectFull done
Event: 168935.431 Executing VM operation: G1CollectFull
Event: 168935.515 Executing VM operation: G1CollectFull done
Event: 168946.381 Executing VM operation: G1CollectFull
Event: 168946.489 Executing VM operation: G1CollectFull done
Event: 168956.549 Executing VM operation: G1CollectFull

Events (20 events):
Event: 166578.273 Thread 0x0000018795c10f30 Thread exited: 0x0000018795c10f30
Event: 166638.275 Thread 0x0000018795c132a0 Thread exited: 0x0000018795c132a0
Event: 166689.779 Thread 0x0000018795c10f30 Thread added: 0x0000018795c10f30
Event: 166698.281 Thread 0x0000018795c12d90 Thread exited: 0x0000018795c12d90
Event: 166749.823 Thread 0x0000018795c10f30 Thread exited: 0x0000018795c10f30
Event: 166758.289 Thread 0x0000018795c12880 Thread exited: 0x0000018795c12880
Event: 167345.452 Thread 0x0000018795c10f30 Thread added: 0x0000018795c10f30
Event: 167345.452 Thread 0x0000018795c12880 Thread added: 0x0000018795c12880
Event: 167345.461 Thread 0x0000018795c11e60 Thread added: 0x0000018795c11e60
Event: 167345.469 Thread 0x0000018795c141d0 Thread added: 0x0000018795c141d0
Event: 167401.542 Thread 0x0000018794753d40 Thread added: 0x0000018794753d40
Event: 167401.543 Thread 0x0000018794754260 Thread added: 0x0000018794754260
Event: 167404.375 Thread 0x0000018794754260 Thread exited: 0x0000018794754260
Event: 167405.568 Thread 0x0000018795c141d0 Thread exited: 0x0000018795c141d0
Event: 167405.584 Thread 0x0000018795c12880 Thread exited: 0x0000018795c12880
Event: 167406.010 Thread 0x0000018795c146e0 Thread added: 0x0000018795c146e0
Event: 167411.040 Thread 0x0000018794753d40 Thread exited: 0x0000018794753d40
Event: 167466.045 Thread 0x0000018795c146e0 Thread exited: 0x0000018795c146e0
Event: 167477.545 Thread 0x0000018795c10f30 Thread exited: 0x0000018795c10f30
Event: 167477.545 Thread 0x0000018795c11e60 Thread exited: 0x0000018795c11e60


Dynamic libraries:
0x00007ff679d10000 - 0x00007ff679d1e000 	c:\Users\liwenyue\.vscode\extensions\redhat.java-1.34.0-win32-x64\jre\17.0.12-win32-x86_64\bin\java.exe
0x00007ff8f2110000 - 0x00007ff8f2305000 	C:\Windows\SYSTEM32\ntdll.dll
0x00007ff8f0970000 - 0x00007ff8f0a2d000 	C:\Windows\System32\KERNEL32.DLL
0x00007ff8ef7a0000 - 0x00007ff8efa67000 	C:\Windows\System32\KERNELBASE.dll
0x00007ff8ef6a0000 - 0x00007ff8ef7a0000 	C:\Windows\System32\ucrtbase.dll
0x00007ff8b7cb0000 - 0x00007ff8b7cc7000 	c:\Users\liwenyue\.vscode\extensions\redhat.java-1.34.0-win32-x64\jre\17.0.12-win32-x86_64\bin\jli.dll
0x00007ff8f1500000 - 0x00007ff8f16a0000 	C:\Windows\System32\USER32.dll
0x00007ff8efa70000 - 0x00007ff8efa92000 	C:\Windows\System32\win32u.dll
0x00007ff8f0420000 - 0x00007ff8f044a000 	C:\Windows\System32\GDI32.dll
0x00007ff8efaa0000 - 0x00007ff8efbaa000 	C:\Windows\System32\gdi32full.dll
0x00007ff8efed0000 - 0x00007ff8eff6d000 	C:\Windows\System32\msvcp_win.dll
0x00007ff8bd330000 - 0x00007ff8bd34b000 	c:\Users\liwenyue\.vscode\extensions\redhat.java-1.34.0-win32-x64\jre\17.0.12-win32-x86_64\bin\VCRUNTIME140.dll
0x00007ff8d8b50000 - 0x00007ff8d8dea000 	C:\Windows\WinSxS\amd64_microsoft.windows.common-controls_6595b64144ccf1df_6.0.19041.1_none_b555e41d4684ddec\COMCTL32.dll
0x00007ff8f08d0000 - 0x00007ff8f096e000 	C:\Windows\System32\msvcrt.dll
0x00007ff8f1340000 - 0x00007ff8f1370000 	C:\Windows\System32\IMM32.DLL
0x000000005e200000 - 0x000000005e20d000 	C:\Program Files (x86)\360\360Safe\safemon\SafeWrapper.dll
0x00007ff8f0450000 - 0x00007ff8f04fa000 	C:\Windows\System32\ADVAPI32.dll
0x00007ff8f1fb0000 - 0x00007ff8f204b000 	C:\Windows\System32\sechost.dll
0x00007ff8f05f0000 - 0x00007ff8f0713000 	C:\Windows\System32\RPCRT4.dll
0x00007ff8dab00000 - 0x00007ff8dac03000 	C:\Program Files (x86)\360\360Safe\safemon\libzdtp64.dll
0x00007ff8f16a0000 - 0x00007ff8f1de0000 	C:\Windows\System32\SHELL32.dll
0x00007ff8f03b0000 - 0x00007ff8f0405000 	C:\Windows\System32\SHLWAPI.dll
0x00007ff8ef0b0000 - 0x00007ff8ef0ba000 	C:\Windows\SYSTEM32\VERSION.dll
0x00007ff8c6b00000 - 0x00007ff8c6b0c000 	c:\Users\liwenyue\.vscode\extensions\redhat.java-1.34.0-win32-x64\jre\17.0.12-win32-x86_64\bin\vcruntime140_1.dll
0x00007ff88d7b0000 - 0x00007ff88d83d000 	c:\Users\liwenyue\.vscode\extensions\redhat.java-1.34.0-win32-x64\jre\17.0.12-win32-x86_64\bin\msvcp140.dll
0x00007ff883e60000 - 0x00007ff884aca000 	c:\Users\liwenyue\.vscode\extensions\redhat.java-1.34.0-win32-x64\jre\17.0.12-win32-x86_64\bin\server\jvm.dll
0x00007ff8eff70000 - 0x00007ff8effbb000 	C:\Windows\System32\POWRPROF.dll
0x00007ff8f1490000 - 0x00007ff8f14fb000 	C:\Windows\System32\WS2_32.dll
0x00007ff8dc120000 - 0x00007ff8dc147000 	C:\Windows\SYSTEM32\WINMM.dll
0x00007ff8eebb0000 - 0x00007ff8eebc2000 	C:\Windows\SYSTEM32\UMPDC.dll
0x00007ff8efda0000 - 0x00007ff8efdb3000 	C:\Windows\System32\kernel.appcore.dll
0x00007ff8c6780000 - 0x00007ff8c678a000 	c:\Users\liwenyue\.vscode\extensions\redhat.java-1.34.0-win32-x64\jre\17.0.12-win32-x86_64\bin\jimage.dll
0x00007ff8ed460000 - 0x00007ff8ed644000 	C:\Windows\SYSTEM32\DBGHELP.DLL
0x00007ff8d9af0000 - 0x00007ff8d9b1c000 	C:\Windows\SYSTEM32\dbgcore.DLL
0x00007ff8efdc0000 - 0x00007ff8efe3f000 	C:\Windows\System32\bcryptPrimitives.dll
0x00007ff892b30000 - 0x00007ff892b55000 	c:\Users\liwenyue\.vscode\extensions\redhat.java-1.34.0-win32-x64\jre\17.0.12-win32-x86_64\bin\java.dll
0x00007ff8b7b90000 - 0x00007ff8b7ba8000 	c:\Users\liwenyue\.vscode\extensions\redhat.java-1.34.0-win32-x64\jre\17.0.12-win32-x86_64\bin\zip.dll
0x00007ff8ed650000 - 0x00007ff8edde1000 	C:\Windows\SYSTEM32\windows.storage.dll
0x00007ff8f0b70000 - 0x00007ff8f0ec3000 	C:\Windows\System32\combase.dll
0x00007ff8eef00000 - 0x00007ff8eef2c000 	C:\Windows\SYSTEM32\Wldp.dll
0x00007ff8f1de0000 - 0x00007ff8f1e8e000 	C:\Windows\System32\SHCORE.dll
0x00007ff8ef430000 - 0x00007ff8ef44f000 	C:\Windows\SYSTEM32\profapi.dll
0x00007ff8b2700000 - 0x00007ff8b2719000 	C:\Users\liwenyue\.vscode\extensions\redhat.java-1.34.0-win32-x64\jre\17.0.12-win32-x86_64\bin\net.dll
0x00007ff8ea470000 - 0x00007ff8ea570000 	C:\Windows\SYSTEM32\WINHTTP.dll
0x00007ff8eec80000 - 0x00007ff8eecea000 	C:\Windows\system32\mswsock.dll
0x00007ff892bd0000 - 0x00007ff892be6000 	C:\Users\liwenyue\.vscode\extensions\redhat.java-1.34.0-win32-x64\jre\17.0.12-win32-x86_64\bin\nio.dll
0x00007ff8c3350000 - 0x00007ff8c3360000 	c:\Users\liwenyue\.vscode\extensions\redhat.java-1.34.0-win32-x64\jre\17.0.12-win32-x86_64\bin\verify.dll
0x00007ff8eee50000 - 0x00007ff8eee68000 	C:\Windows\SYSTEM32\CRYPTSP.dll
0x00007ff8ee590000 - 0x00007ff8ee5c4000 	C:\Windows\system32\rsaenh.dll
0x00007ff8efea0000 - 0x00007ff8efec7000 	C:\Windows\System32\bcrypt.dll
0x00007ff8ef3b0000 - 0x00007ff8ef3de000 	C:\Windows\SYSTEM32\USERENV.dll
0x00007ff8eee70000 - 0x00007ff8eee7c000 	C:\Windows\SYSTEM32\CRYPTBASE.dll
0x00007ff8ee950000 - 0x00007ff8ee98b000 	C:\Windows\SYSTEM32\IPHLPAPI.DLL
0x00007ff8effc0000 - 0x00007ff8effc9000 	C:\Windows\System32\NSI.dll
0x00007ff8e4a70000 - 0x00007ff8e4a87000 	C:\Windows\SYSTEM32\dhcpcsvc6.DLL
0x00007ff8e85c0000 - 0x00007ff8e85dd000 	C:\Windows\SYSTEM32\dhcpcsvc.DLL
0x00007ff8ee990000 - 0x00007ff8eea5a000 	C:\Windows\SYSTEM32\DNSAPI.dll
0x00007ff8ecb10000 - 0x00007ff8ecb19000 	C:\Users\liwenyue\.vscode\extensions\redhat.java-1.34.0-win32-x64\jre\17.0.12-win32-x86_64\bin\management.dll
0x00007ff8e9550000 - 0x00007ff8e955b000 	C:\Users\liwenyue\.vscode\extensions\redhat.java-1.34.0-win32-x64\jre\17.0.12-win32-x86_64\bin\management_ext.dll
0x00007ff8f0410000 - 0x00007ff8f0418000 	C:\Windows\System32\PSAPI.DLL
0x00007ff8e94b0000 - 0x00007ff8e94be000 	C:\Users\liwenyue\.vscode\extensions\redhat.java-1.34.0-win32-x64\jre\17.0.12-win32-x86_64\bin\sunmscapi.dll
0x00007ff8efbb0000 - 0x00007ff8efd0d000 	C:\Windows\System32\CRYPT32.dll
0x00007ff8eef70000 - 0x00007ff8eef97000 	C:\Windows\SYSTEM32\ncrypt.dll
0x00007ff8eef30000 - 0x00007ff8eef6b000 	C:\Windows\SYSTEM32\NTASN1.dll
0x00007ff8cfab0000 - 0x00007ff8cfafb000 	C:\Program Files (x86)\Sangfor\SSL\ClientComponent\SangforNspX64.dll
0x00007ff8f0a30000 - 0x00007ff8f0b59000 	C:\Windows\System32\ole32.dll
0x00007ff8effd0000 - 0x00007ff8f009d000 	C:\Windows\System32\OLEAUT32.dll
0x000000005de20000 - 0x000000005de46000 	C:\Program Files\Bonjour\mdnsNSP.dll
0x00007ff8e4940000 - 0x00007ff8e494a000 	C:\Windows\System32\rasadhlp.dll
0x00007ff8e2e00000 - 0x00007ff8e2e7f000 	C:\Windows\System32\fwpuclnt.dll
0x00007ff8e94d0000 - 0x00007ff8e94d9000 	C:\Users\liwenyue\.vscode\extensions\redhat.java-1.34.0-win32-x64\jre\17.0.12-win32-x86_64\bin\extnet.dll

dbghelp: loaded successfully - version: 4.0.5 - missing functions: none
symbol engine: initialized successfully - sym options: 0x614 - pdb path: .;c:\Users\liwenyue\.vscode\extensions\redhat.java-1.34.0-win32-x64\jre\17.0.12-win32-x86_64\bin;C:\Windows\SYSTEM32;C:\Windows\WinSxS\amd64_microsoft.windows.common-controls_6595b64144ccf1df_6.0.19041.1_none_b555e41d4684ddec;C:\Program Files (x86)\360\360Safe\safemon;c:\Users\liwenyue\.vscode\extensions\redhat.java-1.34.0-win32-x64\jre\17.0.12-win32-x86_64\bin\server;C:\Program Files (x86)\Sangfor\SSL\ClientComponent;C:\Program Files\Bonjour

VM Arguments:
jvm_args: -Xmx1024m -Dsts.lsp.client=vscode -Dsts.log.file=/dev/null -XX:TieredStopAtLevel=1 -Xlog:jni+resolve=off -Dspring.config.location=file:c:\Users\liwenyue\.vscode\extensions\vmware.vscode-spring-boot-1.56.0\language-server\BOOT-INF\classes\application.properties 
java_command: org.springframework.ide.vscode.boot.app.BootLanguageServerBootApp
java_class_path (initial): c:\Users\liwenyue\.vscode\extensions\vmware.vscode-spring-boot-1.56.0\language-server\BOOT-INF\classes;c:\Users\liwenyue\.vscode\extensions\vmware.vscode-spring-boot-1.56.0\language-server\BOOT-INF\lib\annotations-24.1.0.jar;c:\Users\liwenyue\.vscode\extensions\vmware.vscode-spring-boot-1.56.0\language-server\BOOT-INF\lib\antlr4-runtime-4.13.1.jar;c:\Users\liwenyue\.vscode\extensions\vmware.vscode-spring-boot-1.56.0\language-server\BOOT-INF\lib\asm-9.7.jar;c:\Users\liwenyue\.vscode\extensions\vmware.vscode-spring-boot-1.56.0\language-server\BOOT-INF\lib\asm-analysis-9.7.jar;c:\Users\liwenyue\.vscode\extensions\vmware.vscode-spring-boot-1.56.0\language-server\BOOT-INF\lib\asm-tree-9.7.jar;c:\Users\liwenyue\.vscode\extensions\vmware.vscode-spring-boot-1.56.0\language-server\BOOT-INF\lib\asm-util-9.7.jar;c:\Users\liwenyue\.vscode\extensions\vmware.vscode-spring-boot-1.56.0\language-server\BOOT-INF\lib\caffeine-3.1.8.jar;c:\Users\liwenyue\.vscode\extensions\vmware.vscode-spring-boot-1.56.0\language-server\BOOT-INF\lib\checker-qual-3.12.0.jar;c:\Users\liwenyue\.vscode\extensions\vmware.vscode-spring-boot-1.56.0\language-server\BOOT-INF\lib\classgraph-4.8.149.jar;c:\Users\liwenyue\.vscode\extensions\vmware.vscode-spring-boot-1.56.0\language-server\BOOT-INF\lib\commons-codec-1.16.1.jar;c:\Users\liwenyue\.vscode\extensions\vmware.vscode-spring-boot-1.56.0\language-server\BOOT-INF\lib\commons-compress-1.26.2.jar;c:\Users\liwenyue\.vscode\extensions\vmware.vscode-spring-boot-1.56.0\language-server\BOOT-INF\lib\commons-io-2.16.1.jar;c:\Users\liwenyue\.vscode\extensions\vmware.vscode-spring-boot-1.56.0\language-server\BOOT-INF\lib\commons-java-1.56.0-SNAPSHOT.jar;c:\Users\liwenyue\.vscode\extensions\vmware.vscode-spring-boot-1.56.0\language-server\BOOT-INF\lib\commons-lang3-3.14.0.jar;c:\Users\liwenyue\.vscode\extensions\vmware.vscode-spring-boot-1.56.0\language-server\BOOT-INF\lib\commons-language-server-1.56.0-SNAPSHOT.jar;c:\Users\liwenyue\.vscod
Launcher Type: SUN_STANDARD

[Global flags]
     intx CICompilerCount                          = 4                                         {product} {ergonomic}
     uint ConcGCThreads                            = 2                                         {product} {ergonomic}
     uint G1ConcRefinementThreads                  = 8                                         {product} {ergonomic}
   size_t G1HeapRegionSize                         = 1048576                                   {product} {ergonomic}
    uintx GCDrainStackTargetSize                   = 64                                        {product} {ergonomic}
   size_t InitialHeapSize                          = 132120576                                 {product} {ergonomic}
   size_t MarkStackSize                            = 4194304                                   {product} {ergonomic}
   size_t MaxHeapSize                              = 1073741824                                {product} {command line}
   size_t MaxNewSize                               = 643825664                                 {product} {ergonomic}
   size_t MinHeapDeltaBytes                        = 1048576                                   {product} {ergonomic}
   size_t MinHeapSize                              = 8388608                                   {product} {ergonomic}
    uintx NonProfiledCodeHeapSize                  = 0                                      {pd product} {ergonomic}
     bool ProfileInterpreter                       = false                                  {pd product} {command line}
    uintx ProfiledCodeHeapSize                     = 0                                      {pd product} {ergonomic}
   size_t SoftMaxHeapSize                          = 1073741824                             {manageable} {ergonomic}
     intx TieredStopAtLevel                        = 1                                         {product} {command line}
     bool UseCompressedClassPointers               = true                           {product lp64_product} {ergonomic}
     bool UseCompressedOops                        = true                           {product lp64_product} {ergonomic}
     bool UseG1GC                                  = true                                      {product} {ergonomic}
     bool UseLargePagesIndividualAllocation        = false                                  {pd product} {ergonomic}

Logging:
Log output configuration:
 #0: stdout all=warning,jni+resolve=off uptime,level,tags
 #1: stderr all=off uptime,level,tags

Environment Variables:
JAVA_HOME=E:\JAVA\jdk-17.0.6.10-hotspot\
CLASSPATH=.;E:\JAVA\jdk-17.0.6.10-hotspot\\lib\dt.jar;E:\JAVA\jdk-17.0.6.10-hotspot\\lib\tools.jar;
PATH=E:\JAVA\jdk-17.0.6.10-hotspot\bin;C:\Windows\system32;C:\Windows;C:\Windows\System32\Wbem;C:\Windows\System32\WindowsPowerShell\v1.0\;C:\Windows\System32\OpenSSH\;c:\Program Files (x86)\Microsoft SQL Server\100\Tools\Binn\;c:\Program Files\Microsoft SQL Server\100\Tools\Binn\;c:\Program Files\Microsoft SQL Server\100\DTS\Binn\;C:\Program Files\MATLAB\R2022a\bin;E:\JAVA\jdk-17.0.6.10-hotspot\\bin;E:\JAVA\jdk-17.0.6.10-hotspot\\jre\bin;E:\LATEX\texlive\2022\bin\win32;E:\MATLAB\R2022b\bin;E:\Git\bin;C:\Program Files\Microsoft SQL Server\120\Tools\Binn\;C:\Program Files\Common Files\Autodesk Shared\;C:\Program Files (x86)\Insta360Stitcher\tools\proStitcher;D:\Program Files (x86)\Tencent\web\dll;D:\Pro;ram Files\nodejs\;D:\Program Files\nodejs\node_global\node_modules;D:\Program Files\MySQL\MySQL Server 8.0\bin;E:\Program Files\Git\cmd;D:\Program Files\web\dll;D:\anaconda1;D:\anaconda1\Library\mingw-w64\bin;D:\anaconda1\Library\usr\bin;D:\anaconda1\Library\bin;D:\anaconda1\Scripts;D:\anaconda3;D:\anaconda3\Library\mingw-w64\bin;D:\anaconda3\Library\usr\bin;D:\anaconda3\Library\bin;D:\anaconda3\Scripts;C:\Users\\AppData\Local\Scripts\;C:\Users\\AppData\Local\;C:\Users\liwenyue\AppData\Local\Microsoft\WindowsApps;C:\Program Files (x86)\Tencent\QQGameTempest\Hall.57821\;D:\JetBrains\PyCharm Community Edition 2022.2.1\bin;;E:\VS Code\Microsoft VS Code\bin;C:\Program Files (x86)\Dev-Cpp\MinGW64\bin;E:\go\bin;C:\Program Files (x86)\Insta360Stitcher\tools\proStitcher;D:\Program Files\nodejs\node_global;D:\Program Files (x86)\Eclipse\Sumo\bin;E:\Program Files\apache-maven-3.9.9\bin;C:\Users\liwenyue\AppData\Local\Programs\Microsoft VS Code\bin
USERNAME=
OS=Windows_NT
PROCESSOR_IDENTIFIER=Intel64 Family 6 Model 140 Stepping 1, GenuineIntel
TMP=E:\User\Temp\Temp
TEMP=E:\User\Temp\Temp



Periodic native trim disabled


---------------  S Y S T E M  ---------------

OS:
 Windows 10 , 64 bit Build 19041 (10.0.19041.292)
OS uptime: 1 days 23:00 hours

CPU: total 8 (initial active 8) (4 cores per cpu, 2 threads per core) family 6 model 140 stepping 1 microcode 0x66, cx8, cmov, fxsr, ht, mmx, 3dnowpref, sse, sse2, sse3, ssse3, sse4.1, sse4.2, popcnt, lzcnt, tsc, tscinvbit, avx, avx2, aes, erms, clmul, bmi1, bmi2, adx, avx512f, avx512dq, avx512cd, avx512bw, avx512vl, sha, fma, vzeroupper, avx512_vpopcntdq, avx512_vpclmulqdq, avx512_vaes, avx512_vnni, clflush, clflushopt, clwb, avx512_vbmi2, avx512_vbmi
Processor Information for all 8 processors :
  Max Mhz: 2419, Current Mhz: 2419, Mhz Limit: 2419

Memory: 4k page, system-wide physical 7991M (279M free)
TotalPageFile size 18151M (AvailPageFile size 9M)
current process WorkingSet (physical memory assigned to process): 141M, peak: 291M
current process commit charge ("private bytes"): 312M, peak: 425M

vm_info: OpenJDK 64-Bit Server VM (17.0.12+7) for windows-amd64 JRE (17.0.12+7), built on Jul 16 2024 22:08:24 by "admin" with MS VC++ 16.10 / 16.11 (VS2019)

END.
