#
# There is insufficient memory for the Java Runtime Environment to continue.
# Native memory allocation (malloc) failed to allocate 2097152 bytes. Error detail: AllocateHeap
# Possible reasons:
#   The system is out of physical RAM or swap space
#   This process is running with CompressedOops enabled, and the Java Heap may be blocking the growth of the native heap
# Possible solutions:
#   Reduce memory load on the system
#   Increase physical memory or swap space
#   Check if swap backing store is full
#   Decrease Java heap size (-Xmx/-Xms)
#   Decrease number of Java threads
#   Decrease Java thread stack sizes (-Xss)
#   Set larger code cache with -XX:ReservedCodeCacheSize=
#   JVM is running with Unscaled Compressed Oops mode in which the Java heap is
#     placed in the first 4GB address space. The Java Heap base address is the
#     maximum limit for the native heap growth. Please use -XX:HeapBaseMinAddress
#     to set the Java Heap base and to place the Java Heap above 4GB virtual address.
# This output file may be truncated or incomplete.
#
#  Out of Memory Error (allocation.cpp:44), pid=19724, tid=12532
#
# JRE version: OpenJDK Runtime Environment Temurin-17.0.12+7 (17.0.12+7) (build 17.0.12+7)
# Java VM: OpenJDK 64-Bit Server VM Temurin-17.0.12+7 (17.0.12+7, mixed mode, emulated-client, tiered, compressed oops, compressed class ptrs, g1 gc, windows-amd64)
# No core dump will be written. Minidumps are not enabled by default on client versions of Windows
#

---------------  S U M M A R Y ------------

Command Line: -Xmx1024m -Dsts.lsp.client=vscode -Dsts.log.file=/dev/null -XX:TieredStopAtLevel=1 -Xlog:jni+resolve=off -Dspring.config.location=file:c:\Users\liwenyue\.vscode\extensions\vmware.vscode-spring-boot-1.56.0\language-server\BOOT-INF\classes\application.properties org.springframework.ide.vscode.boot.app.BootLanguageServerBootApp

Host: 11th Gen Intel(R) Core(TM) i5-1135G7 @ 2.40GHz, 8 cores, 7G,  Windows 10 , 64 bit Build 19041 (10.0.19041.292)
Time: Mon Sep  2 00:03:25 2024  Windows 10 , 64 bit Build 19041 (10.0.19041.292) elapsed time: 2573.050563 seconds (0d 0h 42m 53s)

---------------  T H R E A D  ---------------

Current thread (0x0000016c09626d50):  VMThread "VM Thread" [stack: 0x000000357f900000,0x000000357fa00000] [id=12532]

Stack: [0x000000357f900000,0x000000357fa00000]
Native frames: (J=compiled Java code, j=interpreted, Vv=VM code, C=native code)
V  [jvm.dll+0x67f929]
V  [jvm.dll+0x8371ba]
V  [jvm.dll+0x838c7e]
V  [jvm.dll+0x8392e3]
V  [jvm.dll+0x24834f]
V  [jvm.dll+0xa70d3]
V  [jvm.dll+0x2f9101]
V  [jvm.dll+0x2f4d00]
V  [jvm.dll+0x2dd82f]
V  [jvm.dll+0x3201f7]
V  [jvm.dll+0x83d7dd]
V  [jvm.dll+0x83e522]
V  [jvm.dll+0x83ea4f]
V  [jvm.dll+0x83ee34]
V  [jvm.dll+0x83ef00]
V  [jvm.dll+0x7e65dc]
V  [jvm.dll+0x67e7f7]
C  [ucrtbase.dll+0x21542]
C  [KERNEL32.DLL+0x16fd4]
C  [ntdll.dll+0x4cec1]

VM_Operation (0x00000035011fead0): G1CollectFull, mode: safepoint, requested by thread 0x0000016c0f374140


---------------  P R O C E S S  ---------------

Threads class SMR info:
_java_thread_list=0x0000016c0f5cef10, length=28, elements={
0x0000016c09641740, 0x0000016c09642210, 0x0000016c09707420, 0x0000016c09707cf0,
0x0000016c097085c0, 0x0000016c096e02d0, 0x0000016c096e0ba0, 0x0000016c096e14b0,
0x0000016c0990a270, 0x0000016c09913630, 0x0000016c0f45b440, 0x0000016c0f374140,
0x0000016c0e7c2dd0, 0x0000016c7dca3870, 0x0000016c0f248fe0, 0x0000016c0f0c2ff0,
0x0000016c0f5bae00, 0x0000016c0f5b8fa0, 0x0000016c0f5b8a90, 0x0000016c0f5b8070,
0x0000016c0f5b8580, 0x0000016c0f5ba8f0, 0x0000016c0f6e7730, 0x0000016c0f6e7c40,
0x0000016c0f6e8660, 0x0000016c0f6e3f80, 0x0000016c0f6e62f0, 0x0000016c0f6e9080
}

Java Threads: ( => current thread )
  0x0000016c09641740 JavaThread "Reference Handler" daemon [_thread_blocked, id=20084, stack(0x000000357fa00000,0x000000357fb00000)]
  0x0000016c09642210 JavaThread "Finalizer" daemon [_thread_blocked, id=7684, stack(0x000000357fb00000,0x000000357fc00000)]
  0x0000016c09707420 JavaThread "Signal Dispatcher" daemon [_thread_blocked, id=12340, stack(0x000000357fc00000,0x000000357fd00000)]
  0x0000016c09707cf0 JavaThread "Attach Listener" daemon [_thread_blocked, id=12820, stack(0x000000357fd00000,0x000000357fe00000)]
  0x0000016c097085c0 JavaThread "Service Thread" daemon [_thread_blocked, id=24716, stack(0x000000357fe00000,0x000000357ff00000)]
  0x0000016c096e02d0 JavaThread "Monitor Deflation Thread" daemon [_thread_blocked, id=15964, stack(0x000000357ff00000,0x0000003580000000)]
  0x0000016c096e0ba0 JavaThread "C1 CompilerThread0" daemon [_thread_blocked, id=12588, stack(0x0000003500000000,0x0000003500100000)]
  0x0000016c096e14b0 JavaThread "Sweeper thread" daemon [_thread_blocked, id=19256, stack(0x0000003500100000,0x0000003500200000)]
  0x0000016c0990a270 JavaThread "Notification Thread" daemon [_thread_blocked, id=1668, stack(0x0000003500300000,0x0000003500400000)]
  0x0000016c09913630 JavaThread "Common-Cleaner" daemon [_thread_blocked, id=15660, stack(0x0000003500500000,0x0000003500600000)]
  0x0000016c0f45b440 JavaThread "boundedElastic-evictor-1" daemon [_thread_blocked, id=15112, stack(0x0000003500d00000,0x0000003500e00000)]
  0x0000016c0f374140 JavaThread "pool-13-thread-1" [_thread_blocked, id=20248, stack(0x0000003501100000,0x0000003501200000)]
  0x0000016c0e7c2dd0 JavaThread "LanguageServerApp-lifecycle" [_thread_blocked, id=3900, stack(0x0000003501200000,0x0000003501300000)]
  0x0000016c7dca3870 JavaThread "DestroyJavaVM" [_thread_blocked, id=23136, stack(0x000000357f300000,0x000000357f400000)]
  0x0000016c0f248fe0 JavaThread "pool-14-thread-1" [_thread_in_native, id=19536, stack(0x0000003501300000,0x0000003501400000)]
  0x0000016c0f0c2ff0 JavaThread "Simple-Language-Server main thread" daemon [_thread_blocked, id=24712, stack(0x0000003501400000,0x0000003501500000)]
  0x0000016c0f5bae00 JavaThread "pool-8-thread-1" [_thread_blocked, id=23360, stack(0x0000003501700000,0x0000003501800000)]
  0x0000016c0f5b8fa0 JavaThread "parallel-1" daemon [_thread_blocked, id=4072, stack(0x0000003501800000,0x0000003501900000)]
  0x0000016c0f5b8a90 JavaThread "pool-6-thread-1" [_thread_blocked, id=25396, stack(0x0000003501900000,0x0000003501a00000)]
  0x0000016c0f5b8070 JavaThread "parallel-2" daemon [_thread_blocked, id=21488, stack(0x0000003501a00000,0x0000003501b00000)]
  0x0000016c0f5b8580 JavaThread "parallel-3" daemon [_thread_blocked, id=22284, stack(0x0000003501b00000,0x0000003501c00000)]
  0x0000016c0f5ba8f0 JavaThread "parallel-4" daemon [_thread_blocked, id=4036, stack(0x0000003502200000,0x0000003502300000)]
  0x0000016c0f6e7730 JavaThread "parallel-5" daemon [_thread_blocked, id=19768, stack(0x0000003502300000,0x0000003502400000)]
  0x0000016c0f6e7c40 JavaThread "Reconciler-1" daemon [_thread_blocked, id=11488, stack(0x0000003502500000,0x0000003502600000)]
  0x0000016c0f6e8660 JavaThread "CompletableFutureDelayScheduler" daemon [_thread_blocked, id=15736, stack(0x0000003501c00000,0x0000003501d00000)]
  0x0000016c0f6e3f80 JavaThread "parallel-6" daemon [_thread_blocked, id=9988, stack(0x0000003501600000,0x0000003501700000)]
  0x0000016c0f6e62f0 JavaThread "parallel-7" daemon [_thread_blocked, id=22452, stack(0x0000003501f00000,0x0000003502000000)]
  0x0000016c0f6e9080 JavaThread "parallel-8" daemon [_thread_blocked, id=13092, stack(0x0000003502000000,0x0000003502100000)]

Other Threads:
=>0x0000016c09626d50 VMThread "VM Thread" [stack: 0x000000357f900000,0x000000357fa00000] [id=12532]
  0x0000016c0990c760 WatcherThread [stack: 0x0000003500400000,0x0000003500500000] [id=23300]
  0x0000016c7dce2c60 GCTaskThread "GC Thread#0" [stack: 0x000000357f400000,0x000000357f500000] [id=25216]
  0x0000016c0e835d20 GCTaskThread "GC Thread#1" [stack: 0x0000003500600000,0x0000003500700000] [id=2740]
  0x0000016c0e835fe0 GCTaskThread "GC Thread#2" [stack: 0x0000003500700000,0x0000003500800000] [id=23424]
  0x0000016c0e885ea0 GCTaskThread "GC Thread#3" [stack: 0x0000003500800000,0x0000003500900000] [id=6628]
  0x0000016c0e941d20 GCTaskThread "GC Thread#4" [stack: 0x0000003500900000,0x0000003500a00000] [id=6120]
  0x0000016c0e9ee7a0 GCTaskThread "GC Thread#5" [stack: 0x0000003500a00000,0x0000003500b00000] [id=21732]
  0x0000016c0ed35730 GCTaskThread "GC Thread#6" [stack: 0x0000003500e00000,0x0000003500f00000] [id=23632]
  0x0000016c0ed359f0 GCTaskThread "GC Thread#7" [stack: 0x0000003500f00000,0x0000003501000000] [id=4116]
  0x0000016c7dcecad0 ConcurrentGCThread "G1 Main Marker" [stack: 0x000000357f500000,0x000000357f600000] [id=12412]
  0x0000016c7dced400 ConcurrentGCThread "G1 Conc#0" [stack: 0x000000357f600000,0x000000357f700000] [id=18980]
  0x0000016c0ed33420 ConcurrentGCThread "G1 Conc#1" [stack: 0x0000003501000000,0x0000003501100000] [id=10344]
  0x0000016c7dd3e420 ConcurrentGCThread "G1 Refine#0" [stack: 0x000000357f700000,0x000000357f800000] [id=20460]
  0x0000016c1003a660 ConcurrentGCThread "G1 Refine#1" [stack: 0x0000003501500000,0x0000003501600000] [id=9376]
  0x0000016c094960e0 ConcurrentGCThread "G1 Service" [stack: 0x000000357f800000,0x000000357f900000] [id=17280]

Threads with active compile tasks:

VM state: at safepoint (normal execution)

VM Mutex/Monitor currently owned by a thread:  ([mutex/lock_event])
[0x0000016c7c34f200] Threads_lock - owner thread: 0x0000016c09626d50
[0x0000016c7c34bca0] Heap_lock - owner thread: 0x0000016c0f374140

Heap address: 0x00000000c0000000, size: 1024 MB, Compressed Oops mode: 32-bit

CDS archive(s) not mapped
Compressed class space mapped at: 0x0000000100000000-0x0000000140000000, reserved size: 1073741824
Narrow klass base: 0x0000000000000000, Narrow klass shift: 3, Narrow klass range: 0x140000000

GC Precious Log:
 CPUs: 8 total, 8 available
 Memory: 7991M
 Large Page Support: Disabled
 NUMA Support: Disabled
 Compressed Oops: Enabled (32-bit)
 Heap Region Size: 1M
 Heap Min Capacity: 8M
 Heap Initial Capacity: 126M
 Heap Max Capacity: 1G
 Pre-touch: Disabled
 Parallel Workers: 8
 Concurrent Workers: 2
 Concurrent Refinement Workers: 8
 Periodic GC: Disabled

Heap:
 garbage-first heap   total 116736K, used 37018K [0x00000000c0000000, 0x0000000100000000)
  region size 1024K, 1 young (1024K), 0 survivors (0K)
 Metaspace       used 64239K, committed 64640K, reserved 1114112K
  class space    used 8005K, committed 8192K, reserved 1048576K

Heap Regions: E=young(eden), S=young(survivor), O=old, HS=humongous(starts), HC=humongous(continues), CS=collection set, F=free, OA=open archive, CA=closed archive, TAMS=top-at-mark-start (previous, next)
|   0|0x00000000c0000000, 0x00000000c0100000, 0x00000000c0100000|100%|HS|  |TAMS 0x00000000c0100000, 0x00000000c0000000| Untracked 
|   1|0x00000000c0100000, 0x00000000c0200000, 0x00000000c0200000|100%|HC|  |TAMS 0x00000000c0200000, 0x00000000c0100000| Untracked 
|   2|0x00000000c0200000, 0x00000000c0300000, 0x00000000c0300000|100%|HC|  |TAMS 0x00000000c0300000, 0x00000000c0200000| Untracked 
|   3|0x00000000c0300000, 0x00000000c0400000, 0x00000000c0400000|100%|HC|  |TAMS 0x00000000c0400000, 0x00000000c0300000| Untracked 
|   4|0x00000000c0400000, 0x00000000c0500000, 0x00000000c0500000|100%|HS|  |TAMS 0x00000000c0500000, 0x00000000c0400000| Untracked 
|   5|0x00000000c0500000, 0x00000000c0600000, 0x00000000c0600000|100%|HC|  |TAMS 0x00000000c0600000, 0x00000000c0500000| Untracked 
|   6|0x00000000c0600000, 0x00000000c06fffc0, 0x00000000c0700000| 99%| O|  |TAMS 0x00000000c06fffc0, 0x00000000c0600000| Untracked 
|   7|0x00000000c0700000, 0x00000000c0800000, 0x00000000c0800000|100%| O|  |TAMS 0x00000000c0800000, 0x00000000c0700000| Untracked 
|   8|0x00000000c0800000, 0x00000000c0900000, 0x00000000c0900000|100%| O|  |TAMS 0x00000000c0900000, 0x00000000c0800000| Untracked 
|   9|0x00000000c0900000, 0x00000000c0a00000, 0x00000000c0a00000|100%| O|  |TAMS 0x00000000c0a00000, 0x00000000c0900000| Untracked 
|  10|0x00000000c0a00000, 0x00000000c0affff8, 0x00000000c0b00000| 99%| O|  |TAMS 0x00000000c0affff8, 0x00000000c0a00000| Untracked 
|  11|0x00000000c0b00000, 0x00000000c0c00000, 0x00000000c0c00000|100%| O|  |TAMS 0x00000000c0c00000, 0x00000000c0b00000| Untracked 
|  12|0x00000000c0c00000, 0x00000000c0cfffe8, 0x00000000c0d00000| 99%| O|  |TAMS 0x00000000c0cfffe8, 0x00000000c0c00000| Untracked 
|  13|0x00000000c0d00000, 0x00000000c0dffff0, 0x00000000c0e00000| 99%| O|  |TAMS 0x00000000c0dffff0, 0x00000000c0d00000| Untracked 
|  14|0x00000000c0e00000, 0x00000000c0f00000, 0x00000000c0f00000|100%| O|  |TAMS 0x00000000c0f00000, 0x00000000c0e00000| Untracked 
|  15|0x00000000c0f00000, 0x00000000c0fffef0, 0x00000000c1000000| 99%| O|  |TAMS 0x00000000c0fffef0, 0x00000000c0f00000| Untracked 
|  16|0x00000000c1000000, 0x00000000c1100000, 0x00000000c1100000|100%| O|  |TAMS 0x00000000c1100000, 0x00000000c1000000| Untracked 
|  17|0x00000000c1100000, 0x00000000c11ffff8, 0x00000000c1200000| 99%| O|  |TAMS 0x00000000c11ffff8, 0x00000000c1100000| Untracked 
|  18|0x00000000c1200000, 0x00000000c12fffc0, 0x00000000c1300000| 99%| O|  |TAMS 0x00000000c12fffc0, 0x00000000c1200000| Untracked 
|  19|0x00000000c1300000, 0x00000000c13ffc38, 0x00000000c1400000| 99%| O|  |TAMS 0x00000000c13ffc38, 0x00000000c1300000| Untracked 
|  20|0x00000000c1400000, 0x00000000c14ffff0, 0x00000000c1500000| 99%| O|  |TAMS 0x00000000c14ffff0, 0x00000000c1400000| Untracked 
|  21|0x00000000c1500000, 0x00000000c1600000, 0x00000000c1600000|100%| O|  |TAMS 0x00000000c1600000, 0x00000000c1500000| Untracked 
|  22|0x00000000c1600000, 0x00000000c16fffc8, 0x00000000c1700000| 99%| O|  |TAMS 0x00000000c16fffc8, 0x00000000c1600000| Untracked 
|  23|0x00000000c1700000, 0x00000000c1800000, 0x00000000c1800000|100%| O|  |TAMS 0x00000000c1800000, 0x00000000c1700000| Untracked 
|  24|0x00000000c1800000, 0x00000000c18fffe8, 0x00000000c1900000| 99%| O|  |TAMS 0x00000000c18fffe8, 0x00000000c1800000| Untracked 
|  25|0x00000000c1900000, 0x00000000c19ffff8, 0x00000000c1a00000| 99%| O|  |TAMS 0x00000000c19ffff8, 0x00000000c1900000| Untracked 
|  26|0x00000000c1a00000, 0x00000000c1b00000, 0x00000000c1b00000|100%| O|  |TAMS 0x00000000c1b00000, 0x00000000c1a00000| Untracked 
|  27|0x00000000c1b00000, 0x00000000c1bfffe0, 0x00000000c1c00000| 99%| O|  |TAMS 0x00000000c1bfffe0, 0x00000000c1b00000| Untracked 
|  28|0x00000000c1c00000, 0x00000000c1cfffe8, 0x00000000c1d00000| 99%| O|  |TAMS 0x00000000c1cfffe8, 0x00000000c1c00000| Untracked 
|  29|0x00000000c1d00000, 0x00000000c1dfffd0, 0x00000000c1e00000| 99%| O|  |TAMS 0x00000000c1dfffd0, 0x00000000c1d00000| Untracked 
|  30|0x00000000c1e00000, 0x00000000c1efff68, 0x00000000c1f00000| 99%| O|  |TAMS 0x00000000c1efff68, 0x00000000c1e00000| Untracked 
|  31|0x00000000c1f00000, 0x00000000c1fffff8, 0x00000000c2000000| 99%| O|  |TAMS 0x00000000c1fffff8, 0x00000000c1f00000| Untracked 
|  32|0x00000000c2000000, 0x00000000c20ffff8, 0x00000000c2100000| 99%| O|  |TAMS 0x00000000c20ffff8, 0x00000000c2000000| Untracked 
|  33|0x00000000c2100000, 0x00000000c21fffe0, 0x00000000c2200000| 99%| O|  |TAMS 0x00000000c21fffe0, 0x00000000c2100000| Untracked 
|  34|0x00000000c2200000, 0x00000000c2300000, 0x00000000c2300000|100%| O|  |TAMS 0x00000000c2300000, 0x00000000c2200000| Untracked 
|  35|0x00000000c2300000, 0x00000000c23fffd0, 0x00000000c2400000| 99%| O|  |TAMS 0x00000000c23fffd0, 0x00000000c2300000| Untracked 
|  36|0x00000000c2400000, 0x00000000c2424ff8, 0x00000000c2500000| 14%| O|  |TAMS 0x00000000c2400000, 0x00000000c2400000| Untracked 
|  37|0x00000000c2500000, 0x00000000c2502250, 0x00000000c2600000|  0%| O|  |TAMS 0x00000000c2500000, 0x00000000c2500000| Untracked 
|  38|0x00000000c2600000, 0x00000000c2600000, 0x00000000c2700000|  0%| F|  |TAMS 0x00000000c2600000, 0x00000000c2600000| Untracked 
|  39|0x00000000c2700000, 0x00000000c2700000, 0x00000000c2800000|  0%| F|  |TAMS 0x00000000c2700000, 0x00000000c2700000| Untracked 
|  40|0x00000000c2800000, 0x00000000c2800000, 0x00000000c2900000|  0%| F|  |TAMS 0x00000000c2800000, 0x00000000c2800000| Untracked 
|  41|0x00000000c2900000, 0x00000000c2900000, 0x00000000c2a00000|  0%| F|  |TAMS 0x00000000c2900000, 0x00000000c2900000| Untracked 
|  42|0x00000000c2a00000, 0x00000000c2a00000, 0x00000000c2b00000|  0%| F|  |TAMS 0x00000000c2a00000, 0x00000000c2a00000| Untracked 
|  43|0x00000000c2b00000, 0x00000000c2b00000, 0x00000000c2c00000|  0%| F|  |TAMS 0x00000000c2b00000, 0x00000000c2b00000| Untracked 
|  44|0x00000000c2c00000, 0x00000000c2c00000, 0x00000000c2d00000|  0%| F|  |TAMS 0x00000000c2c00000, 0x00000000c2c00000| Untracked 
|  45|0x00000000c2d00000, 0x00000000c2d00000, 0x00000000c2e00000|  0%| F|  |TAMS 0x00000000c2d00000, 0x00000000c2d00000| Untracked 
|  46|0x00000000c2e00000, 0x00000000c2e00000, 0x00000000c2f00000|  0%| F|  |TAMS 0x00000000c2e00000, 0x00000000c2e00000| Untracked 
|  47|0x00000000c2f00000, 0x00000000c2f00000, 0x00000000c3000000|  0%| F|  |TAMS 0x00000000c2f00000, 0x00000000c2f00000| Untracked 
|  48|0x00000000c3000000, 0x00000000c3000000, 0x00000000c3100000|  0%| F|  |TAMS 0x00000000c3000000, 0x00000000c3000000| Untracked 
|  49|0x00000000c3100000, 0x00000000c3100000, 0x00000000c3200000|  0%| F|  |TAMS 0x00000000c3100000, 0x00000000c3100000| Untracked 
|  50|0x00000000c3200000, 0x00000000c3200000, 0x00000000c3300000|  0%| F|  |TAMS 0x00000000c3200000, 0x00000000c3200000| Untracked 
|  51|0x00000000c3300000, 0x00000000c3300000, 0x00000000c3400000|  0%| F|  |TAMS 0x00000000c3300000, 0x00000000c3300000| Untracked 
|  52|0x00000000c3400000, 0x00000000c3400000, 0x00000000c3500000|  0%| F|  |TAMS 0x00000000c3400000, 0x00000000c3400000| Untracked 
|  53|0x00000000c3500000, 0x00000000c3500000, 0x00000000c3600000|  0%| F|  |TAMS 0x00000000c3500000, 0x00000000c3500000| Untracked 
|  54|0x00000000c3600000, 0x00000000c3600000, 0x00000000c3700000|  0%| F|  |TAMS 0x00000000c3600000, 0x00000000c3600000| Untracked 
|  55|0x00000000c3700000, 0x00000000c3700000, 0x00000000c3800000|  0%| F|  |TAMS 0x00000000c3700000, 0x00000000c3700000| Untracked 
|  56|0x00000000c3800000, 0x00000000c3800000, 0x00000000c3900000|  0%| F|  |TAMS 0x00000000c3800000, 0x00000000c3800000| Untracked 
|  57|0x00000000c3900000, 0x00000000c3900000, 0x00000000c3a00000|  0%| F|  |TAMS 0x00000000c3900000, 0x00000000c3900000| Untracked 
|  58|0x00000000c3a00000, 0x00000000c3a00000, 0x00000000c3b00000|  0%| F|  |TAMS 0x00000000c3a00000, 0x00000000c3a00000| Untracked 
|  59|0x00000000c3b00000, 0x00000000c3b00000, 0x00000000c3c00000|  0%| F|  |TAMS 0x00000000c3b00000, 0x00000000c3b00000| Untracked 
|  60|0x00000000c3c00000, 0x00000000c3c00000, 0x00000000c3d00000|  0%| F|  |TAMS 0x00000000c3c00000, 0x00000000c3c00000| Untracked 
|  61|0x00000000c3d00000, 0x00000000c3d00000, 0x00000000c3e00000|  0%| F|  |TAMS 0x00000000c3d00000, 0x00000000c3d00000| Untracked 
|  62|0x00000000c3e00000, 0x00000000c3e00000, 0x00000000c3f00000|  0%| F|  |TAMS 0x00000000c3e00000, 0x00000000c3e00000| Untracked 
|  63|0x00000000c3f00000, 0x00000000c3f00000, 0x00000000c4000000|  0%| F|  |TAMS 0x00000000c3f00000, 0x00000000c3f00000| Untracked 
|  64|0x00000000c4000000, 0x00000000c4000000, 0x00000000c4100000|  0%| F|  |TAMS 0x00000000c4000000, 0x00000000c4000000| Untracked 
|  65|0x00000000c4100000, 0x00000000c4100000, 0x00000000c4200000|  0%| F|  |TAMS 0x00000000c4100000, 0x00000000c4100000| Untracked 
|  66|0x00000000c4200000, 0x00000000c4200000, 0x00000000c4300000|  0%| F|  |TAMS 0x00000000c4200000, 0x00000000c4200000| Untracked 
|  67|0x00000000c4300000, 0x00000000c4300000, 0x00000000c4400000|  0%| F|  |TAMS 0x00000000c4300000, 0x00000000c4300000| Untracked 
|  68|0x00000000c4400000, 0x00000000c4400000, 0x00000000c4500000|  0%| F|  |TAMS 0x00000000c4400000, 0x00000000c4400000| Untracked 
|  69|0x00000000c4500000, 0x00000000c4500000, 0x00000000c4600000|  0%| F|  |TAMS 0x00000000c4500000, 0x00000000c4500000| Untracked 
|  70|0x00000000c4600000, 0x00000000c4600000, 0x00000000c4700000|  0%| F|  |TAMS 0x00000000c4600000, 0x00000000c4600000| Untracked 
|  71|0x00000000c4700000, 0x00000000c4700000, 0x00000000c4800000|  0%| F|  |TAMS 0x00000000c4700000, 0x00000000c4700000| Untracked 
|  72|0x00000000c4800000, 0x00000000c4800000, 0x00000000c4900000|  0%| F|  |TAMS 0x00000000c4800000, 0x00000000c4800000| Untracked 
|  73|0x00000000c4900000, 0x00000000c4900000, 0x00000000c4a00000|  0%| F|  |TAMS 0x00000000c4900000, 0x00000000c4900000| Untracked 
|  74|0x00000000c4a00000, 0x00000000c4a00000, 0x00000000c4b00000|  0%| F|  |TAMS 0x00000000c4a00000, 0x00000000c4a00000| Untracked 
|  75|0x00000000c4b00000, 0x00000000c4b00000, 0x00000000c4c00000|  0%| F|  |TAMS 0x00000000c4b00000, 0x00000000c4b00000| Untracked 
|  76|0x00000000c4c00000, 0x00000000c4c00000, 0x00000000c4d00000|  0%| F|  |TAMS 0x00000000c4c00000, 0x00000000c4c00000| Untracked 
|  77|0x00000000c4d00000, 0x00000000c4d00000, 0x00000000c4e00000|  0%| F|  |TAMS 0x00000000c4d00000, 0x00000000c4d00000| Untracked 
|  78|0x00000000c4e00000, 0x00000000c4e00000, 0x00000000c4f00000|  0%| F|  |TAMS 0x00000000c4e00000, 0x00000000c4e00000| Untracked 
|  79|0x00000000c4f00000, 0x00000000c4f00000, 0x00000000c5000000|  0%| F|  |TAMS 0x00000000c4f00000, 0x00000000c4f00000| Untracked 
|  80|0x00000000c5000000, 0x00000000c5000000, 0x00000000c5100000|  0%| F|  |TAMS 0x00000000c5000000, 0x00000000c5000000| Untracked 
|  81|0x00000000c5100000, 0x00000000c5100000, 0x00000000c5200000|  0%| F|  |TAMS 0x00000000c5100000, 0x00000000c5100000| Untracked 
|  82|0x00000000c5200000, 0x00000000c5200000, 0x00000000c5300000|  0%| F|  |TAMS 0x00000000c5200000, 0x00000000c5200000| Untracked 
|  83|0x00000000c5300000, 0x00000000c5300000, 0x00000000c5400000|  0%| F|  |TAMS 0x00000000c5300000, 0x00000000c5300000| Untracked 
|  84|0x00000000c5400000, 0x00000000c5400000, 0x00000000c5500000|  0%| F|  |TAMS 0x00000000c5400000, 0x00000000c5400000| Untracked 
|  85|0x00000000c5500000, 0x00000000c5500000, 0x00000000c5600000|  0%| F|  |TAMS 0x00000000c5500000, 0x00000000c5500000| Untracked 
|  86|0x00000000c5600000, 0x00000000c5600000, 0x00000000c5700000|  0%| F|  |TAMS 0x00000000c5600000, 0x00000000c5600000| Untracked 
|  87|0x00000000c5700000, 0x00000000c5700000, 0x00000000c5800000|  0%| F|  |TAMS 0x00000000c5700000, 0x00000000c5700000| Untracked 
|  88|0x00000000c5800000, 0x00000000c5800000, 0x00000000c5900000|  0%| F|  |TAMS 0x00000000c5800000, 0x00000000c5800000| Untracked 
|  89|0x00000000c5900000, 0x00000000c5900000, 0x00000000c5a00000|  0%| F|  |TAMS 0x00000000c5900000, 0x00000000c5900000| Untracked 
|  90|0x00000000c5a00000, 0x00000000c5a00000, 0x00000000c5b00000|  0%| F|  |TAMS 0x00000000c5a00000, 0x00000000c5a00000| Untracked 
|  91|0x00000000c5b00000, 0x00000000c5b00000, 0x00000000c5c00000|  0%| F|  |TAMS 0x00000000c5b00000, 0x00000000c5b00000| Untracked 
|  92|0x00000000c5c00000, 0x00000000c5c00000, 0x00000000c5d00000|  0%| F|  |TAMS 0x00000000c5c00000, 0x00000000c5c00000| Untracked 
|  93|0x00000000c5d00000, 0x00000000c5d00000, 0x00000000c5e00000|  0%| F|  |TAMS 0x00000000c5d00000, 0x00000000c5d00000| Untracked 
|  94|0x00000000c5e00000, 0x00000000c5e00000, 0x00000000c5f00000|  0%| F|  |TAMS 0x00000000c5e00000, 0x00000000c5e00000| Untracked 
|  95|0x00000000c5f00000, 0x00000000c5f00000, 0x00000000c6000000|  0%| F|  |TAMS 0x00000000c5f00000, 0x00000000c5f00000| Untracked 
|  96|0x00000000c6000000, 0x00000000c6000000, 0x00000000c6100000|  0%| F|  |TAMS 0x00000000c6000000, 0x00000000c6000000| Untracked 
|  97|0x00000000c6100000, 0x00000000c6100000, 0x00000000c6200000|  0%| F|  |TAMS 0x00000000c6100000, 0x00000000c6100000| Untracked 
|  98|0x00000000c6200000, 0x00000000c6200000, 0x00000000c6300000|  0%| F|  |TAMS 0x00000000c6200000, 0x00000000c6200000| Untracked 
|  99|0x00000000c6300000, 0x00000000c6300000, 0x00000000c6400000|  0%| F|  |TAMS 0x00000000c6300000, 0x00000000c6300000| Untracked 
| 100|0x00000000c6400000, 0x00000000c6400000, 0x00000000c6500000|  0%| F|  |TAMS 0x00000000c6400000, 0x00000000c6400000| Untracked 
| 101|0x00000000c6500000, 0x00000000c6500000, 0x00000000c6600000|  0%| F|  |TAMS 0x00000000c6500000, 0x00000000c6500000| Untracked 
| 102|0x00000000c6600000, 0x00000000c6600000, 0x00000000c6700000|  0%| F|  |TAMS 0x00000000c6600000, 0x00000000c6600000| Untracked 
| 103|0x00000000c6700000, 0x00000000c6700000, 0x00000000c6800000|  0%| F|  |TAMS 0x00000000c6700000, 0x00000000c6700000| Untracked 
| 104|0x00000000c6800000, 0x00000000c6800000, 0x00000000c6900000|  0%| F|  |TAMS 0x00000000c6800000, 0x00000000c6800000| Untracked 
| 105|0x00000000c6900000, 0x00000000c6900000, 0x00000000c6a00000|  0%| F|  |TAMS 0x00000000c6900000, 0x00000000c6900000| Untracked 
| 106|0x00000000c6a00000, 0x00000000c6a00000, 0x00000000c6b00000|  0%| F|  |TAMS 0x00000000c6a00000, 0x00000000c6a00000| Untracked 
| 107|0x00000000c6b00000, 0x00000000c6b00000, 0x00000000c6c00000|  0%| F|  |TAMS 0x00000000c6b00000, 0x00000000c6b00000| Untracked 
| 108|0x00000000c6c00000, 0x00000000c6c00000, 0x00000000c6d00000|  0%| F|  |TAMS 0x00000000c6c00000, 0x00000000c6c00000| Untracked 
| 109|0x00000000c6d00000, 0x00000000c6d00000, 0x00000000c6e00000|  0%| F|  |TAMS 0x00000000c6d00000, 0x00000000c6d00000| Untracked 
| 110|0x00000000c6e00000, 0x00000000c6e00000, 0x00000000c6f00000|  0%| F|  |TAMS 0x00000000c6e00000, 0x00000000c6e00000| Untracked 
| 111|0x00000000c6f00000, 0x00000000c6f00000, 0x00000000c7000000|  0%| F|  |TAMS 0x00000000c6f00000, 0x00000000c6f00000| Untracked 
| 112|0x00000000c7000000, 0x00000000c7000000, 0x00000000c7100000|  0%| F|  |TAMS 0x00000000c7000000, 0x00000000c7000000| Untracked 
| 113|0x00000000c7100000, 0x00000000c7108fa0, 0x00000000c7200000|  3%| E|  |TAMS 0x00000000c7100000, 0x00000000c7100000| Complete 

Card table byte_map: [0x0000016c7ebe0000,0x0000016c7ede0000] _byte_map_base: 0x0000016c7e5e0000

Marking Bits (Prev, Next): (CMBitMap*) 0x0000016c7dce41e0, (CMBitMap*) 0x0000016c7dce41a0
 Prev Bits: [0x0000016c05be0000, 0x0000016c06be0000)
 Next Bits: [0x0000016c7efe0000, 0x0000016c7ffe0000)

Polling page: 0x0000016c7c460000

Metaspace:

Usage:
  Non-class:     54.92 MB used.
      Class:      7.82 MB used.
       Both:     62.73 MB used.

Virtual space:
  Non-class space:       64.00 MB reserved,      55.12 MB ( 86%) committed,  1 nodes.
      Class space:        1.00 GB reserved,       8.00 MB ( <1%) committed,  1 nodes.
             Both:        1.06 GB reserved,      63.12 MB (  6%) committed. 

Chunk freelists:
   Non-Class:  8.34 MB
       Class:  7.89 MB
        Both:  16.23 MB

MaxMetaspaceSize: unlimited
CompressedClassSpaceSize: 1.00 GB
Initial GC threshold: 21.00 MB
Current GC threshold: 105.12 MB
CDS: off
MetaspaceReclaimPolicy: balanced
 - commit_granule_bytes: 65536.
 - commit_granule_words: 8192.
 - virtual_space_node_default_size: 8388608.
 - enlarge_chunks_in_place: 1.
 - new_chunks_are_fully_committed: 0.
 - uncommit_free_chunks: 1.
 - use_allocation_guard: 0.
 - handle_deallocations: 1.


Internal statistics:

num_allocs_failed_limit: 11.
num_arena_births: 808.
num_arena_deaths: 296.
num_vsnodes_births: 2.
num_vsnodes_deaths: 0.
num_space_committed: 1009.
num_space_uncommitted: 0.
num_chunks_returned_to_freelist: 364.
num_chunks_taken_from_freelist: 2955.
num_chunk_merges: 112.
num_chunk_splits: 1959.
num_chunks_enlarged: 1504.
num_inconsistent_stats: 0.

CodeCache: size=49152Kb used=15912Kb max_used=17474Kb free=33239Kb
 bounds [0x0000016c02be0000, 0x0000016c03d70000, 0x0000016c05be0000]
 total_blobs=9224 nmethods=8536 adapters=614
 compilation: enabled
              stopped_count=0, restarted_count=0
 full_count=0

Compilation events (20 events):
Event: 1973.579 Thread 0x0000016c096e0ba0 8526       1       java.lang.ProcessImpl::getOutputStream (5 bytes)
Event: 1973.579 Thread 0x0000016c096e0ba0 nmethod 8526 0x0000016c03b77110 code [0x0000016c03b772a0, 0x0000016c03b77378]
Event: 2058.444 Thread 0x0000016c096e0ba0 8527       1       java.util.concurrent.ConcurrentLinkedDeque::first (65 bytes)
Event: 2058.447 Thread 0x0000016c096e0ba0 nmethod 8527 0x0000016c03b76710 code [0x0000016c03b76900, 0x0000016c03b76df8]
Event: 2355.580 Thread 0x0000016c096e0ba0 8528       1       java.util.Properties::getProperty (16 bytes)
Event: 2355.580 Thread 0x0000016c096e0ba0 nmethod 8528 0x0000016c03b76410 code [0x0000016c03b765a0, 0x0000016c03b766a8]
Event: 2538.437 Thread 0x0000016c096e0ba0 8529       1       java.time.Clock$TickClock::millis (23 bytes)
Event: 2538.439 Thread 0x0000016c096e0ba0 nmethod 8529 0x0000016c03b75f90 code [0x0000016c03b76140, 0x0000016c03b762e8]
Event: 2538.439 Thread 0x0000016c096e0ba0 8530       1       java.time.Clock$SystemClock::millis (4 bytes)
Event: 2538.439 Thread 0x0000016c096e0ba0 nmethod 8530 0x0000016c03b75c90 code [0x0000016c03b75e20, 0x0000016c03b75ef8]
Event: 2568.435 Thread 0x0000016c096e0ba0 8535       1       java.util.concurrent.ConcurrentLinkedDeque::toArrayInternal (141 bytes)
Event: 2568.435 Thread 0x0000016c096e0ba0 nmethod 8535 0x0000016c03b74d10 code [0x0000016c03b74f00, 0x0000016c03b755d8]
Event: 2568.436 Thread 0x0000016c096e0ba0 8533       1       reactor.core.scheduler.BoundedElasticScheduler$BoundedServices::eviction (90 bytes)
Event: 2568.439 Thread 0x0000016c096e0ba0 nmethod 8533 0x0000016c03b74510 code [0x0000016c03b74700, 0x0000016c03b74a88]
Event: 2568.439 Thread 0x0000016c096e0ba0 8532       1       reactor.core.scheduler.BoundedElasticScheduler$$Lambda$690/0x00000001004de138::run (8 bytes)
Event: 2568.439 Thread 0x0000016c096e0ba0 nmethod 8532 0x0000016c03b74210 code [0x0000016c03b743a0, 0x0000016c03b74488]
Event: 2568.439 Thread 0x0000016c096e0ba0 8534       1       java.util.concurrent.ConcurrentLinkedDeque::toArray (6 bytes)
Event: 2568.440 Thread 0x0000016c096e0ba0 nmethod 8534 0x0000016c03b73f10 code [0x0000016c03b740a0, 0x0000016c03b74188]
Event: 2572.922 Thread 0x0000016c096e0ba0 8536       1       java.io.BufferedInputStream::<init> (32 bytes)
Event: 2572.922 Thread 0x0000016c096e0ba0 nmethod 8536 0x0000016c03b73990 code [0x0000016c03b73b40, 0x0000016c03b73e08]

GC Heap History (20 events):
Event: 2469.673 GC heap after
{Heap after GC invocations=197 (full 176):
 garbage-first heap   total 116736K, used 37018K [0x00000000c0000000, 0x0000000100000000)
  region size 1024K, 0 young (0K), 0 survivors (0K)
 Metaspace       used 64239K, committed 64640K, reserved 1114112K
  class space    used 8005K, committed 8192K, reserved 1048576K
}
Event: 2479.932 GC heap before
{Heap before GC invocations=197 (full 176):
 garbage-first heap   total 116736K, used 37018K [0x00000000c0000000, 0x0000000100000000)
  region size 1024K, 1 young (1024K), 0 survivors (0K)
 Metaspace       used 64239K, committed 64640K, reserved 1114112K
  class space    used 8005K, committed 8192K, reserved 1048576K
}
Event: 2479.969 GC heap after
{Heap after GC invocations=198 (full 177):
 garbage-first heap   total 116736K, used 37018K [0x00000000c0000000, 0x0000000100000000)
  region size 1024K, 0 young (0K), 0 survivors (0K)
 Metaspace       used 64239K, committed 64640K, reserved 1114112K
  class space    used 8005K, committed 8192K, reserved 1048576K
}
Event: 2490.253 GC heap before
{Heap before GC invocations=198 (full 177):
 garbage-first heap   total 116736K, used 37018K [0x00000000c0000000, 0x0000000100000000)
  region size 1024K, 1 young (1024K), 0 survivors (0K)
 Metaspace       used 64239K, committed 64640K, reserved 1114112K
  class space    used 8005K, committed 8192K, reserved 1048576K
}
Event: 2490.298 GC heap after
{Heap after GC invocations=199 (full 178):
 garbage-first heap   total 116736K, used 37018K [0x00000000c0000000, 0x0000000100000000)
  region size 1024K, 0 young (0K), 0 survivors (0K)
 Metaspace       used 64239K, committed 64640K, reserved 1114112K
  class space    used 8005K, committed 8192K, reserved 1048576K
}
Event: 2500.566 GC heap before
{Heap before GC invocations=199 (full 178):
 garbage-first heap   total 116736K, used 37018K [0x00000000c0000000, 0x0000000100000000)
  region size 1024K, 1 young (1024K), 0 survivors (0K)
 Metaspace       used 64239K, committed 64640K, reserved 1114112K
  class space    used 8005K, committed 8192K, reserved 1048576K
}
Event: 2500.610 GC heap after
{Heap after GC invocations=200 (full 179):
 garbage-first heap   total 116736K, used 37018K [0x00000000c0000000, 0x0000000100000000)
  region size 1024K, 0 young (0K), 0 survivors (0K)
 Metaspace       used 64239K, committed 64640K, reserved 1114112K
  class space    used 8005K, committed 8192K, reserved 1048576K
}
Event: 2510.870 GC heap before
{Heap before GC invocations=200 (full 179):
 garbage-first heap   total 116736K, used 37018K [0x00000000c0000000, 0x0000000100000000)
  region size 1024K, 1 young (1024K), 0 survivors (0K)
 Metaspace       used 64239K, committed 64640K, reserved 1114112K
  class space    used 8005K, committed 8192K, reserved 1048576K
}
Event: 2510.912 GC heap after
{Heap after GC invocations=201 (full 180):
 garbage-first heap   total 116736K, used 37018K [0x00000000c0000000, 0x0000000100000000)
  region size 1024K, 0 young (0K), 0 survivors (0K)
 Metaspace       used 64239K, committed 64640K, reserved 1114112K
  class space    used 8005K, committed 8192K, reserved 1048576K
}
Event: 2521.175 GC heap before
{Heap before GC invocations=201 (full 180):
 garbage-first heap   total 116736K, used 37018K [0x00000000c0000000, 0x0000000100000000)
  region size 1024K, 1 young (1024K), 0 survivors (0K)
 Metaspace       used 64239K, committed 64640K, reserved 1114112K
  class space    used 8005K, committed 8192K, reserved 1048576K
}
Event: 2521.219 GC heap after
{Heap after GC invocations=202 (full 181):
 garbage-first heap   total 116736K, used 37018K [0x00000000c0000000, 0x0000000100000000)
  region size 1024K, 0 young (0K), 0 survivors (0K)
 Metaspace       used 64239K, committed 64640K, reserved 1114112K
  class space    used 8005K, committed 8192K, reserved 1048576K
}
Event: 2531.487 GC heap before
{Heap before GC invocations=202 (full 181):
 garbage-first heap   total 116736K, used 37018K [0x00000000c0000000, 0x0000000100000000)
  region size 1024K, 1 young (1024K), 0 survivors (0K)
 Metaspace       used 64239K, committed 64640K, reserved 1114112K
  class space    used 8005K, committed 8192K, reserved 1048576K
}
Event: 2531.530 GC heap after
{Heap after GC invocations=203 (full 182):
 garbage-first heap   total 116736K, used 37018K [0x00000000c0000000, 0x0000000100000000)
  region size 1024K, 0 young (0K), 0 survivors (0K)
 Metaspace       used 64239K, committed 64640K, reserved 1114112K
  class space    used 8005K, committed 8192K, reserved 1048576K
}
Event: 2541.792 GC heap before
{Heap before GC invocations=203 (full 182):
 garbage-first heap   total 116736K, used 37018K [0x00000000c0000000, 0x0000000100000000)
  region size 1024K, 1 young (1024K), 0 survivors (0K)
 Metaspace       used 64239K, committed 64640K, reserved 1114112K
  class space    used 8005K, committed 8192K, reserved 1048576K
}
Event: 2541.836 GC heap after
{Heap after GC invocations=204 (full 183):
 garbage-first heap   total 116736K, used 37018K [0x00000000c0000000, 0x0000000100000000)
  region size 1024K, 0 young (0K), 0 survivors (0K)
 Metaspace       used 64239K, committed 64640K, reserved 1114112K
  class space    used 8005K, committed 8192K, reserved 1048576K
}
Event: 2552.106 GC heap before
{Heap before GC invocations=204 (full 183):
 garbage-first heap   total 116736K, used 37018K [0x00000000c0000000, 0x0000000100000000)
  region size 1024K, 1 young (1024K), 0 survivors (0K)
 Metaspace       used 64239K, committed 64640K, reserved 1114112K
  class space    used 8005K, committed 8192K, reserved 1048576K
}
Event: 2552.145 GC heap after
{Heap after GC invocations=205 (full 184):
 garbage-first heap   total 116736K, used 37018K [0x00000000c0000000, 0x0000000100000000)
  region size 1024K, 0 young (0K), 0 survivors (0K)
 Metaspace       used 64239K, committed 64640K, reserved 1114112K
  class space    used 8005K, committed 8192K, reserved 1048576K
}
Event: 2562.803 GC heap before
{Heap before GC invocations=205 (full 184):
 garbage-first heap   total 116736K, used 37018K [0x00000000c0000000, 0x0000000100000000)
  region size 1024K, 1 young (1024K), 0 survivors (0K)
 Metaspace       used 64239K, committed 64640K, reserved 1114112K
  class space    used 8005K, committed 8192K, reserved 1048576K
}
Event: 2562.856 GC heap after
{Heap after GC invocations=206 (full 185):
 garbage-first heap   total 116736K, used 37018K [0x00000000c0000000, 0x0000000100000000)
  region size 1024K, 0 young (0K), 0 survivors (0K)
 Metaspace       used 64239K, committed 64640K, reserved 1114112K
  class space    used 8005K, committed 8192K, reserved 1048576K
}
Event: 2573.043 GC heap before
{Heap before GC invocations=206 (full 185):
 garbage-first heap   total 116736K, used 37018K [0x00000000c0000000, 0x0000000100000000)
  region size 1024K, 1 young (1024K), 0 survivors (0K)
 Metaspace       used 64239K, committed 64640K, reserved 1114112K
  class space    used 8005K, committed 8192K, reserved 1048576K
}

Dll operation events (10 events):
Event: 0.026 Loaded shared library c:\Users\liwenyue\.vscode\extensions\redhat.java-1.34.0-win32-x64\jre\17.0.12-win32-x86_64\bin\java.dll
Event: 0.714 Loaded shared library C:\Users\liwenyue\.vscode\extensions\redhat.java-1.34.0-win32-x64\jre\17.0.12-win32-x86_64\bin\net.dll
Event: 0.720 Loaded shared library C:\Users\liwenyue\.vscode\extensions\redhat.java-1.34.0-win32-x64\jre\17.0.12-win32-x86_64\bin\nio.dll
Event: 0.757 Loaded shared library C:\Users\liwenyue\.vscode\extensions\redhat.java-1.34.0-win32-x64\jre\17.0.12-win32-x86_64\bin\zip.dll
Event: 1.932 Loaded shared library C:\Users\liwenyue\.vscode\extensions\redhat.java-1.34.0-win32-x64\jre\17.0.12-win32-x86_64\bin\jimage.dll
Event: 4.248 Loaded shared library c:\Users\liwenyue\.vscode\extensions\redhat.java-1.34.0-win32-x64\jre\17.0.12-win32-x86_64\bin\verify.dll
Event: 8.593 Loaded shared library C:\Users\liwenyue\.vscode\extensions\redhat.java-1.34.0-win32-x64\jre\17.0.12-win32-x86_64\bin\management.dll
Event: 8.598 Loaded shared library C:\Users\liwenyue\.vscode\extensions\redhat.java-1.34.0-win32-x64\jre\17.0.12-win32-x86_64\bin\management_ext.dll
Event: 10.143 Loaded shared library C:\Users\liwenyue\.vscode\extensions\redhat.java-1.34.0-win32-x64\jre\17.0.12-win32-x86_64\bin\sunmscapi.dll
Event: 10.924 Loaded shared library C:\Users\liwenyue\.vscode\extensions\redhat.java-1.34.0-win32-x64\jre\17.0.12-win32-x86_64\bin\extnet.dll

Deoptimization events (20 events):
Event: 10.211 Thread 0x0000016c0f6e2120 DEOPT PACKING pc=0x0000016c02dd080c sp=0x00000035026fa6e0
Event: 10.211 Thread 0x0000016c0f6e2120 DEOPT UNPACKING pc=0x0000016c02c3ace3 sp=0x00000035026f9ba8 mode 0
Event: 57.419 Thread 0x0000016c0f248fe0 DEOPT PACKING pc=0x0000016c03293554 sp=0x00000035013fefc0
Event: 57.420 Thread 0x0000016c0f248fe0 DEOPT UNPACKING pc=0x0000016c02c3ace3 sp=0x00000035013fe468 mode 0
Event: 97.375 Thread 0x0000016c0f5b8a90 DEOPT PACKING pc=0x0000016c0349dc8c sp=0x00000035019fe400
Event: 97.375 Thread 0x0000016c0f5b8a90 DEOPT UNPACKING pc=0x0000016c02c3ace3 sp=0x00000035019fd968 mode 0
Event: 97.375 Thread 0x0000016c0f5b8a90 DEOPT PACKING pc=0x0000016c0360174c sp=0x00000035019fe530
Event: 97.375 Thread 0x0000016c0f5b8a90 DEOPT UNPACKING pc=0x0000016c02c3ace3 sp=0x00000035019fda10 mode 0
Event: 97.375 Thread 0x0000016c0f5b8a90 DEOPT PACKING pc=0x0000016c0349dc8c sp=0x00000035019fe660
Event: 97.375 Thread 0x0000016c0f5b8a90 DEOPT UNPACKING pc=0x0000016c02c3ace3 sp=0x00000035019fdbc8 mode 0
Event: 97.375 Thread 0x0000016c0f5b8a90 DEOPT PACKING pc=0x0000016c0360174c sp=0x00000035019fe790
Event: 97.375 Thread 0x0000016c0f5b8a90 DEOPT UNPACKING pc=0x0000016c02c3ace3 sp=0x00000035019fdc88 mode 0
Event: 97.375 Thread 0x0000016c0f5b8a90 DEOPT PACKING pc=0x0000016c0349dc8c sp=0x00000035019feb00
Event: 97.375 Thread 0x0000016c0f5b8a90 DEOPT UNPACKING pc=0x0000016c02c3ace3 sp=0x00000035019fe068 mode 0
Event: 97.375 Thread 0x0000016c0f5b8a90 DEOPT PACKING pc=0x0000016c0360174c sp=0x00000035019fec30
Event: 97.375 Thread 0x0000016c0f5b8a90 DEOPT UNPACKING pc=0x0000016c02c3ace3 sp=0x00000035019fe128 mode 0
Event: 99.539 Thread 0x0000016c0f5b8a90 DEOPT PACKING pc=0x0000016c038cbc9d sp=0x00000035019fe4c0
Event: 99.539 Thread 0x0000016c0f5b8a90 DEOPT UNPACKING pc=0x0000016c02c3ace3 sp=0x00000035019fda60 mode 0
Event: 673.590 Thread 0x0000016c0f5b8a90 DEOPT PACKING pc=0x0000016c0319ab52 sp=0x00000035019fe220
Event: 673.590 Thread 0x0000016c0f5b8a90 DEOPT UNPACKING pc=0x0000016c02c3ace3 sp=0x00000035019fd728 mode 3

Classes loaded (20 events):
Event: 393.974 Loading class sun/util/resources/BreakIteratorResourceBundle done
Event: 393.974 Loading class sun/text/resources/BreakIteratorResources done
Event: 393.974 Loading class sun/text/resources/BreakIteratorResources_en
Event: 393.974 Loading class sun/text/resources/BreakIteratorResources_en done
Event: 393.974 Loading class sun/text/resources/BreakIteratorResources_en_US
Event: 393.974 Loading class sun/text/resources/BreakIteratorResources_en_US done
Event: 393.974 Loading class sun/text/RuleBasedBreakIterator
Event: 393.974 Loading class sun/text/RuleBasedBreakIterator done
Event: 393.974 Loading class sun/text/CompactByteArray
Event: 393.974 Loading class sun/text/CompactByteArray done
Event: 393.975 Loading class sun/text/SupplementaryCharacterData
Event: 393.975 Loading class sun/text/SupplementaryCharacterData done
Event: 393.975 Loading class java/text/BreakIterator$BreakIteratorCache
Event: 393.975 Loading class java/text/BreakIterator$BreakIteratorCache done
Event: 393.975 Loading class java/text/StringCharacterIterator
Event: 393.975 Loading class java/text/CharacterIterator
Event: 393.975 Loading class java/text/CharacterIterator done
Event: 393.975 Loading class java/text/StringCharacterIterator done
Event: 400.011 Loading class java/util/concurrent/locks/AbstractQueuedSynchronizer$SharedNode
Event: 400.011 Loading class java/util/concurrent/locks/AbstractQueuedSynchronizer$SharedNode done

Classes unloaded (20 events):
Event: 603.830 Thread 0x0000016c09626d50 Unloading class 0x000000010008c000 'java/lang/invoke/LambdaForm$MH+0x000000010008c000'
Event: 603.830 Thread 0x0000016c09626d50 Unloading class 0x000000010008d400 'java/lang/invoke/LambdaForm$MH+0x000000010008d400'
Event: 603.830 Thread 0x0000016c09626d50 Unloading class 0x000000010008e800 'java/lang/invoke/LambdaForm$MH+0x000000010008e800'
Event: 747.942 Thread 0x0000016c09626d50 Unloading class 0x0000000100436000 'java/lang/invoke/LambdaForm$MH+0x0000000100436000'
Event: 747.942 Thread 0x0000016c09626d50 Unloading class 0x0000000100434400 'java/lang/invoke/LambdaForm$MH+0x0000000100434400'
Event: 747.942 Thread 0x0000016c09626d50 Unloading class 0x0000000100410800 'java/lang/invoke/LambdaForm$MH+0x0000000100410800'
Event: 747.942 Thread 0x0000016c09626d50 Unloading class 0x000000010008e800 'java/lang/invoke/LambdaForm$MH+0x000000010008e800'
Event: 747.942 Thread 0x0000016c09626d50 Unloading class 0x000000010008d400 'java/lang/invoke/LambdaForm$MH+0x000000010008d400'
Event: 747.942 Thread 0x0000016c09626d50 Unloading class 0x000000010008c000 'java/lang/invoke/LambdaForm$MH+0x000000010008c000'
Event: 747.942 Thread 0x0000016c09626d50 Unloading class 0x0000000100590800 'java/lang/invoke/LambdaForm$MH+0x0000000100590800'
Event: 747.942 Thread 0x0000016c09626d50 Unloading class 0x0000000100772400 'java/lang/invoke/LambdaForm$MH+0x0000000100772400'
Event: 747.942 Thread 0x0000016c09626d50 Unloading class 0x00000001003b8800 'java/lang/invoke/LambdaForm$MH+0x00000001003b8800'
Event: 758.228 Thread 0x0000016c09626d50 Unloading class 0x000000010081d800 'jdk/internal/reflect/GeneratedConstructorAccessor60'
Event: 758.228 Thread 0x0000016c09626d50 Unloading class 0x000000010081d400 'jdk/internal/reflect/GeneratedConstructorAccessor59'
Event: 758.228 Thread 0x0000016c09626d50 Unloading class 0x000000010081d000 'jdk/internal/reflect/GeneratedConstructorAccessor58'
Event: 758.228 Thread 0x0000016c09626d50 Unloading class 0x000000010081cc00 'jdk/internal/reflect/GeneratedConstructorAccessor57'
Event: 758.228 Thread 0x0000016c09626d50 Unloading class 0x0000000100817400 'java/lang/invoke/LambdaForm$MH+0x0000000100817400'
Event: 758.228 Thread 0x0000016c09626d50 Unloading class 0x0000000100817000 'java/lang/invoke/LambdaForm$MH+0x0000000100817000'
Event: 758.228 Thread 0x0000016c09626d50 Unloading class 0x0000000100816c00 'java/lang/invoke/LambdaForm$MH+0x0000000100816c00'
Event: 758.228 Thread 0x0000016c09626d50 Unloading class 0x00000001003b8400 'java/lang/invoke/LambdaForm$MH+0x00000001003b8400'

Classes redefined (0 events):
No events

Internal exceptions (20 events):
Event: 678.984 Thread 0x0000016c0f6e7c40 Exception <a 'sun/nio/fs/WindowsException'{0x00000000c55e3710}> (0x00000000c55e3710) 
thrown [s\src\hotspot\share\prims\jni.cpp, line 516]
Event: 678.984 Thread 0x0000016c0f6e7c40 Exception <a 'sun/nio/fs/WindowsException'{0x00000000c55e3e30}> (0x00000000c55e3e30) 
thrown [s\src\hotspot\share\prims\jni.cpp, line 516]
Event: 678.984 Thread 0x0000016c0f6e7c40 Exception <a 'sun/nio/fs/WindowsException'{0x00000000c55e41d0}> (0x00000000c55e41d0) 
thrown [s\src\hotspot\share\prims\jni.cpp, line 516]
Event: 678.984 Thread 0x0000016c0f6e7c40 Exception <a 'sun/nio/fs/WindowsException'{0x00000000c55e5120}> (0x00000000c55e5120) 
thrown [s\src\hotspot\share\prims\jni.cpp, line 516]
Event: 678.984 Thread 0x0000016c0f6e7c40 Exception <a 'sun/nio/fs/WindowsException'{0x00000000c55e5500}> (0x00000000c55e5500) 
thrown [s\src\hotspot\share\prims\jni.cpp, line 516]
Event: 678.984 Thread 0x0000016c0f6e7c40 Exception <a 'sun/nio/fs/WindowsException'{0x00000000c55e6248}> (0x00000000c55e6248) 
thrown [s\src\hotspot\share\prims\jni.cpp, line 516]
Event: 678.984 Thread 0x0000016c0f6e7c40 Exception <a 'sun/nio/fs/WindowsException'{0x00000000c55e6968}> (0x00000000c55e6968) 
thrown [s\src\hotspot\share\prims\jni.cpp, line 516]
Event: 678.984 Thread 0x0000016c0f6e7c40 Exception <a 'sun/nio/fs/WindowsException'{0x00000000c55e6d08}> (0x00000000c55e6d08) 
thrown [s\src\hotspot\share\prims\jni.cpp, line 516]
Event: 678.985 Thread 0x0000016c0f6e7c40 Exception <a 'sun/nio/fs/WindowsException'{0x00000000c55e7c58}> (0x00000000c55e7c58) 
thrown [s\src\hotspot\share\prims\jni.cpp, line 516]
Event: 678.985 Thread 0x0000016c0f6e7c40 Exception <a 'sun/nio/fs/WindowsException'{0x00000000c55e8038}> (0x00000000c55e8038) 
thrown [s\src\hotspot\share\prims\jni.cpp, line 516]
Event: 678.985 Thread 0x0000016c0f6e7c40 Exception <a 'sun/nio/fs/WindowsException'{0x00000000c55e8d80}> (0x00000000c55e8d80) 
thrown [s\src\hotspot\share\prims\jni.cpp, line 516]
Event: 678.985 Thread 0x0000016c0f6e7c40 Exception <a 'sun/nio/fs/WindowsException'{0x00000000c55e94a0}> (0x00000000c55e94a0) 
thrown [s\src\hotspot\share\prims\jni.cpp, line 516]
Event: 678.985 Thread 0x0000016c0f6e7c40 Exception <a 'sun/nio/fs/WindowsException'{0x00000000c55e9840}> (0x00000000c55e9840) 
thrown [s\src\hotspot\share\prims\jni.cpp, line 516]
Event: 678.985 Thread 0x0000016c0f6e7c40 Exception <a 'sun/nio/fs/WindowsException'{0x00000000c55ea790}> (0x00000000c55ea790) 
thrown [s\src\hotspot\share\prims\jni.cpp, line 516]
Event: 678.985 Thread 0x0000016c0f6e7c40 Exception <a 'sun/nio/fs/WindowsException'{0x00000000c55eab70}> (0x00000000c55eab70) 
thrown [s\src\hotspot\share\prims\jni.cpp, line 516]
Event: 679.156 Thread 0x0000016c0f6e7c40 Exception <a 'sun/nio/fs/WindowsException'{0x00000000c6952700}> (0x00000000c6952700) 
thrown [s\src\hotspot\share\prims\jni.cpp, line 516]
Event: 679.156 Thread 0x0000016c0f6e7c40 Exception <a 'sun/nio/fs/WindowsException'{0x00000000c6952de0}> (0x00000000c6952de0) 
thrown [s\src\hotspot\share\prims\jni.cpp, line 516]
Event: 679.156 Thread 0x0000016c0f6e7c40 Exception <a 'sun/nio/fs/WindowsException'{0x00000000c6953160}> (0x00000000c6953160) 
thrown [s\src\hotspot\share\prims\jni.cpp, line 516]
Event: 679.156 Thread 0x0000016c0f6e7c40 Exception <a 'sun/nio/fs/WindowsException'{0x00000000c6954090}> (0x00000000c6954090) 
thrown [s\src\hotspot\share\prims\jni.cpp, line 516]
Event: 679.156 Thread 0x0000016c0f6e7c40 Exception <a 'sun/nio/fs/WindowsException'{0x00000000c6954450}> (0x00000000c6954450) 
thrown [s\src\hotspot\share\prims\jni.cpp, line 516]

VM Operations (20 events):
Event: 2469.673 Executing VM operation: G1CollectFull done
Event: 2479.932 Executing VM operation: G1CollectFull
Event: 2479.969 Executing VM operation: G1CollectFull done
Event: 2490.253 Executing VM operation: G1CollectFull
Event: 2490.298 Executing VM operation: G1CollectFull done
Event: 2500.566 Executing VM operation: G1CollectFull
Event: 2500.610 Executing VM operation: G1CollectFull done
Event: 2510.870 Executing VM operation: G1CollectFull
Event: 2510.912 Executing VM operation: G1CollectFull done
Event: 2521.175 Executing VM operation: G1CollectFull
Event: 2521.219 Executing VM operation: G1CollectFull done
Event: 2531.487 Executing VM operation: G1CollectFull
Event: 2531.530 Executing VM operation: G1CollectFull done
Event: 2541.792 Executing VM operation: G1CollectFull
Event: 2541.836 Executing VM operation: G1CollectFull done
Event: 2552.106 Executing VM operation: G1CollectFull
Event: 2552.145 Executing VM operation: G1CollectFull done
Event: 2562.803 Executing VM operation: G1CollectFull
Event: 2562.856 Executing VM operation: G1CollectFull done
Event: 2573.043 Executing VM operation: G1CollectFull

Events (20 events):
Event: 1163.618 Thread 0x0000016c1016ca00 Thread added: 0x0000016c1016ca00
Event: 1163.618 Thread 0x0000016c0f7bbac0 Thread added: 0x0000016c0f7bbac0
Event: 1163.618 Thread 0x0000016c101a9460 Thread added: 0x0000016c101a9460
Event: 1164.016 Thread 0x0000016c0f6e8b70 Thread added: 0x0000016c0f6e8b70
Event: 1164.189 Thread 0x0000016c101a9460 Thread exited: 0x0000016c101a9460
Event: 1164.189 Thread 0x0000016c0f7bbac0 Thread exited: 0x0000016c0f7bbac0
Event: 1165.104 Thread 0x0000016c1016ca00 Thread exited: 0x0000016c1016ca00
Event: 1168.930 Thread 0x0000016c0f6e7220 Thread added: 0x0000016c0f6e7220
Event: 1224.022 Thread 0x0000016c0f6e6800 Thread exited: 0x0000016c0f6e6800
Event: 1228.933 Thread 0x0000016c0f6e7220 Thread exited: 0x0000016c0f6e7220
Event: 1232.031 Thread 0x0000016c0f6e8b70 Thread exited: 0x0000016c0f6e8b70
Event: 1247.664 Thread 0x0000016c0f6e5de0 Thread exited: 0x0000016c0f6e5de0
Event: 1248.510 Thread 0x0000016c0f6e5de0 Thread added: 0x0000016c0f6e5de0
Event: 1248.665 Thread 0x0000016c0f6e1700 Thread added: 0x0000016c0f6e1700
Event: 1308.667 Thread 0x0000016c0f6e1700 Thread exited: 0x0000016c0f6e1700
Event: 1314.244 Thread 0x0000016c0f6e5de0 Thread exited: 0x0000016c0f6e5de0
Event: 1316.660 Thread 0x0000016c0f6e1c10 Thread added: 0x0000016c0f6e1c10
Event: 1317.251 Thread 0x0000016c0f6e1700 Thread added: 0x0000016c0f6e1700
Event: 1377.267 Thread 0x0000016c0f6e1700 Thread exited: 0x0000016c0f6e1700
Event: 1388.245 Thread 0x0000016c0f6e1c10 Thread exited: 0x0000016c0f6e1c10


Dynamic libraries:
0x00007ff717610000 - 0x00007ff71761e000 	c:\Users\liwenyue\.vscode\extensions\redhat.java-1.34.0-win32-x64\jre\17.0.12-win32-x86_64\bin\java.exe
0x00007fffccb10000 - 0x00007fffccd05000 	C:\Windows\SYSTEM32\ntdll.dll
0x00007fffcc680000 - 0x00007fffcc73d000 	C:\Windows\System32\KERNEL32.DLL
0x00007fffca300000 - 0x00007fffca5c7000 	C:\Windows\System32\KERNELBASE.dll
0x00007fffca040000 - 0x00007fffca140000 	C:\Windows\System32\ucrtbase.dll
0x00007fffa3fa0000 - 0x00007fffa3fb7000 	c:\Users\liwenyue\.vscode\extensions\redhat.java-1.34.0-win32-x64\jre\17.0.12-win32-x86_64\bin\jli.dll
0x00007fffcc000000 - 0x00007fffcc1a0000 	C:\Windows\System32\USER32.dll
0x00007fffca6f0000 - 0x00007fffca712000 	C:\Windows\System32\win32u.dll
0x00007fffcadb0000 - 0x00007fffcadda000 	C:\Windows\System32\GDI32.dll
0x00007fffca720000 - 0x00007fffca82a000 	C:\Windows\System32\gdi32full.dll
0x00007fffc9f20000 - 0x00007fffc9fbd000 	C:\Windows\System32\msvcp_win.dll
0x00007fffb37d0000 - 0x00007fffb3a6a000 	C:\Windows\WinSxS\amd64_microsoft.windows.common-controls_6595b64144ccf1df_6.0.19041.1_none_b555e41d4684ddec\COMCTL32.dll
0x00007fffcb150000 - 0x00007fffcb1ee000 	C:\Windows\System32\msvcrt.dll
0x00007fffacc50000 - 0x00007fffacc6b000 	c:\Users\liwenyue\.vscode\extensions\redhat.java-1.34.0-win32-x64\jre\17.0.12-win32-x86_64\bin\VCRUNTIME140.dll
0x00007fffcc900000 - 0x00007fffcc930000 	C:\Windows\System32\IMM32.DLL
0x00000000541a0000 - 0x00000000541ad000 	C:\Program Files (x86)\360\360Safe\safemon\SafeWrapper.dll
0x00007fffcb760000 - 0x00007fffcb80a000 	C:\Windows\System32\ADVAPI32.dll
0x00007fffcc5e0000 - 0x00007fffcc67b000 	C:\Windows\System32\sechost.dll
0x00007fffca9c0000 - 0x00007fffcaae3000 	C:\Windows\System32\RPCRT4.dll
0x00007fffb57b0000 - 0x00007fffb58b3000 	C:\Program Files (x86)\360\360Safe\safemon\libzdtp64.dll
0x00007fffcb8c0000 - 0x00007fffcc000000 	C:\Windows\System32\SHELL32.dll
0x00007fffcc580000 - 0x00007fffcc5d5000 	C:\Windows\System32\SHLWAPI.dll
0x00007fffc9a30000 - 0x00007fffc9a3a000 	C:\Windows\SYSTEM32\VERSION.dll
0x00007fffbd460000 - 0x00007fffbd46c000 	c:\Users\liwenyue\.vscode\extensions\redhat.java-1.34.0-win32-x64\jre\17.0.12-win32-x86_64\bin\vcruntime140_1.dll
0x00007fff71a70000 - 0x00007fff71afd000 	c:\Users\liwenyue\.vscode\extensions\redhat.java-1.34.0-win32-x64\jre\17.0.12-win32-x86_64\bin\msvcp140.dll
0x00007fff3a480000 - 0x00007fff3b0ea000 	c:\Users\liwenyue\.vscode\extensions\redhat.java-1.34.0-win32-x64\jre\17.0.12-win32-x86_64\bin\server\jvm.dll
0x00007fffca5f0000 - 0x00007fffca63b000 	C:\Windows\System32\POWRPROF.dll
0x00007fffcc810000 - 0x00007fffcc87b000 	C:\Windows\System32\WS2_32.dll
0x00007fffbbe60000 - 0x00007fffbbe87000 	C:\Windows\SYSTEM32\WINMM.dll
0x00007fffc9d90000 - 0x00007fffc9da2000 	C:\Windows\SYSTEM32\UMPDC.dll
0x00007fffca5d0000 - 0x00007fffca5e3000 	C:\Windows\System32\kernel.appcore.dll
0x00007fffafb60000 - 0x00007fffafb6a000 	c:\Users\liwenyue\.vscode\extensions\redhat.java-1.34.0-win32-x64\jre\17.0.12-win32-x86_64\bin\jimage.dll
0x00007fffc7cf0000 - 0x00007fffc7ed4000 	C:\Windows\SYSTEM32\DBGHELP.DLL
0x00007fffb4590000 - 0x00007fffb45bc000 	C:\Windows\SYSTEM32\dbgcore.DLL
0x00007fffc9fc0000 - 0x00007fffca03f000 	C:\Windows\System32\bcryptPrimitives.dll
0x00007fffa3e40000 - 0x00007fffa3e65000 	c:\Users\liwenyue\.vscode\extensions\redhat.java-1.34.0-win32-x64\jre\17.0.12-win32-x86_64\bin\java.dll
0x00007fffa3f80000 - 0x00007fffa3f98000 	c:\Users\liwenyue\.vscode\extensions\redhat.java-1.34.0-win32-x64\jre\17.0.12-win32-x86_64\bin\zip.dll
0x00007fffc8150000 - 0x00007fffc88e1000 	C:\Windows\SYSTEM32\windows.storage.dll
0x00007fffcade0000 - 0x00007fffcb133000 	C:\Windows\System32\combase.dll
0x00007fffc9880000 - 0x00007fffc98ac000 	C:\Windows\SYSTEM32\Wldp.dll
0x00007fffcb810000 - 0x00007fffcb8be000 	C:\Windows\System32\SHCORE.dll
0x00007fffc9e30000 - 0x00007fffc9e4f000 	C:\Windows\SYSTEM32\profapi.dll
0x00007fffa3e20000 - 0x00007fffa3e39000 	C:\Users\liwenyue\.vscode\extensions\redhat.java-1.34.0-win32-x64\jre\17.0.12-win32-x86_64\bin\net.dll
0x00007fffc5050000 - 0x00007fffc5150000 	C:\Windows\SYSTEM32\WINHTTP.dll
0x00007fffc9600000 - 0x00007fffc966a000 	C:\Windows\system32\mswsock.dll
0x00007fffa3a00000 - 0x00007fffa3a16000 	C:\Users\liwenyue\.vscode\extensions\redhat.java-1.34.0-win32-x64\jre\17.0.12-win32-x86_64\bin\nio.dll
0x00007fffa6150000 - 0x00007fffa6160000 	c:\Users\liwenyue\.vscode\extensions\redhat.java-1.34.0-win32-x64\jre\17.0.12-win32-x86_64\bin\verify.dll
0x00007fffc97e0000 - 0x00007fffc97f8000 	C:\Windows\SYSTEM32\CRYPTSP.dll
0x00007fffc8f90000 - 0x00007fffc8fc4000 	C:\Windows\system32\rsaenh.dll
0x00007fffca940000 - 0x00007fffca967000 	C:\Windows\System32\bcrypt.dll
0x00007fffc9df0000 - 0x00007fffc9e1e000 	C:\Windows\SYSTEM32\USERENV.dll
0x00007fffc97d0000 - 0x00007fffc97dc000 	C:\Windows\SYSTEM32\CRYPTBASE.dll
0x00007fffc92f0000 - 0x00007fffc932b000 	C:\Windows\SYSTEM32\IPHLPAPI.DLL
0x00007fffcad20000 - 0x00007fffcad29000 	C:\Windows\System32\NSI.dll
0x00007fffbd540000 - 0x00007fffbd557000 	C:\Windows\SYSTEM32\dhcpcsvc6.DLL
0x00007fffbd5f0000 - 0x00007fffbd60d000 	C:\Windows\SYSTEM32\dhcpcsvc.DLL
0x00007fffc9330000 - 0x00007fffc93fa000 	C:\Windows\SYSTEM32\DNSAPI.dll
0x00007fffc3be0000 - 0x00007fffc3be9000 	C:\Users\liwenyue\.vscode\extensions\redhat.java-1.34.0-win32-x64\jre\17.0.12-win32-x86_64\bin\management.dll
0x00007fffc23a0000 - 0x00007fffc23ab000 	C:\Users\liwenyue\.vscode\extensions\redhat.java-1.34.0-win32-x64\jre\17.0.12-win32-x86_64\bin\management_ext.dll
0x00007fffcb750000 - 0x00007fffcb758000 	C:\Windows\System32\PSAPI.DLL
0x00007fffbb2d0000 - 0x00007fffbb2de000 	C:\Users\liwenyue\.vscode\extensions\redhat.java-1.34.0-win32-x64\jre\17.0.12-win32-x86_64\bin\sunmscapi.dll
0x00007fffca140000 - 0x00007fffca29d000 	C:\Windows\System32\CRYPT32.dll
0x00007fffc98f0000 - 0x00007fffc9917000 	C:\Windows\SYSTEM32\ncrypt.dll
0x00007fffc98b0000 - 0x00007fffc98eb000 	C:\Windows\SYSTEM32\NTASN1.dll
0x00007fffaa000000 - 0x00007fffaa04b000 	C:\Program Files (x86)\Sangfor\SSL\ClientComponent\SangforNspX64.dll
0x00007fffcaaf0000 - 0x00007fffcac19000 	C:\Windows\System32\ole32.dll
0x00007fffcc740000 - 0x00007fffcc80d000 	C:\Windows\System32\OLEAUT32.dll
0x0000000053dc0000 - 0x0000000053de6000 	C:\Program Files\Bonjour\mdnsNSP.dll
0x00007fffbd510000 - 0x00007fffbd51a000 	C:\Windows\System32\rasadhlp.dll
0x00007fffbb6d0000 - 0x00007fffbb74f000 	C:\Windows\System32\fwpuclnt.dll
0x00007fffc7500000 - 0x00007fffc7509000 	C:\Users\liwenyue\.vscode\extensions\redhat.java-1.34.0-win32-x64\jre\17.0.12-win32-x86_64\bin\extnet.dll

dbghelp: loaded successfully - version: 4.0.5 - missing functions: none
symbol engine: initialized successfully - sym options: 0x614 - pdb path: .;c:\Users\liwenyue\.vscode\extensions\redhat.java-1.34.0-win32-x64\jre\17.0.12-win32-x86_64\bin;C:\Windows\SYSTEM32;C:\Windows\WinSxS\amd64_microsoft.windows.common-controls_6595b64144ccf1df_6.0.19041.1_none_b555e41d4684ddec;C:\Program Files (x86)\360\360Safe\safemon;c:\Users\liwenyue\.vscode\extensions\redhat.java-1.34.0-win32-x64\jre\17.0.12-win32-x86_64\bin\server;C:\Program Files (x86)\Sangfor\SSL\ClientComponent;C:\Program Files\Bonjour

VM Arguments:
jvm_args: -Xmx1024m -Dsts.lsp.client=vscode -Dsts.log.file=/dev/null -XX:TieredStopAtLevel=1 -Xlog:jni+resolve=off -Dspring.config.location=file:c:\Users\liwenyue\.vscode\extensions\vmware.vscode-spring-boot-1.56.0\language-server\BOOT-INF\classes\application.properties 
java_command: org.springframework.ide.vscode.boot.app.BootLanguageServerBootApp
java_class_path (initial): c:\Users\liwenyue\.vscode\extensions\vmware.vscode-spring-boot-1.56.0\language-server\BOOT-INF\classes;c:\Users\liwenyue\.vscode\extensions\vmware.vscode-spring-boot-1.56.0\language-server\BOOT-INF\lib\annotations-24.1.0.jar;c:\Users\liwenyue\.vscode\extensions\vmware.vscode-spring-boot-1.56.0\language-server\BOOT-INF\lib\antlr4-runtime-4.13.1.jar;c:\Users\liwenyue\.vscode\extensions\vmware.vscode-spring-boot-1.56.0\language-server\BOOT-INF\lib\asm-9.7.jar;c:\Users\liwenyue\.vscode\extensions\vmware.vscode-spring-boot-1.56.0\language-server\BOOT-INF\lib\asm-analysis-9.7.jar;c:\Users\liwenyue\.vscode\extensions\vmware.vscode-spring-boot-1.56.0\language-server\BOOT-INF\lib\asm-tree-9.7.jar;c:\Users\liwenyue\.vscode\extensions\vmware.vscode-spring-boot-1.56.0\language-server\BOOT-INF\lib\asm-util-9.7.jar;c:\Users\liwenyue\.vscode\extensions\vmware.vscode-spring-boot-1.56.0\language-server\BOOT-INF\lib\caffeine-3.1.8.jar;c:\Users\liwenyue\.vscode\extensions\vmware.vscode-spring-boot-1.56.0\language-server\BOOT-INF\lib\checker-qual-3.12.0.jar;c:\Users\liwenyue\.vscode\extensions\vmware.vscode-spring-boot-1.56.0\language-server\BOOT-INF\lib\classgraph-4.8.149.jar;c:\Users\liwenyue\.vscode\extensions\vmware.vscode-spring-boot-1.56.0\language-server\BOOT-INF\lib\commons-codec-1.16.1.jar;c:\Users\liwenyue\.vscode\extensions\vmware.vscode-spring-boot-1.56.0\language-server\BOOT-INF\lib\commons-compress-1.26.2.jar;c:\Users\liwenyue\.vscode\extensions\vmware.vscode-spring-boot-1.56.0\language-server\BOOT-INF\lib\commons-io-2.16.1.jar;c:\Users\liwenyue\.vscode\extensions\vmware.vscode-spring-boot-1.56.0\language-server\BOOT-INF\lib\commons-java-1.56.0-SNAPSHOT.jar;c:\Users\liwenyue\.vscode\extensions\vmware.vscode-spring-boot-1.56.0\language-server\BOOT-INF\lib\commons-lang3-3.14.0.jar;c:\Users\liwenyue\.vscode\extensions\vmware.vscode-spring-boot-1.56.0\language-server\BOOT-INF\lib\commons-language-server-1.56.0-SNAPSHOT.jar;c:\Users\liwenyue\.vscod
Launcher Type: SUN_STANDARD

[Global flags]
     intx CICompilerCount                          = 4                                         {product} {ergonomic}
     uint ConcGCThreads                            = 2                                         {product} {ergonomic}
     uint G1ConcRefinementThreads                  = 8                                         {product} {ergonomic}
   size_t G1HeapRegionSize                         = 1048576                                   {product} {ergonomic}
    uintx GCDrainStackTargetSize                   = 64                                        {product} {ergonomic}
   size_t InitialHeapSize                          = 132120576                                 {product} {ergonomic}
   size_t MarkStackSize                            = 4194304                                   {product} {ergonomic}
   size_t MaxHeapSize                              = 1073741824                                {product} {command line}
   size_t MaxNewSize                               = 643825664                                 {product} {ergonomic}
   size_t MinHeapDeltaBytes                        = 1048576                                   {product} {ergonomic}
   size_t MinHeapSize                              = 8388608                                   {product} {ergonomic}
    uintx NonProfiledCodeHeapSize                  = 0                                      {pd product} {ergonomic}
     bool ProfileInterpreter                       = false                                  {pd product} {command line}
    uintx ProfiledCodeHeapSize                     = 0                                      {pd product} {ergonomic}
   size_t SoftMaxHeapSize                          = 1073741824                             {manageable} {ergonomic}
     intx TieredStopAtLevel                        = 1                                         {product} {command line}
     bool UseCompressedClassPointers               = true                           {product lp64_product} {ergonomic}
     bool UseCompressedOops                        = true                           {product lp64_product} {ergonomic}
     bool UseG1GC                                  = true                                      {product} {ergonomic}
     bool UseLargePagesIndividualAllocation        = false                                  {pd product} {ergonomic}

Logging:
Log output configuration:
 #0: stdout all=warning,jni+resolve=off uptime,level,tags
 #1: stderr all=off uptime,level,tags

Environment Variables:
JAVA_HOME=E:\JAVA\jdk-17.0.6.10-hotspot\
CLASSPATH=.;E:\JAVA\jdk-17.0.6.10-hotspot\\lib\dt.jar;E:\JAVA\jdk-17.0.6.10-hotspot\\lib\tools.jar;
PATH=E:\JAVA\jdk-17.0.6.10-hotspot\bin;C:\Windows\system32;C:\Windows;C:\Windows\System32\Wbem;C:\Windows\System32\WindowsPowerShell\v1.0\;C:\Windows\System32\OpenSSH\;c:\Program Files (x86)\Microsoft SQL Server\100\Tools\Binn\;c:\Program Files\Microsoft SQL Server\100\Tools\Binn\;c:\Program Files\Microsoft SQL Server\100\DTS\Binn\;C:\Program Files\MATLAB\R2022a\bin;E:\JAVA\jdk-17.0.6.10-hotspot\\bin;E:\JAVA\jdk-17.0.6.10-hotspot\\jre\bin;E:\LATEX\texlive\2022\bin\win32;E:\MATLAB\R2022b\bin;E:\Git\bin;C:\Program Files\Microsoft SQL Server\120\Tools\Binn\;C:\Program Files\Common Files\Autodesk Shared\;%ProStitcherPath%;D:\Program Files (x86)\Tencent\web\dll;D:\Pro;ram Files\nodejs\;D:\Program Files\nodejs\node_global\node_modules;D:\Program Files\MySQL\MySQL Server 8.0\bin;E:\Program Files\Git\cmd;D:\Program Files\web\dll;D:\anaconda1;D:\anaconda1\Library\mingw-w64\bin;D:\anaconda1\Library\usr\bin;D:\anaconda1\Library\bin;D:\anaconda1\Scripts;D:\anaconda3;D:\anaconda3\Library\mingw-w64\bin;D:\anaconda3\Library\usr\bin;D:\anaconda3\Library\bin;D:\anaconda3\Scripts;C:\Users\\AppData\Local\Scripts\;C:\Users\\AppData\Local\;C:\Users\liwenyue\AppData\Local\Microsoft\WindowsApps;C:\Program Files (x86)\Tencent\QQGameTempest\Hall.57821\;D:\JetBrains\PyCharm Community Edition 2022.2.1\bin;;E:\VS Code\Microsoft VS Code\bin;C:\Program Files (x86)\Dev-Cpp\MinGW64\bin;E:\go\bin;C:\Program Files (x86)\Insta360Stitcher\tools\proStitcher;D:\Program Files\nodejs\node_global;D:\Program Files (x86)\Eclipse\Sumo\bin;E:\Program Files\apache-maven-3.9.9\bin;C:\Users\liwenyue\AppData\Local\Programs\Microsoft VS Code\bin
USERNAME=
OS=Windows_NT
PROCESSOR_IDENTIFIER=Intel64 Family 6 Model 140 Stepping 1, GenuineIntel
TMP=E:\User\Temp\Temp
TEMP=E:\User\Temp\Temp



Periodic native trim disabled


---------------  S Y S T E M  ---------------

OS:
 Windows 10 , 64 bit Build 19041 (10.0.19041.292)
OS uptime: 2 days 23:40 hours

CPU: total 8 (initial active 8) (4 cores per cpu, 2 threads per core) family 6 model 140 stepping 1 microcode 0x66, cx8, cmov, fxsr, ht, mmx, 3dnowpref, sse, sse2, sse3, ssse3, sse4.1, sse4.2, popcnt, lzcnt, tsc, tscinvbit, avx, avx2, aes, erms, clmul, bmi1, bmi2, adx, avx512f, avx512dq, avx512cd, avx512bw, avx512vl, sha, fma, vzeroupper, avx512_vpopcntdq, avx512_vpclmulqdq, avx512_vaes, avx512_vnni, clflush, clflushopt, clwb, avx512_vbmi2, avx512_vbmi
Processor Information for all 8 processors :
  Max Mhz: 2419, Current Mhz: 2419, Mhz Limit: 2419

Memory: 4k page, system-wide physical 7991M (1885M free)
TotalPageFile size 18857M (AvailPageFile size 11M)
current process WorkingSet (physical memory assigned to process): 79M, peak: 271M
current process commit charge ("private bytes"): 298M, peak: 316M

vm_info: OpenJDK 64-Bit Server VM (17.0.12+7) for windows-amd64 JRE (17.0.12+7), built on Jul 16 2024 22:08:24 by "admin" with MS VC++ 16.10 / 16.11 (VS2019)

END.
