#
# There is insufficient memory for the Java Runtime Environment to continue.
# Native memory allocation (malloc) failed to allocate 2097152 bytes. Error detail: AllocateHeap
# Possible reasons:
#   The system is out of physical RAM or swap space
#   This process is running with CompressedOops enabled, and the Java Heap may be blocking the growth of the native heap
# Possible solutions:
#   Reduce memory load on the system
#   Increase physical memory or swap space
#   Check if swap backing store is full
#   Decrease Java heap size (-Xmx/-Xms)
#   Decrease number of Java threads
#   Decrease Java thread stack sizes (-Xss)
#   Set larger code cache with -XX:ReservedCodeCacheSize=
#   JVM is running with Unscaled Compressed Oops mode in which the Java heap is
#     placed in the first 4GB address space. The Java Heap base address is the
#     maximum limit for the native heap growth. Please use -XX:HeapBaseMinAddress
#     to set the Java Heap base and to place the Java Heap above 4GB virtual address.
# This output file may be truncated or incomplete.
#
#  Out of Memory Error (allocation.cpp:44), pid=33832, tid=27880
#
# JRE version: OpenJDK Runtime Environment Temurin-17.0.12+7 (17.0.12+7) (build 17.0.12+7)
# Java VM: OpenJDK 64-Bit Server VM Temurin-17.0.12+7 (17.0.12+7, mixed mode, emulated-client, tiered, compressed oops, compressed class ptrs, g1 gc, windows-amd64)
# No core dump will be written. Minidumps are not enabled by default on client versions of Windows
#

---------------  S U M M A R Y ------------

Command Line: -Xmx1024m -Dsts.lsp.client=vscode -Dsts.log.file=/dev/null -XX:TieredStopAtLevel=1 -Xlog:jni+resolve=off -Dspring.config.location=file:c:\Users\liwenyue\.vscode\extensions\vmware.vscode-spring-boot-1.56.0\language-server\BOOT-INF\classes\application.properties org.springframework.ide.vscode.boot.app.BootLanguageServerBootApp

Host: 11th Gen Intel(R) Core(TM) i5-1135G7 @ 2.40GHz, 8 cores, 7G,  Windows 10 , 64 bit Build 19041 (10.0.19041.292)
Time: Mon Sep 16 00:41:17 2024  Windows 10 , 64 bit Build 19041 (10.0.19041.292) elapsed time: 149808.356915 seconds (1d 17h 36m 48s)

---------------  T H R E A D  ---------------

Current thread (0x000001d50ae3c180):  VMThread "VM Thread" [stack: 0x00000058a6500000,0x00000058a6600000] [id=27880]

Stack: [0x00000058a6500000,0x00000058a6600000]
Native frames: (J=compiled Java code, j=interpreted, Vv=VM code, C=native code)
V  [jvm.dll+0x67f929]
V  [jvm.dll+0x8371ba]
V  [jvm.dll+0x838c7e]
V  [jvm.dll+0x8392e3]
V  [jvm.dll+0x24834f]
V  [jvm.dll+0xa70d3]
V  [jvm.dll+0x2f9101]
V  [jvm.dll+0x2f4d00]
V  [jvm.dll+0x2dd82f]
V  [jvm.dll+0x3201f7]
V  [jvm.dll+0x83d7dd]
V  [jvm.dll+0x83e522]
V  [jvm.dll+0x83ea4f]
V  [jvm.dll+0x83ee34]
V  [jvm.dll+0x83ef00]
V  [jvm.dll+0x7e65dc]
V  [jvm.dll+0x67e7f7]
C  [ucrtbase.dll+0x21542]
C  [KERNEL32.DLL+0x16fd4]
C  [ntdll.dll+0x4cec1]

VM_Operation (0x00000058a7dfeea0): G1CollectFull, mode: safepoint, requested by thread 0x000001d5106aaea0


---------------  P R O C E S S  ---------------

Threads class SMR info:
_java_thread_list=0x000001d50fb69bb0, length=27, elements={
0x000001d50ae64390, 0x000001d50ae64c60, 0x000001d50ae79e90, 0x000001d50ae7a760,
0x000001d50ae7d040, 0x000001d50ae7e0b0, 0x000001d50f038020, 0x000001d50f03b4b0,
0x000001d50f233370, 0x000001d50f254460, 0x000001d51063b7e0, 0x000001d5106aaea0,
0x000001d51088f6d0, 0x000001d57f4222f0, 0x000001d5108cce10, 0x000001d5109ecc00,
0x000001d5109f3c70, 0x000001d510a06720, 0x000001d5109f92f0, 0x000001d5109f9800,
0x000001d5109f8de0, 0x000001d50fb63400, 0x000001d50fb62ef0, 0x000001d50fb5d3d0,
0x000001d50fb60b80, 0x000001d50fb5c4a0, 0x000001d50fb5e300
}

Java Threads: ( => current thread )
  0x000001d50ae64390 JavaThread "Reference Handler" daemon [_thread_blocked, id=28464, stack(0x00000058a6600000,0x00000058a6700000)]
  0x000001d50ae64c60 JavaThread "Finalizer" daemon [_thread_blocked, id=27556, stack(0x00000058a6700000,0x00000058a6800000)]
  0x000001d50ae79e90 JavaThread "Signal Dispatcher" daemon [_thread_blocked, id=8620, stack(0x00000058a6800000,0x00000058a6900000)]
  0x000001d50ae7a760 JavaThread "Attach Listener" daemon [_thread_blocked, id=24320, stack(0x00000058a6900000,0x00000058a6a00000)]
  0x000001d50ae7d040 JavaThread "Service Thread" daemon [_thread_blocked, id=24116, stack(0x00000058a6a00000,0x00000058a6b00000)]
  0x000001d50ae7e0b0 JavaThread "Monitor Deflation Thread" daemon [_thread_blocked, id=24984, stack(0x00000058a6b00000,0x00000058a6c00000)]
  0x000001d50f038020 JavaThread "C1 CompilerThread0" daemon [_thread_blocked, id=25316, stack(0x00000058a6c00000,0x00000058a6d00000)]
  0x000001d50f03b4b0 JavaThread "Sweeper thread" daemon [_thread_blocked, id=34716, stack(0x00000058a6d00000,0x00000058a6e00000)]
  0x000001d50f233370 JavaThread "Notification Thread" daemon [_thread_blocked, id=28124, stack(0x00000058a6f00000,0x00000058a7000000)]
  0x000001d50f254460 JavaThread "Common-Cleaner" daemon [_thread_blocked, id=24380, stack(0x00000058a7100000,0x00000058a7200000)]
  0x000001d51063b7e0 JavaThread "boundedElastic-evictor-1" daemon [_thread_blocked, id=24468, stack(0x00000058a7800000,0x00000058a7900000)]
  0x000001d5106aaea0 JavaThread "pool-13-thread-1" [_thread_blocked, id=27932, stack(0x00000058a7d00000,0x00000058a7e00000)]
  0x000001d51088f6d0 JavaThread "LanguageServerApp-lifecycle" [_thread_blocked, id=32684, stack(0x00000058a7e00000,0x00000058a7f00000)]
  0x000001d57f4222f0 JavaThread "DestroyJavaVM" [_thread_blocked, id=11984, stack(0x00000058a5f00000,0x00000058a6000000)]
  0x000001d5108cce10 JavaThread "pool-14-thread-1" [_thread_in_native, id=26528, stack(0x00000058a7f00000,0x00000058a8000000)]
  0x000001d5109ecc00 JavaThread "Simple-Language-Server main thread" daemon [_thread_blocked, id=31300, stack(0x00000058a8000000,0x00000058a8100000)]
  0x000001d5109f3c70 JavaThread "pool-8-thread-1" [_thread_blocked, id=33928, stack(0x00000058a8100000,0x00000058a8200000)]
  0x000001d510a06720 JavaThread "parallel-1" daemon [_thread_blocked, id=10484, stack(0x00000058a8200000,0x00000058a8300000)]
  0x000001d5109f92f0 JavaThread "pool-6-thread-1" [_thread_blocked, id=27828, stack(0x00000058a8300000,0x00000058a8400000)]
  0x000001d5109f9800 JavaThread "parallel-2" daemon [_thread_blocked, id=30324, stack(0x00000058a8400000,0x00000058a8500000)]
  0x000001d5109f8de0 JavaThread "Reconciler-1" daemon [_thread_blocked, id=23604, stack(0x00000058a8800000,0x00000058a8900000)]
  0x000001d50fb63400 JavaThread "parallel-3" daemon [_thread_blocked, id=16188, stack(0x00000058a6e00000,0x00000058a6f00000)]
  0x000001d50fb62ef0 JavaThread "parallel-4" daemon [_thread_blocked, id=30476, stack(0x00000058a7700000,0x00000058a7800000)]
  0x000001d50fb5d3d0 JavaThread "parallel-5" daemon [_thread_blocked, id=11232, stack(0x00000058a5c00000,0x00000058a5d00000)]
  0x000001d50fb60b80 JavaThread "parallel-6" daemon [_thread_blocked, id=23628, stack(0x00000058a8500000,0x00000058a8600000)]
  0x000001d50fb5c4a0 JavaThread "parallel-7" daemon [_thread_blocked, id=23684, stack(0x00000058a8600000,0x00000058a8700000)]
  0x000001d50fb5e300 JavaThread "parallel-8" daemon [_thread_blocked, id=32328, stack(0x00000058a8700000,0x00000058a8800000)]

Other Threads:
=>0x000001d50ae3c180 VMThread "VM Thread" [stack: 0x00000058a6500000,0x00000058a6600000] [id=27880]
  0x000001d50f235860 WatcherThread [stack: 0x00000058a7000000,0x00000058a7100000] [id=20560]
  0x000001d57f45f680 GCTaskThread "GC Thread#0" [stack: 0x00000058a6000000,0x00000058a6100000] [id=26140]
  0x000001d50fc45a30 GCTaskThread "GC Thread#1" [stack: 0x00000058a7200000,0x00000058a7300000] [id=22496]
  0x000001d50fbfd850 GCTaskThread "GC Thread#2" [stack: 0x00000058a7300000,0x00000058a7400000] [id=27180]
  0x000001d50fc62950 GCTaskThread "GC Thread#3" [stack: 0x00000058a7400000,0x00000058a7500000] [id=18912]
  0x000001d50fe30850 GCTaskThread "GC Thread#4" [stack: 0x00000058a7500000,0x00000058a7600000] [id=25512]
  0x000001d50fe3ff90 GCTaskThread "GC Thread#5" [stack: 0x00000058a7600000,0x00000058a7700000] [id=22924]
  0x000001d50f0b65d0 GCTaskThread "GC Thread#6" [stack: 0x00000058a7a00000,0x00000058a7b00000] [id=19412]
  0x000001d51016d850 GCTaskThread "GC Thread#7" [stack: 0x00000058a7b00000,0x00000058a7c00000] [id=33544]
  0x000001d57f4693f0 ConcurrentGCThread "G1 Main Marker" [stack: 0x00000058a6100000,0x00000058a6200000] [id=25004]
  0x000001d57f469d20 ConcurrentGCThread "G1 Conc#0" [stack: 0x00000058a6200000,0x00000058a6300000] [id=18288]
  0x000001d50fb241c0 ConcurrentGCThread "G1 Conc#1" [stack: 0x00000058a7c00000,0x00000058a7d00000] [id=17404]
  0x000001d50acb20c0 ConcurrentGCThread "G1 Refine#0" [stack: 0x00000058a6300000,0x00000058a6400000] [id=24356]
  0x000001d50acb27a0 ConcurrentGCThread "G1 Service" [stack: 0x00000058a6400000,0x00000058a6500000] [id=7684]

Threads with active compile tasks:

VM state: at safepoint (normal execution)

VM Mutex/Monitor currently owned by a thread:  ([mutex/lock_event])
[0x000001d57f41e800] Threads_lock - owner thread: 0x000001d50ae3c180
[0x000001d57f41ee30] Heap_lock - owner thread: 0x000001d5106aaea0

Heap address: 0x00000000c0000000, size: 1024 MB, Compressed Oops mode: 32-bit

CDS archive(s) not mapped
Compressed class space mapped at: 0x0000000100000000-0x0000000140000000, reserved size: 1073741824
Narrow klass base: 0x0000000000000000, Narrow klass shift: 3, Narrow klass range: 0x140000000

GC Precious Log:
 CPUs: 8 total, 8 available
 Memory: 7991M
 Large Page Support: Disabled
 NUMA Support: Disabled
 Compressed Oops: Enabled (32-bit)
 Heap Region Size: 1M
 Heap Min Capacity: 8M
 Heap Initial Capacity: 126M
 Heap Max Capacity: 1G
 Pre-touch: Disabled
 Parallel Workers: 8
 Concurrent Workers: 2
 Concurrent Refinement Workers: 8
 Periodic GC: Disabled

Heap:
 garbage-first heap   total 75776K, used 25874K [0x00000000c0000000, 0x0000000100000000)
  region size 1024K, 1 young (1024K), 0 survivors (0K)
 Metaspace       used 42147K, committed 42560K, reserved 1114112K
  class space    used 5442K, committed 5632K, reserved 1048576K

Heap Regions: E=young(eden), S=young(survivor), O=old, HS=humongous(starts), HC=humongous(continues), CS=collection set, F=free, OA=open archive, CA=closed archive, TAMS=top-at-mark-start (previous, next)
|   0|0x00000000c0000000, 0x00000000c0100000, 0x00000000c0100000|100%|HS|  |TAMS 0x00000000c0100000, 0x00000000c0000000| Untracked 
|   1|0x00000000c0100000, 0x00000000c0200000, 0x00000000c0200000|100%|HC|  |TAMS 0x00000000c0200000, 0x00000000c0100000| Untracked 
|   2|0x00000000c0200000, 0x00000000c0300000, 0x00000000c0300000|100%|HC|  |TAMS 0x00000000c0300000, 0x00000000c0200000| Untracked 
|   3|0x00000000c0300000, 0x00000000c0400000, 0x00000000c0400000|100%|HC|  |TAMS 0x00000000c0400000, 0x00000000c0300000| Untracked 
|   4|0x00000000c0400000, 0x00000000c0500000, 0x00000000c0500000|100%|HS|  |TAMS 0x00000000c0500000, 0x00000000c0400000| Untracked 
|   5|0x00000000c0500000, 0x00000000c0600000, 0x00000000c0600000|100%|HC|  |TAMS 0x00000000c0600000, 0x00000000c0500000| Untracked 
|   6|0x00000000c0600000, 0x00000000c0700000, 0x00000000c0700000|100%| O|  |TAMS 0x00000000c0700000, 0x00000000c0600000| Untracked 
|   7|0x00000000c0700000, 0x00000000c07fff38, 0x00000000c0800000| 99%| O|  |TAMS 0x00000000c07fff38, 0x00000000c0700000| Untracked 
|   8|0x00000000c0800000, 0x00000000c08ff6a0, 0x00000000c0900000| 99%| O|  |TAMS 0x00000000c08ff6a0, 0x00000000c0800000| Untracked 
|   9|0x00000000c0900000, 0x00000000c0a00000, 0x00000000c0a00000|100%| O|  |TAMS 0x00000000c0a00000, 0x00000000c0900000| Untracked 
|  10|0x00000000c0a00000, 0x00000000c0b00000, 0x00000000c0b00000|100%| O|  |TAMS 0x00000000c0b00000, 0x00000000c0a00000| Untracked 
|  11|0x00000000c0b00000, 0x00000000c0c00000, 0x00000000c0c00000|100%| O|  |TAMS 0x00000000c0c00000, 0x00000000c0b00000| Untracked 
|  12|0x00000000c0c00000, 0x00000000c0d00000, 0x00000000c0d00000|100%| O|  |TAMS 0x00000000c0d00000, 0x00000000c0c00000| Untracked 
|  13|0x00000000c0d00000, 0x00000000c0e00000, 0x00000000c0e00000|100%| O|  |TAMS 0x00000000c0e00000, 0x00000000c0d00000| Untracked 
|  14|0x00000000c0e00000, 0x00000000c0f00000, 0x00000000c0f00000|100%| O|  |TAMS 0x00000000c0f00000, 0x00000000c0e00000| Untracked 
|  15|0x00000000c0f00000, 0x00000000c0ffffd8, 0x00000000c1000000| 99%| O|  |TAMS 0x00000000c0ffffd8, 0x00000000c0f00000| Untracked 
|  16|0x00000000c1000000, 0x00000000c10fffe8, 0x00000000c1100000| 99%| O|  |TAMS 0x00000000c10fffe8, 0x00000000c1000000| Untracked 
|  17|0x00000000c1100000, 0x00000000c11ffff0, 0x00000000c1200000| 99%| O|  |TAMS 0x00000000c11ffff0, 0x00000000c1100000| Untracked 
|  18|0x00000000c1200000, 0x00000000c1300000, 0x00000000c1300000|100%| O|  |TAMS 0x00000000c1300000, 0x00000000c1200000| Untracked 
|  19|0x00000000c1300000, 0x00000000c1400000, 0x00000000c1400000|100%| O|  |TAMS 0x00000000c1400000, 0x00000000c1300000| Untracked 
|  20|0x00000000c1400000, 0x00000000c14fc610, 0x00000000c1500000| 98%| O|  |TAMS 0x00000000c14fc610, 0x00000000c1400000| Untracked 
|  21|0x00000000c1500000, 0x00000000c15fffe8, 0x00000000c1600000| 99%| O|  |TAMS 0x00000000c15fffe8, 0x00000000c1500000| Untracked 
|  22|0x00000000c1600000, 0x00000000c1700000, 0x00000000c1700000|100%| O|  |TAMS 0x00000000c1700000, 0x00000000c1600000| Untracked 
|  23|0x00000000c1700000, 0x00000000c17fffe0, 0x00000000c1800000| 99%| O|  |TAMS 0x00000000c17fffe0, 0x00000000c1700000| Untracked 
|  24|0x00000000c1800000, 0x00000000c18fffe0, 0x00000000c1900000| 99%| O|  |TAMS 0x00000000c18fffe0, 0x00000000c1800000| Untracked 
|  25|0x00000000c1900000, 0x00000000c1948e50, 0x00000000c1a00000| 28%| O|  |TAMS 0x00000000c1900000, 0x00000000c1900000| Untracked 
|  26|0x00000000c1a00000, 0x00000000c1a00068, 0x00000000c1b00000|  0%| O|  |TAMS 0x00000000c1a00000, 0x00000000c1a00000| Untracked 
|  27|0x00000000c1b00000, 0x00000000c1b00000, 0x00000000c1c00000|  0%| F|  |TAMS 0x00000000c1b00000, 0x00000000c1b00000| Untracked 
|  28|0x00000000c1c00000, 0x00000000c1c00000, 0x00000000c1d00000|  0%| F|  |TAMS 0x00000000c1c00000, 0x00000000c1c00000| Untracked 
|  29|0x00000000c1d00000, 0x00000000c1d00000, 0x00000000c1e00000|  0%| F|  |TAMS 0x00000000c1d00000, 0x00000000c1d00000| Untracked 
|  30|0x00000000c1e00000, 0x00000000c1e00000, 0x00000000c1f00000|  0%| F|  |TAMS 0x00000000c1e00000, 0x00000000c1e00000| Untracked 
|  31|0x00000000c1f00000, 0x00000000c1f00000, 0x00000000c2000000|  0%| F|  |TAMS 0x00000000c1f00000, 0x00000000c1f00000| Untracked 
|  32|0x00000000c2000000, 0x00000000c2000000, 0x00000000c2100000|  0%| F|  |TAMS 0x00000000c2000000, 0x00000000c2000000| Untracked 
|  33|0x00000000c2100000, 0x00000000c2100000, 0x00000000c2200000|  0%| F|  |TAMS 0x00000000c2100000, 0x00000000c2100000| Untracked 
|  34|0x00000000c2200000, 0x00000000c2200000, 0x00000000c2300000|  0%| F|  |TAMS 0x00000000c2200000, 0x00000000c2200000| Untracked 
|  35|0x00000000c2300000, 0x00000000c2300000, 0x00000000c2400000|  0%| F|  |TAMS 0x00000000c2300000, 0x00000000c2300000| Untracked 
|  36|0x00000000c2400000, 0x00000000c2400000, 0x00000000c2500000|  0%| F|  |TAMS 0x00000000c2400000, 0x00000000c2400000| Untracked 
|  37|0x00000000c2500000, 0x00000000c2500000, 0x00000000c2600000|  0%| F|  |TAMS 0x00000000c2500000, 0x00000000c2500000| Untracked 
|  38|0x00000000c2600000, 0x00000000c2600000, 0x00000000c2700000|  0%| F|  |TAMS 0x00000000c2600000, 0x00000000c2600000| Untracked 
|  39|0x00000000c2700000, 0x00000000c2700000, 0x00000000c2800000|  0%| F|  |TAMS 0x00000000c2700000, 0x00000000c2700000| Untracked 
|  40|0x00000000c2800000, 0x00000000c2800000, 0x00000000c2900000|  0%| F|  |TAMS 0x00000000c2800000, 0x00000000c2800000| Untracked 
|  41|0x00000000c2900000, 0x00000000c2900000, 0x00000000c2a00000|  0%| F|  |TAMS 0x00000000c2900000, 0x00000000c2900000| Untracked 
|  42|0x00000000c2a00000, 0x00000000c2a00000, 0x00000000c2b00000|  0%| F|  |TAMS 0x00000000c2a00000, 0x00000000c2a00000| Untracked 
|  43|0x00000000c2b00000, 0x00000000c2b00000, 0x00000000c2c00000|  0%| F|  |TAMS 0x00000000c2b00000, 0x00000000c2b00000| Untracked 
|  44|0x00000000c2c00000, 0x00000000c2c00000, 0x00000000c2d00000|  0%| F|  |TAMS 0x00000000c2c00000, 0x00000000c2c00000| Untracked 
|  45|0x00000000c2d00000, 0x00000000c2d00000, 0x00000000c2e00000|  0%| F|  |TAMS 0x00000000c2d00000, 0x00000000c2d00000| Untracked 
|  46|0x00000000c2e00000, 0x00000000c2e00000, 0x00000000c2f00000|  0%| F|  |TAMS 0x00000000c2e00000, 0x00000000c2e00000| Untracked 
|  47|0x00000000c2f00000, 0x00000000c2f00000, 0x00000000c3000000|  0%| F|  |TAMS 0x00000000c2f00000, 0x00000000c2f00000| Untracked 
|  48|0x00000000c3000000, 0x00000000c3000000, 0x00000000c3100000|  0%| F|  |TAMS 0x00000000c3000000, 0x00000000c3000000| Untracked 
|  49|0x00000000c3100000, 0x00000000c3100000, 0x00000000c3200000|  0%| F|  |TAMS 0x00000000c3100000, 0x00000000c3100000| Untracked 
|  50|0x00000000c3200000, 0x00000000c3200000, 0x00000000c3300000|  0%| F|  |TAMS 0x00000000c3200000, 0x00000000c3200000| Untracked 
|  51|0x00000000c3300000, 0x00000000c3300000, 0x00000000c3400000|  0%| F|  |TAMS 0x00000000c3300000, 0x00000000c3300000| Untracked 
|  52|0x00000000c3400000, 0x00000000c3400000, 0x00000000c3500000|  0%| F|  |TAMS 0x00000000c3400000, 0x00000000c3400000| Untracked 
|  53|0x00000000c3500000, 0x00000000c3500000, 0x00000000c3600000|  0%| F|  |TAMS 0x00000000c3500000, 0x00000000c3500000| Untracked 
|  54|0x00000000c3600000, 0x00000000c3600000, 0x00000000c3700000|  0%| F|  |TAMS 0x00000000c3600000, 0x00000000c3600000| Untracked 
|  55|0x00000000c3700000, 0x00000000c3700000, 0x00000000c3800000|  0%| F|  |TAMS 0x00000000c3700000, 0x00000000c3700000| Untracked 
|  56|0x00000000c3800000, 0x00000000c3800000, 0x00000000c3900000|  0%| F|  |TAMS 0x00000000c3800000, 0x00000000c3800000| Untracked 
|  57|0x00000000c3900000, 0x00000000c3900000, 0x00000000c3a00000|  0%| F|  |TAMS 0x00000000c3900000, 0x00000000c3900000| Untracked 
|  58|0x00000000c3a00000, 0x00000000c3a00000, 0x00000000c3b00000|  0%| F|  |TAMS 0x00000000c3a00000, 0x00000000c3a00000| Untracked 
|  59|0x00000000c3b00000, 0x00000000c3b00000, 0x00000000c3c00000|  0%| F|  |TAMS 0x00000000c3b00000, 0x00000000c3b00000| Untracked 
|  60|0x00000000c3c00000, 0x00000000c3c00000, 0x00000000c3d00000|  0%| F|  |TAMS 0x00000000c3c00000, 0x00000000c3c00000| Untracked 
|  61|0x00000000c3d00000, 0x00000000c3d00000, 0x00000000c3e00000|  0%| F|  |TAMS 0x00000000c3d00000, 0x00000000c3d00000| Untracked 
|  62|0x00000000c3e00000, 0x00000000c3e00000, 0x00000000c3f00000|  0%| F|  |TAMS 0x00000000c3e00000, 0x00000000c3e00000| Untracked 
|  63|0x00000000c3f00000, 0x00000000c3f00000, 0x00000000c4000000|  0%| F|  |TAMS 0x00000000c3f00000, 0x00000000c3f00000| Untracked 
|  64|0x00000000c4000000, 0x00000000c4000000, 0x00000000c4100000|  0%| F|  |TAMS 0x00000000c4000000, 0x00000000c4000000| Untracked 
|  65|0x00000000c4100000, 0x00000000c4100000, 0x00000000c4200000|  0%| F|  |TAMS 0x00000000c4100000, 0x00000000c4100000| Untracked 
|  66|0x00000000c4200000, 0x00000000c4200000, 0x00000000c4300000|  0%| F|  |TAMS 0x00000000c4200000, 0x00000000c4200000| Untracked 
|  67|0x00000000c4300000, 0x00000000c4300000, 0x00000000c4400000|  0%| F|  |TAMS 0x00000000c4300000, 0x00000000c4300000| Untracked 
|  86|0x00000000c5600000, 0x00000000c5600000, 0x00000000c5700000|  0%| F|  |TAMS 0x00000000c5600000, 0x00000000c5600000| Untracked 
|  87|0x00000000c5700000, 0x00000000c5700000, 0x00000000c5800000|  0%| F|  |TAMS 0x00000000c5700000, 0x00000000c5700000| Untracked 
|  88|0x00000000c5800000, 0x00000000c5800000, 0x00000000c5900000|  0%| F|  |TAMS 0x00000000c5800000, 0x00000000c5800000| Untracked 
|  89|0x00000000c5900000, 0x00000000c5900000, 0x00000000c5a00000|  0%| F|  |TAMS 0x00000000c5900000, 0x00000000c5900000| Untracked 
|  90|0x00000000c5a00000, 0x00000000c5a00000, 0x00000000c5b00000|  0%| F|  |TAMS 0x00000000c5a00000, 0x00000000c5a00000| Untracked 
| 125|0x00000000c7d00000, 0x00000000c7d07580, 0x00000000c7e00000|  2%| E|  |TAMS 0x00000000c7d00000, 0x00000000c7d00000| Complete 

Card table byte_map: [0x000001d506000000,0x000001d506200000] _byte_map_base: 0x000001d505a00000

Marking Bits (Prev, Next): (CMBitMap*) 0x000001d57f45faf0, (CMBitMap*) 0x000001d57f45fab0
 Prev Bits: [0x000001d507400000, 0x000001d508400000)
 Next Bits: [0x000001d506400000, 0x000001d507400000)

Polling page: 0x000001d57db80000

Metaspace:

Usage:
  Non-class:     35.84 MB used.
      Class:      5.31 MB used.
       Both:     41.16 MB used.

Virtual space:
  Non-class space:       64.00 MB reserved,      36.06 MB ( 56%) committed,  1 nodes.
      Class space:        1.00 GB reserved,       5.50 MB ( <1%) committed,  1 nodes.
             Both:        1.06 GB reserved,      41.56 MB (  4%) committed. 

Chunk freelists:
   Non-Class:  11.98 MB
       Class:  10.48 MB
        Both:  22.46 MB

MaxMetaspaceSize: unlimited
CompressedClassSpaceSize: 1.00 GB
Initial GC threshold: 21.00 MB
Current GC threshold: 69.31 MB
CDS: off
MetaspaceReclaimPolicy: balanced
 - commit_granule_bytes: 65536.
 - commit_granule_words: 8192.
 - virtual_space_node_default_size: 8388608.
 - enlarge_chunks_in_place: 1.
 - new_chunks_are_fully_committed: 0.
 - uncommit_free_chunks: 1.
 - use_allocation_guard: 0.
 - handle_deallocations: 1.


Internal statistics:

num_allocs_failed_limit: 8.
num_arena_births: 596.
num_arena_deaths: 178.
num_vsnodes_births: 2.
num_vsnodes_deaths: 0.
num_space_committed: 664.
num_space_uncommitted: 0.
num_chunks_returned_to_freelist: 207.
num_chunks_taken_from_freelist: 1949.
num_chunk_merges: 63.
num_chunk_splits: 1260.
num_chunks_enlarged: 952.
num_inconsistent_stats: 0.

CodeCache: size=49152Kb used=8859Kb max_used=10043Kb free=40292Kb
 bounds [0x000001d502be0000, 0x000001d5035e0000, 0x000001d505be0000]
 total_blobs=5431 nmethods=4876 adapters=481
 compilation: enabled
              stopped_count=0, restarted_count=0
 full_count=0

Compilation events (20 events):
Event: 143916.912 Thread 0x000001d50f038020 4867       1       org.eclipse.lsp4j.TextDocumentPositionAndWorkDoneProgressParams::<init> (5 bytes)
Event: 143916.912 Thread 0x000001d50f038020 nmethod 4867 0x000001d503592010 code [0x000001d5035921a0, 0x000001d503592258]
Event: 143916.912 Thread 0x000001d50f038020 4868       1       org.eclipse.lsp4j.TextDocumentPositionParams::<init> (5 bytes)
Event: 143916.912 Thread 0x000001d50f038020 nmethod 4868 0x000001d503591d10 code [0x000001d503591ea0, 0x000001d503591f58]
Event: 143917.177 Thread 0x000001d50f038020 4869       1       org.eclipse.lsp4j.CodeLensParams::getTextDocument (5 bytes)
Event: 143917.178 Thread 0x000001d50f038020 nmethod 4869 0x000001d503591a10 code [0x000001d503591ba0, 0x000001d503591c78]
Event: 143917.819 Thread 0x000001d50f038020 4870       1       org.slf4j.helpers.MessageFormatter::isEscapedDelimeter (24 bytes)
Event: 143917.821 Thread 0x000001d50f038020 nmethod 4870 0x000001d503591490 code [0x000001d503591640, 0x000001d503591898]
Event: 143917.821 Thread 0x000001d50f038020 4871       1       org.slf4j.helpers.MessageFormatter::deeplyAppendParameter (184 bytes)
Event: 143917.844 Thread 0x000001d50f038020 nmethod 4871 0x000001d503590710 code [0x000001d5035909c0, 0x000001d503591198]
Event: 143917.844 Thread 0x000001d50f038020 4872   !   1       org.slf4j.helpers.MessageFormatter::safeObjectAppend (57 bytes)
Event: 143917.849 Thread 0x000001d50f038020 nmethod 4872 0x000001d50358fd90 code [0x000001d50358ffc0, 0x000001d503590428]
Event: 143921.990 Thread 0x000001d50f038020 4873       1       org.springframework.ide.vscode.commons.languageserver.composable.CompositeLanguageServerComponents$3$$Lambda$793/0x0000000100539a10::apply (8 bytes)
Event: 143921.993 Thread 0x000001d50f038020 nmethod 4873 0x000001d50358fa10 code [0x000001d50358fba0, 0x000001d50358fcc8]
Event: 143921.993 Thread 0x000001d50f038020 4874       1       org.springframework.ide.vscode.commons.languageserver.composable.CompositeLanguageServerComponents$3::lambda$handle$0 (7 bytes)
Event: 143921.993 Thread 0x000001d50f038020 nmethod 4874 0x000001d50358f710 code [0x000001d50358f8a0, 0x000001d50358f968]
Event: 143921.993 Thread 0x000001d50f038020 4875       1       org.springframework.ide.vscode.commons.languageserver.composable.CompositeLanguageServerComponents$3$$Lambda$794/0x0000000100539c48::test (8 bytes)
Event: 143921.994 Thread 0x000001d50f038020 nmethod 4875 0x000001d50358f390 code [0x000001d50358f520, 0x000001d50358f638]
Event: 143921.994 Thread 0x000001d50f038020 4876       1       org.springframework.ide.vscode.commons.languageserver.composable.CompositeLanguageServerComponents$3::lambda$handle$1 (5 bytes)
Event: 143921.994 Thread 0x000001d50f038020 nmethod 4876 0x000001d50358f090 code [0x000001d50358f220, 0x000001d50358f2d8]

GC Heap History (20 events):
Event: 149703.433 GC heap after
{Heap after GC invocations=14215 (full 14202):
 garbage-first heap   total 75776K, used 25874K [0x00000000c0000000, 0x0000000100000000)
  region size 1024K, 0 young (0K), 0 survivors (0K)
 Metaspace       used 42147K, committed 42560K, reserved 1114112K
  class space    used 5442K, committed 5632K, reserved 1048576K
}
Event: 149713.870 GC heap before
{Heap before GC invocations=14215 (full 14202):
 garbage-first heap   total 75776K, used 25874K [0x00000000c0000000, 0x0000000100000000)
  region size 1024K, 1 young (1024K), 0 survivors (0K)
 Metaspace       used 42147K, committed 42560K, reserved 1114112K
  class space    used 5442K, committed 5632K, reserved 1048576K
}
Event: 149713.905 GC heap after
{Heap after GC invocations=14216 (full 14203):
 garbage-first heap   total 75776K, used 25874K [0x00000000c0000000, 0x0000000100000000)
  region size 1024K, 0 young (0K), 0 survivors (0K)
 Metaspace       used 42147K, committed 42560K, reserved 1114112K
  class space    used 5442K, committed 5632K, reserved 1048576K
}
Event: 149724.415 GC heap before
{Heap before GC invocations=14216 (full 14203):
 garbage-first heap   total 75776K, used 25874K [0x00000000c0000000, 0x0000000100000000)
  region size 1024K, 1 young (1024K), 0 survivors (0K)
 Metaspace       used 42147K, committed 42560K, reserved 1114112K
  class space    used 5442K, committed 5632K, reserved 1048576K
}
Event: 149724.455 GC heap after
{Heap after GC invocations=14217 (full 14204):
 garbage-first heap   total 75776K, used 25874K [0x00000000c0000000, 0x0000000100000000)
  region size 1024K, 0 young (0K), 0 survivors (0K)
 Metaspace       used 42147K, committed 42560K, reserved 1114112K
  class space    used 5442K, committed 5632K, reserved 1048576K
}
Event: 149734.960 GC heap before
{Heap before GC invocations=14217 (full 14204):
 garbage-first heap   total 75776K, used 25874K [0x00000000c0000000, 0x0000000100000000)
  region size 1024K, 1 young (1024K), 0 survivors (0K)
 Metaspace       used 42147K, committed 42560K, reserved 1114112K
  class space    used 5442K, committed 5632K, reserved 1048576K
}
Event: 149735.002 GC heap after
{Heap after GC invocations=14218 (full 14205):
 garbage-first heap   total 75776K, used 25874K [0x00000000c0000000, 0x0000000100000000)
  region size 1024K, 0 young (0K), 0 survivors (0K)
 Metaspace       used 42147K, committed 42560K, reserved 1114112K
  class space    used 5442K, committed 5632K, reserved 1048576K
}
Event: 149745.519 GC heap before
{Heap before GC invocations=14218 (full 14205):
 garbage-first heap   total 75776K, used 25874K [0x00000000c0000000, 0x0000000100000000)
  region size 1024K, 1 young (1024K), 0 survivors (0K)
 Metaspace       used 42147K, committed 42560K, reserved 1114112K
  class space    used 5442K, committed 5632K, reserved 1048576K
}
Event: 149745.558 GC heap after
{Heap after GC invocations=14219 (full 14206):
 garbage-first heap   total 75776K, used 25874K [0x00000000c0000000, 0x0000000100000000)
  region size 1024K, 0 young (0K), 0 survivors (0K)
 Metaspace       used 42147K, committed 42560K, reserved 1114112K
  class space    used 5442K, committed 5632K, reserved 1048576K
}
Event: 149755.967 GC heap before
{Heap before GC invocations=14219 (full 14206):
 garbage-first heap   total 75776K, used 25874K [0x00000000c0000000, 0x0000000100000000)
  region size 1024K, 1 young (1024K), 0 survivors (0K)
 Metaspace       used 42147K, committed 42560K, reserved 1114112K
  class space    used 5442K, committed 5632K, reserved 1048576K
}
Event: 149756.006 GC heap after
{Heap after GC invocations=14220 (full 14207):
 garbage-first heap   total 75776K, used 25874K [0x00000000c0000000, 0x0000000100000000)
  region size 1024K, 0 young (0K), 0 survivors (0K)
 Metaspace       used 42147K, committed 42560K, reserved 1114112K
  class space    used 5442K, committed 5632K, reserved 1048576K
}
Event: 149766.448 GC heap before
{Heap before GC invocations=14220 (full 14207):
 garbage-first heap   total 75776K, used 25874K [0x00000000c0000000, 0x0000000100000000)
  region size 1024K, 1 young (1024K), 0 survivors (0K)
 Metaspace       used 42147K, committed 42560K, reserved 1114112K
  class space    used 5442K, committed 5632K, reserved 1048576K
}
Event: 149766.484 GC heap after
{Heap after GC invocations=14221 (full 14208):
 garbage-first heap   total 75776K, used 25874K [0x00000000c0000000, 0x0000000100000000)
  region size 1024K, 0 young (0K), 0 survivors (0K)
 Metaspace       used 42147K, committed 42560K, reserved 1114112K
  class space    used 5442K, committed 5632K, reserved 1048576K
}
Event: 149776.883 GC heap before
{Heap before GC invocations=14221 (full 14208):
 garbage-first heap   total 75776K, used 25874K [0x00000000c0000000, 0x0000000100000000)
  region size 1024K, 1 young (1024K), 0 survivors (0K)
 Metaspace       used 42147K, committed 42560K, reserved 1114112K
  class space    used 5442K, committed 5632K, reserved 1048576K
}
Event: 149776.918 GC heap after
{Heap after GC invocations=14222 (full 14209):
 garbage-first heap   total 75776K, used 25874K [0x00000000c0000000, 0x0000000100000000)
  region size 1024K, 0 young (0K), 0 survivors (0K)
 Metaspace       used 42147K, committed 42560K, reserved 1114112K
  class space    used 5442K, committed 5632K, reserved 1048576K
}
Event: 149787.273 GC heap before
{Heap before GC invocations=14222 (full 14209):
 garbage-first heap   total 75776K, used 25874K [0x00000000c0000000, 0x0000000100000000)
  region size 1024K, 1 young (1024K), 0 survivors (0K)
 Metaspace       used 42147K, committed 42560K, reserved 1114112K
  class space    used 5442K, committed 5632K, reserved 1048576K
}
Event: 149787.305 GC heap after
{Heap after GC invocations=14223 (full 14210):
 garbage-first heap   total 75776K, used 25874K [0x00000000c0000000, 0x0000000100000000)
  region size 1024K, 0 young (0K), 0 survivors (0K)
 Metaspace       used 42147K, committed 42560K, reserved 1114112K
  class space    used 5442K, committed 5632K, reserved 1048576K
}
Event: 149797.777 GC heap before
{Heap before GC invocations=14223 (full 14210):
 garbage-first heap   total 75776K, used 25874K [0x00000000c0000000, 0x0000000100000000)
  region size 1024K, 1 young (1024K), 0 survivors (0K)
 Metaspace       used 42147K, committed 42560K, reserved 1114112K
  class space    used 5442K, committed 5632K, reserved 1048576K
}
Event: 149797.818 GC heap after
{Heap after GC invocations=14224 (full 14211):
 garbage-first heap   total 75776K, used 25874K [0x00000000c0000000, 0x0000000100000000)
  region size 1024K, 0 young (0K), 0 survivors (0K)
 Metaspace       used 42147K, committed 42560K, reserved 1114112K
  class space    used 5442K, committed 5632K, reserved 1048576K
}
Event: 149808.352 GC heap before
{Heap before GC invocations=14224 (full 14211):
 garbage-first heap   total 75776K, used 25874K [0x00000000c0000000, 0x0000000100000000)
  region size 1024K, 1 young (1024K), 0 survivors (0K)
 Metaspace       used 42147K, committed 42560K, reserved 1114112K
  class space    used 5442K, committed 5632K, reserved 1048576K
}

Dll operation events (8 events):
Event: 0.077 Loaded shared library c:\Users\liwenyue\.vscode\extensions\redhat.java-1.34.0-win32-x64\jre\17.0.12-win32-x86_64\bin\java.dll
Event: 1.090 Loaded shared library C:\Users\liwenyue\.vscode\extensions\redhat.java-1.34.0-win32-x64\jre\17.0.12-win32-x86_64\bin\net.dll
Event: 1.102 Loaded shared library C:\Users\liwenyue\.vscode\extensions\redhat.java-1.34.0-win32-x64\jre\17.0.12-win32-x86_64\bin\nio.dll
Event: 1.195 Loaded shared library C:\Users\liwenyue\.vscode\extensions\redhat.java-1.34.0-win32-x64\jre\17.0.12-win32-x86_64\bin\zip.dll
Event: 2.282 Loaded shared library C:\Users\liwenyue\.vscode\extensions\redhat.java-1.34.0-win32-x64\jre\17.0.12-win32-x86_64\bin\jimage.dll
Event: 5.896 Loaded shared library c:\Users\liwenyue\.vscode\extensions\redhat.java-1.34.0-win32-x64\jre\17.0.12-win32-x86_64\bin\verify.dll
Event: 9.634 Loaded shared library C:\Users\liwenyue\.vscode\extensions\redhat.java-1.34.0-win32-x64\jre\17.0.12-win32-x86_64\bin\management.dll
Event: 9.641 Loaded shared library C:\Users\liwenyue\.vscode\extensions\redhat.java-1.34.0-win32-x64\jre\17.0.12-win32-x86_64\bin\management_ext.dll

Deoptimization events (6 events):
Event: 10.205 Thread 0x000001d5108cce10 DEOPT PACKING pc=0x000001d5031aed01 sp=0x00000058a7ffdaf0
Event: 10.205 Thread 0x000001d5108cce10 DEOPT UNPACKING pc=0x000001d502c3ace3 sp=0x00000058a7ffcf80 mode 3
Event: 10.228 Thread 0x000001d5109ecc00 DEOPT PACKING pc=0x000001d503192317 sp=0x00000058a80ff080
Event: 10.228 Thread 0x000001d5109ecc00 DEOPT UNPACKING pc=0x000001d502c3ace3 sp=0x00000058a80fe4d8 mode 3
Event: 7288.840 Thread 0x000001d5108cce10 DEOPT PACKING pc=0x000001d503288154 sp=0x00000058a7ffedf0
Event: 7288.840 Thread 0x000001d5108cce10 DEOPT UNPACKING pc=0x000001d502c3ace3 sp=0x00000058a7ffe298 mode 0

Classes loaded (20 events):
Event: 49.617 Loading class java/lang/Process$PipeInputStream
Event: 49.617 Loading class java/lang/Process$PipeInputStream done
Event: 49.618 Loading class jdk/internal/event/ProcessStartEvent
Event: 49.618 Loading class jdk/internal/event/ProcessStartEvent done
Event: 49.823 Loading class java/io/FileOutputStream$1
Event: 49.823 Loading class java/io/FileOutputStream$1 done
Event: 7990.337 Loading class jdk/internal/reflect/UnsafeQualifiedStaticObjectFieldAccessorImpl
Event: 7990.337 Loading class jdk/internal/reflect/UnsafeQualifiedStaticFieldAccessorImpl
Event: 7990.338 Loading class jdk/internal/reflect/UnsafeQualifiedStaticFieldAccessorImpl done
Event: 7990.338 Loading class jdk/internal/reflect/UnsafeQualifiedStaticObjectFieldAccessorImpl done
Event: 139395.028 Loading class java/util/logging/LogRecord
Event: 139395.073 Loading class java/util/logging/LogRecord done
Event: 140671.663 Loading class java/util/EmptyStackException
Event: 140671.665 Loading class java/util/EmptyStackException done
Event: 140671.734 Loading class java/io/InvalidClassException
Event: 140671.735 Loading class java/io/InvalidClassException done
Event: 140671.753 Loading class java/util/ArrayList$ListItr
Event: 140671.754 Loading class java/util/ArrayList$ListItr done
Event: 140671.895 Loading class java/util/regex/Pattern$1
Event: 140671.896 Loading class java/util/regex/Pattern$1 done

Classes unloaded (20 events):
Event: 70.295 Thread 0x000001d50ae3c180 Unloading class 0x000000010008dc00 'java/lang/invoke/LambdaForm$MH+0x000000010008dc00'
Event: 70.295 Thread 0x000001d50ae3c180 Unloading class 0x000000010008d800 'java/lang/invoke/LambdaForm$MH+0x000000010008d800'
Event: 70.295 Thread 0x000001d50ae3c180 Unloading class 0x000000010008d400 'java/lang/invoke/LambdaForm$MH+0x000000010008d400'
Event: 70.295 Thread 0x000001d50ae3c180 Unloading class 0x000000010008cc00 'java/lang/invoke/LambdaForm$MH+0x000000010008cc00'
Event: 70.295 Thread 0x000001d50ae3c180 Unloading class 0x000000010008c800 'java/lang/invoke/LambdaForm$MH+0x000000010008c800'
Event: 70.295 Thread 0x000001d50ae3c180 Unloading class 0x000000010008c000 'java/lang/invoke/LambdaForm$MH+0x000000010008c000'
Event: 70.295 Thread 0x000001d50ae3c180 Unloading class 0x000000010008bc00 'java/lang/invoke/LambdaForm$MH+0x000000010008bc00'
Event: 8095.085 Thread 0x000001d50ae3c180 Unloading class 0x0000000100436000 'java/lang/invoke/LambdaForm$MH+0x0000000100436000'
Event: 8095.085 Thread 0x000001d50ae3c180 Unloading class 0x0000000100494400 'java/lang/invoke/LambdaForm$MH+0x0000000100494400'
Event: 8095.085 Thread 0x000001d50ae3c180 Unloading class 0x0000000100529800 'java/lang/invoke/LambdaForm$MH+0x0000000100529800'
Event: 141986.717 Thread 0x000001d50ae3c180 Unloading class 0x0000000100584c00 'java/lang/invoke/LambdaForm$MH+0x0000000100584c00'
Event: 141986.717 Thread 0x000001d50ae3c180 Unloading class 0x0000000100584800 'java/lang/invoke/LambdaForm$MH+0x0000000100584800'
Event: 141986.717 Thread 0x000001d50ae3c180 Unloading class 0x0000000100584400 'java/lang/invoke/LambdaForm$MH+0x0000000100584400'
Event: 141986.717 Thread 0x000001d50ae3c180 Unloading class 0x0000000100584000 'java/lang/invoke/LambdaForm$MH+0x0000000100584000'
Event: 141986.717 Thread 0x000001d50ae3c180 Unloading class 0x0000000100088400 'java/lang/invoke/LambdaForm$MH+0x0000000100088400'
Event: 141986.717 Thread 0x000001d50ae3c180 Unloading class 0x0000000100088c00 'java/lang/invoke/LambdaForm$MH+0x0000000100088c00'
Event: 141986.717 Thread 0x000001d50ae3c180 Unloading class 0x0000000100089400 'java/lang/invoke/LambdaForm$MH+0x0000000100089400'
Event: 141986.717 Thread 0x000001d50ae3c180 Unloading class 0x0000000100268000 'java/lang/invoke/LambdaForm$MH+0x0000000100268000'
Event: 141986.717 Thread 0x000001d50ae3c180 Unloading class 0x0000000100268c00 'java/lang/invoke/LambdaForm$MH+0x0000000100268c00'
Event: 141986.717 Thread 0x000001d50ae3c180 Unloading class 0x0000000100318400 'java/lang/invoke/LambdaForm$MH+0x0000000100318400'

Classes redefined (0 events):
No events

Internal exceptions (20 events):
Event: 10.167 Thread 0x000001d5109ecc00 Exception <a 'java/lang/NoSuchMethodError'{0x00000000c31f5c48}: 'java.lang.Object java.lang.invoke.DirectMethodHandle$Holder.invokeStatic(java.lang.Object, int, java.lang.Object)'> (0x00000000c31f5c48) 
thrown [s\src\hotspot\share\interpreter\linkResolver.cpp, line 759]
Event: 11.059 Thread 0x000001d5109f8de0 Exception <a 'java/lang/NoSuchMethodError'{0x00000000c57d6958}: 'int java.lang.invoke.DirectMethodHandle$Holder.invokeStatic(java.lang.Object)'> (0x00000000c57d6958) 
thrown [s\src\hotspot\share\interpreter\linkResolver.cpp, line 759]
Event: 11.060 Thread 0x000001d5109f8de0 Exception <a 'java/lang/NoSuchMethodError'{0x00000000c57d9d98}: 'int java.lang.invoke.DirectMethodHandle$Holder.invokeStaticInit(java.lang.Object)'> (0x00000000c57d9d98) 
thrown [s\src\hotspot\share\interpreter\linkResolver.cpp, line 759]
Event: 49.616 Thread 0x000001d5106aaea0 Exception <a 'java/lang/NoSuchMethodError'{0x00000000c567d5f8}: 'void java.lang.invoke.DirectMethodHandle$Holder.invokeStatic(java.lang.Object, long)'> (0x00000000c567d5f8) 
thrown [s\src\hotspot\share\interpreter\linkResolver.cpp, line 759]
Event: 49.616 Thread 0x000001d5106aaea0 Exception <a 'java/lang/NoSuchMethodError'{0x00000000c56829a0}: 'java.lang.Object java.lang.invoke.DirectMethodHandle$Holder.newInvokeSpecial(java.lang.Object, long)'> (0x00000000c56829a0) 
thrown [s\src\hotspot\share\interpreter\linkResolver.cpp, line 759]
Event: 7916.328 Thread 0x000001d5109ecc00 Exception <a 'sun/nio/fs/WindowsException'{0x00000000c5a7ddf8}> (0x00000000c5a7ddf8) 
thrown [s\src\hotspot\share\prims\jni.cpp, line 516]
Event: 7916.328 Thread 0x000001d5109ecc00 Exception <a 'sun/nio/fs/WindowsException'{0x00000000c5a7e488}> (0x00000000c5a7e488) 
thrown [s\src\hotspot\share\prims\jni.cpp, line 516]
Event: 7931.592 Thread 0x000001d5109ecc00 Exception <a 'sun/nio/fs/WindowsException'{0x00000000c5a93708}> (0x00000000c5a93708) 
thrown [s\src\hotspot\share\prims\jni.cpp, line 516]
Event: 7931.592 Thread 0x000001d5109ecc00 Exception <a 'sun/nio/fs/WindowsException'{0x00000000c5a93d60}> (0x00000000c5a93d60) 
thrown [s\src\hotspot\share\prims\jni.cpp, line 516]
Event: 7952.545 Thread 0x000001d5109ecc00 Exception <a 'sun/nio/fs/WindowsException'{0x00000000c59139a8}> (0x00000000c59139a8) 
thrown [s\src\hotspot\share\prims\jni.cpp, line 516]
Event: 7952.545 Thread 0x000001d5109ecc00 Exception <a 'sun/nio/fs/WindowsException'{0x00000000c5914000}> (0x00000000c5914000) 
thrown [s\src\hotspot\share\prims\jni.cpp, line 516]
Event: 7961.448 Thread 0x000001d5109ecc00 Exception <a 'sun/nio/fs/WindowsException'{0x00000000c591a908}> (0x00000000c591a908) 
thrown [s\src\hotspot\share\prims\jni.cpp, line 516]
Event: 7961.448 Thread 0x000001d5109ecc00 Exception <a 'sun/nio/fs/WindowsException'{0x00000000c591af60}> (0x00000000c591af60) 
thrown [s\src\hotspot\share\prims\jni.cpp, line 516]
Event: 7998.086 Thread 0x000001d5109ecc00 Exception <a 'sun/nio/fs/WindowsException'{0x00000000c5921850}> (0x00000000c5921850) 
thrown [s\src\hotspot\share\prims\jni.cpp, line 516]
Event: 7998.086 Thread 0x000001d5109ecc00 Exception <a 'sun/nio/fs/WindowsException'{0x00000000c5921ea8}> (0x00000000c5921ea8) 
thrown [s\src\hotspot\share\prims\jni.cpp, line 516]
Event: 8010.297 Thread 0x000001d5109ecc00 Exception <a 'sun/nio/fs/WindowsException'{0x00000000c57e1f00}> (0x00000000c57e1f00) 
thrown [s\src\hotspot\share\prims\jni.cpp, line 516]
Event: 8010.297 Thread 0x000001d5109ecc00 Exception <a 'sun/nio/fs/WindowsException'{0x00000000c57e2558}> (0x00000000c57e2558) 
thrown [s\src\hotspot\share\prims\jni.cpp, line 516]
Event: 140671.674 Thread 0x000001d50fb5e810 Exception <a 'java/lang/NoSuchMethodError'{0x00000000c39427f8}: 'java.lang.Object java.lang.invoke.DirectMethodHandle$Holder.invokeStatic(java.lang.Object, java.lang.Object, java.lang.Object, java.lang.Object, int)'> (0x00000000c39427f8) 
thrown [s\src\hotspot\share\interpreter\linkResolver.cpp, line 759]
Event: 141716.482 Thread 0x000001d5109ecc00 Exception <a 'sun/nio/fs/WindowsException'{0x00000000c3e02f58}> (0x00000000c3e02f58) 
thrown [s\src\hotspot\share\prims\jni.cpp, line 516]
Event: 141716.483 Thread 0x000001d5109ecc00 Exception <a 'sun/nio/fs/WindowsException'{0x00000000c3e035b0}> (0x00000000c3e035b0) 
thrown [s\src\hotspot\share\prims\jni.cpp, line 516]

VM Operations (20 events):
Event: 149703.433 Executing VM operation: G1CollectFull done
Event: 149713.870 Executing VM operation: G1CollectFull
Event: 149713.905 Executing VM operation: G1CollectFull done
Event: 149724.415 Executing VM operation: G1CollectFull
Event: 149724.455 Executing VM operation: G1CollectFull done
Event: 149734.960 Executing VM operation: G1CollectFull
Event: 149735.002 Executing VM operation: G1CollectFull done
Event: 149745.519 Executing VM operation: G1CollectFull
Event: 149745.558 Executing VM operation: G1CollectFull done
Event: 149755.966 Executing VM operation: G1CollectFull
Event: 149756.006 Executing VM operation: G1CollectFull done
Event: 149766.448 Executing VM operation: G1CollectFull
Event: 149766.484 Executing VM operation: G1CollectFull done
Event: 149776.883 Executing VM operation: G1CollectFull
Event: 149776.918 Executing VM operation: G1CollectFull done
Event: 149787.273 Executing VM operation: G1CollectFull
Event: 149787.305 Executing VM operation: G1CollectFull done
Event: 149797.777 Executing VM operation: G1CollectFull
Event: 149797.818 Executing VM operation: G1CollectFull done
Event: 149808.352 Executing VM operation: G1CollectFull

Events (20 events):
Event: 143536.752 Thread 0x000001d50fb5ddf0 Thread added: 0x000001d50fb5ddf0
Event: 143596.764 Thread 0x000001d50fb5d8e0 Thread exited: 0x000001d50fb5d8e0
Event: 143598.806 Thread 0x000001d50fb63910 Thread exited: 0x000001d50fb63910
Event: 143604.917 Thread 0x000001d50fb5ddf0 Thread exited: 0x000001d50fb5ddf0
Event: 143604.918 Thread 0x000001d50fb60670 Thread exited: 0x000001d50fb60670
Event: 143664.930 Thread 0x000001d50fb60160 Thread exited: 0x000001d50fb60160
Event: 143742.617 Thread 0x000001d50fb60160 Thread added: 0x000001d50fb60160
Event: 143786.777 Thread 0x000001d50fb5cec0 Thread added: 0x000001d50fb5cec0
Event: 143786.778 Thread 0x000001d50fb5ed20 Thread added: 0x000001d50fb5ed20
Event: 143787.076 Thread 0x000001d50fb5e810 Thread added: 0x000001d50fb5e810
Event: 143977.179 Thread 0x000001d50fb5e810 Thread exited: 0x000001d50fb5e810
Event: 143991.424 Thread 0x000001d50fb5cec0 Thread exited: 0x000001d50fb5cec0
Event: 143991.424 Thread 0x000001d50fb5ed20 Thread exited: 0x000001d50fb5ed20
Event: 144345.755 Thread 0x000001d50fb60670 Thread added: 0x000001d50fb60670
Event: 144405.777 Thread 0x000001d50fb60670 Thread exited: 0x000001d50fb60670
Event: 144452.358 Thread 0x000001d50fb61fc0 Thread added: 0x000001d50fb61fc0
Event: 144512.373 Thread 0x000001d50fb61fc0 Thread exited: 0x000001d50fb61fc0
Event: 144714.878 Thread 0x000001d50fb5ddf0 Thread added: 0x000001d50fb5ddf0
Event: 144774.883 Thread 0x000001d50fb60160 Thread exited: 0x000001d50fb60160
Event: 145046.101 Thread 0x000001d50fb5ddf0 Thread exited: 0x000001d50fb5ddf0


Dynamic libraries:
0x00007ff795b80000 - 0x00007ff795b8e000 	c:\Users\liwenyue\.vscode\extensions\redhat.java-1.34.0-win32-x64\jre\17.0.12-win32-x86_64\bin\java.exe
0x00007ffd6f010000 - 0x00007ffd6f205000 	C:\Windows\SYSTEM32\ntdll.dll
0x00007ffd6e1e0000 - 0x00007ffd6e29d000 	C:\Windows\System32\KERNEL32.DLL
0x00007ffd6cab0000 - 0x00007ffd6cd77000 	C:\Windows\System32\KERNELBASE.dll
0x00007ffd6c9b0000 - 0x00007ffd6cab0000 	C:\Windows\System32\ucrtbase.dll
0x00007ffd46a30000 - 0x00007ffd46a47000 	c:\Users\liwenyue\.vscode\extensions\redhat.java-1.34.0-win32-x64\jre\17.0.12-win32-x86_64\bin\jli.dll
0x00007ffd6d4a0000 - 0x00007ffd6d640000 	C:\Windows\System32\USER32.dll
0x00007ffd6c980000 - 0x00007ffd6c9a2000 	C:\Windows\System32\win32u.dll
0x00007ffd6d640000 - 0x00007ffd6d66a000 	C:\Windows\System32\GDI32.dll
0x00007ffd6c5e0000 - 0x00007ffd6c6ea000 	C:\Windows\System32\gdi32full.dll
0x00007ffd6c540000 - 0x00007ffd6c5dd000 	C:\Windows\System32\msvcp_win.dll
0x00007ffd61f10000 - 0x00007ffd61f2b000 	c:\Users\liwenyue\.vscode\extensions\redhat.java-1.34.0-win32-x64\jre\17.0.12-win32-x86_64\bin\VCRUNTIME140.dll
0x00007ffd54b10000 - 0x00007ffd54daa000 	C:\Windows\WinSxS\amd64_microsoft.windows.common-controls_6595b64144ccf1df_6.0.19041.1_none_b555e41d4684ddec\COMCTL32.dll
0x00007ffd6e370000 - 0x00007ffd6e40e000 	C:\Windows\System32\msvcrt.dll
0x00007ffd6d470000 - 0x00007ffd6d4a0000 	C:\Windows\System32\IMM32.DLL
0x000000006e3d0000 - 0x000000006e3dd000 	C:\Program Files (x86)\360\360Safe\safemon\SafeWrapper.dll
0x00007ffd6ecf0000 - 0x00007ffd6ed9a000 	C:\Windows\System32\ADVAPI32.dll
0x00007ffd6e640000 - 0x00007ffd6e6db000 	C:\Windows\System32\sechost.dll
0x00007ffd6cec0000 - 0x00007ffd6cfe3000 	C:\Windows\System32\RPCRT4.dll
0x00007ffd57cb0000 - 0x00007ffd57db3000 	C:\Program Files (x86)\360\360Safe\safemon\libzdtp64.dll
0x00007ffd6d850000 - 0x00007ffd6df90000 	C:\Windows\System32\SHELL32.dll
0x00007ffd6e420000 - 0x00007ffd6e475000 	C:\Windows\System32\SHLWAPI.dll
0x00007ffd6bfb0000 - 0x00007ffd6bfba000 	C:\Windows\SYSTEM32\VERSION.dll
0x00007ffd67c30000 - 0x00007ffd67c3c000 	c:\Users\liwenyue\.vscode\extensions\redhat.java-1.34.0-win32-x64\jre\17.0.12-win32-x86_64\bin\vcruntime140_1.dll
0x00007ffd34ea0000 - 0x00007ffd34f2d000 	c:\Users\liwenyue\.vscode\extensions\redhat.java-1.34.0-win32-x64\jre\17.0.12-win32-x86_64\bin\msvcp140.dll
0x00007ffd08c70000 - 0x00007ffd098da000 	c:\Users\liwenyue\.vscode\extensions\redhat.java-1.34.0-win32-x64\jre\17.0.12-win32-x86_64\bin\server\jvm.dll
0x00007ffd6c3f0000 - 0x00007ffd6c43b000 	C:\Windows\System32\POWRPROF.dll
0x00007ffd6e040000 - 0x00007ffd6e0ab000 	C:\Windows\System32\WS2_32.dll
0x00007ffd58570000 - 0x00007ffd58597000 	C:\Windows\SYSTEM32\WINMM.dll
0x00007ffd6bb60000 - 0x00007ffd6bb72000 	C:\Windows\SYSTEM32\UMPDC.dll
0x00007ffd6c880000 - 0x00007ffd6c893000 	C:\Windows\System32\kernel.appcore.dll
0x00007ffd64a60000 - 0x00007ffd64a6a000 	c:\Users\liwenyue\.vscode\extensions\redhat.java-1.34.0-win32-x64\jre\17.0.12-win32-x86_64\bin\jimage.dll
0x00007ffd67fd0000 - 0x00007ffd681b4000 	C:\Windows\SYSTEM32\DBGHELP.DLL
0x00007ffd56510000 - 0x00007ffd5653c000 	C:\Windows\SYSTEM32\dbgcore.DLL
0x00007ffd6c900000 - 0x00007ffd6c97f000 	C:\Windows\System32\bcryptPrimitives.dll
0x00007ffd37fe0000 - 0x00007ffd38005000 	c:\Users\liwenyue\.vscode\extensions\redhat.java-1.34.0-win32-x64\jre\17.0.12-win32-x86_64\bin\java.dll
0x00007ffd453c0000 - 0x00007ffd453d8000 	c:\Users\liwenyue\.vscode\extensions\redhat.java-1.34.0-win32-x64\jre\17.0.12-win32-x86_64\bin\zip.dll
0x00007ffd6a650000 - 0x00007ffd6ade1000 	C:\Windows\SYSTEM32\windows.storage.dll
0x00007ffd6e700000 - 0x00007ffd6ea53000 	C:\Windows\System32\combase.dll
0x00007ffd6be00000 - 0x00007ffd6be2c000 	C:\Windows\SYSTEM32\Wldp.dll
0x00007ffd6e2c0000 - 0x00007ffd6e36e000 	C:\Windows\System32\SHCORE.dll
0x00007ffd6c330000 - 0x00007ffd6c34f000 	C:\Windows\SYSTEM32\profapi.dll
0x00007ffd3b890000 - 0x00007ffd3b8a9000 	C:\Users\liwenyue\.vscode\extensions\redhat.java-1.34.0-win32-x64\jre\17.0.12-win32-x86_64\bin\net.dll
0x00007ffd675d0000 - 0x00007ffd676d0000 	C:\Windows\SYSTEM32\WINHTTP.dll
0x00007ffd6bb80000 - 0x00007ffd6bbea000 	C:\Windows\system32\mswsock.dll
0x00007ffd3b5e0000 - 0x00007ffd3b5f6000 	C:\Users\liwenyue\.vscode\extensions\redhat.java-1.34.0-win32-x64\jre\17.0.12-win32-x86_64\bin\nio.dll
0x00007ffd5e3e0000 - 0x00007ffd5e3f0000 	c:\Users\liwenyue\.vscode\extensions\redhat.java-1.34.0-win32-x64\jre\17.0.12-win32-x86_64\bin\verify.dll
0x00007ffd6bd60000 - 0x00007ffd6bd78000 	C:\Windows\SYSTEM32\CRYPTSP.dll
0x00007ffd6b4f0000 - 0x00007ffd6b524000 	C:\Windows\system32\rsaenh.dll
0x00007ffd6c6f0000 - 0x00007ffd6c717000 	C:\Windows\System32\bcrypt.dll
0x00007ffd6c2b0000 - 0x00007ffd6c2de000 	C:\Windows\SYSTEM32\USERENV.dll
0x00007ffd6bd50000 - 0x00007ffd6bd5c000 	C:\Windows\SYSTEM32\CRYPTBASE.dll
0x00007ffd6b850000 - 0x00007ffd6b88b000 	C:\Windows\SYSTEM32\IPHLPAPI.DLL
0x00007ffd6e410000 - 0x00007ffd6e419000 	C:\Windows\System32\NSI.dll
0x00007ffd63e60000 - 0x00007ffd63e77000 	C:\Windows\SYSTEM32\dhcpcsvc6.DLL
0x00007ffd65620000 - 0x00007ffd6563d000 	C:\Windows\SYSTEM32\dhcpcsvc.DLL
0x00007ffd6b890000 - 0x00007ffd6b95a000 	C:\Windows\SYSTEM32\DNSAPI.dll
0x00007ffd56dd0000 - 0x00007ffd56dd9000 	C:\Users\liwenyue\.vscode\extensions\redhat.java-1.34.0-win32-x64\jre\17.0.12-win32-x86_64\bin\management.dll
0x00007ffd545d0000 - 0x00007ffd545db000 	C:\Users\liwenyue\.vscode\extensions\redhat.java-1.34.0-win32-x64\jre\17.0.12-win32-x86_64\bin\management_ext.dll
0x00007ffd6cff0000 - 0x00007ffd6cff8000 	C:\Windows\System32\PSAPI.DLL

dbghelp: loaded successfully - version: 4.0.5 - missing functions: none
symbol engine: initialized successfully - sym options: 0x614 - pdb path: .;c:\Users\liwenyue\.vscode\extensions\redhat.java-1.34.0-win32-x64\jre\17.0.12-win32-x86_64\bin;C:\Windows\SYSTEM32;C:\Windows\WinSxS\amd64_microsoft.windows.common-controls_6595b64144ccf1df_6.0.19041.1_none_b555e41d4684ddec;C:\Program Files (x86)\360\360Safe\safemon;c:\Users\liwenyue\.vscode\extensions\redhat.java-1.34.0-win32-x64\jre\17.0.12-win32-x86_64\bin\server

VM Arguments:
jvm_args: -Xmx1024m -Dsts.lsp.client=vscode -Dsts.log.file=/dev/null -XX:TieredStopAtLevel=1 -Xlog:jni+resolve=off -Dspring.config.location=file:c:\Users\liwenyue\.vscode\extensions\vmware.vscode-spring-boot-1.56.0\language-server\BOOT-INF\classes\application.properties 
java_command: org.springframework.ide.vscode.boot.app.BootLanguageServerBootApp
java_class_path (initial): c:\Users\liwenyue\.vscode\extensions\vmware.vscode-spring-boot-1.56.0\language-server\BOOT-INF\classes;c:\Users\liwenyue\.vscode\extensions\vmware.vscode-spring-boot-1.56.0\language-server\BOOT-INF\lib\annotations-24.1.0.jar;c:\Users\liwenyue\.vscode\extensions\vmware.vscode-spring-boot-1.56.0\language-server\BOOT-INF\lib\antlr4-runtime-4.13.1.jar;c:\Users\liwenyue\.vscode\extensions\vmware.vscode-spring-boot-1.56.0\language-server\BOOT-INF\lib\asm-9.7.jar;c:\Users\liwenyue\.vscode\extensions\vmware.vscode-spring-boot-1.56.0\language-server\BOOT-INF\lib\asm-analysis-9.7.jar;c:\Users\liwenyue\.vscode\extensions\vmware.vscode-spring-boot-1.56.0\language-server\BOOT-INF\lib\asm-tree-9.7.jar;c:\Users\liwenyue\.vscode\extensions\vmware.vscode-spring-boot-1.56.0\language-server\BOOT-INF\lib\asm-util-9.7.jar;c:\Users\liwenyue\.vscode\extensions\vmware.vscode-spring-boot-1.56.0\language-server\BOOT-INF\lib\caffeine-3.1.8.jar;c:\Users\liwenyue\.vscode\extensions\vmware.vscode-spring-boot-1.56.0\language-server\BOOT-INF\lib\checker-qual-3.12.0.jar;c:\Users\liwenyue\.vscode\extensions\vmware.vscode-spring-boot-1.56.0\language-server\BOOT-INF\lib\classgraph-4.8.149.jar;c:\Users\liwenyue\.vscode\extensions\vmware.vscode-spring-boot-1.56.0\language-server\BOOT-INF\lib\commons-codec-1.16.1.jar;c:\Users\liwenyue\.vscode\extensions\vmware.vscode-spring-boot-1.56.0\language-server\BOOT-INF\lib\commons-compress-1.26.2.jar;c:\Users\liwenyue\.vscode\extensions\vmware.vscode-spring-boot-1.56.0\language-server\BOOT-INF\lib\commons-io-2.16.1.jar;c:\Users\liwenyue\.vscode\extensions\vmware.vscode-spring-boot-1.56.0\language-server\BOOT-INF\lib\commons-java-1.56.0-SNAPSHOT.jar;c:\Users\liwenyue\.vscode\extensions\vmware.vscode-spring-boot-1.56.0\language-server\BOOT-INF\lib\commons-lang3-3.14.0.jar;c:\Users\liwenyue\.vscode\extensions\vmware.vscode-spring-boot-1.56.0\language-server\BOOT-INF\lib\commons-language-server-1.56.0-SNAPSHOT.jar;c:\Users\liwenyue\.vscod
Launcher Type: SUN_STANDARD

[Global flags]
     intx CICompilerCount                          = 4                                         {product} {ergonomic}
     uint ConcGCThreads                            = 2                                         {product} {ergonomic}
     uint G1ConcRefinementThreads                  = 8                                         {product} {ergonomic}
   size_t G1HeapRegionSize                         = 1048576                                   {product} {ergonomic}
    uintx GCDrainStackTargetSize                   = 64                                        {product} {ergonomic}
   size_t InitialHeapSize                          = 132120576                                 {product} {ergonomic}
   size_t MarkStackSize                            = 4194304                                   {product} {ergonomic}
   size_t MaxHeapSize                              = 1073741824                                {product} {command line}
   size_t MaxNewSize                               = 643825664                                 {product} {ergonomic}
   size_t MinHeapDeltaBytes                        = 1048576                                   {product} {ergonomic}
   size_t MinHeapSize                              = 8388608                                   {product} {ergonomic}
    uintx NonProfiledCodeHeapSize                  = 0                                      {pd product} {ergonomic}
     bool ProfileInterpreter                       = false                                  {pd product} {command line}
    uintx ProfiledCodeHeapSize                     = 0                                      {pd product} {ergonomic}
   size_t SoftMaxHeapSize                          = 1073741824                             {manageable} {ergonomic}
     intx TieredStopAtLevel                        = 1                                         {product} {command line}
     bool UseCompressedClassPointers               = true                           {product lp64_product} {ergonomic}
     bool UseCompressedOops                        = true                           {product lp64_product} {ergonomic}
     bool UseG1GC                                  = true                                      {product} {ergonomic}
     bool UseLargePagesIndividualAllocation        = false                                  {pd product} {ergonomic}

Logging:
Log output configuration:
 #0: stdout all=warning,jni+resolve=off uptime,level,tags
 #1: stderr all=off uptime,level,tags

Environment Variables:
JAVA_HOME=E:\JAVA\jdk-17.0.6.10-hotspot\
CLASSPATH=.;E:\JAVA\jdk-17.0.6.10-hotspot\\lib\dt.jar;E:\JAVA\jdk-17.0.6.10-hotspot\\lib\tools.jar;
PATH=E:\JAVA\jdk-17.0.6.10-hotspot\bin;C:\Windows\system32;C:\Windows;C:\Windows\System32\Wbem;C:\Windows\System32\WindowsPowerShell\v1.0\;C:\Windows\System32\OpenSSH\;c:\Program Files (x86)\Microsoft SQL Server\100\Tools\Binn\;c:\Program Files\Microsoft SQL Server\100\Tools\Binn\;c:\Program Files\Microsoft SQL Server\100\DTS\Binn\;C:\Program Files\MATLAB\R2022a\bin;E:\JAVA\jdk-17.0.6.10-hotspot\\bin;E:\JAVA\jdk-17.0.6.10-hotspot\\jre\bin;E:\LATEX\texlive\2022\bin\win32;E:\MATLAB\R2022b\bin;E:\Git\bin;C:\Program Files\Microsoft SQL Server\120\Tools\Binn\;C:\Program Files\Common Files\Autodesk Shared\;C:\Program Files (x86)\Insta360Stitcher\tools\proStitcher;D:\Program Files (x86)\Tencent\web\dll;D:\Pro;ram Files\nodejs\;D:\Program Files\nodejs\node_global\node_modules;D:\Program Files\MySQL\MySQL Server 8.0\bin;E:\Program Files\Git\cmd;D:\Program Files\web\dll;D:\anaconda1;D:\anaconda1\Library\mingw-w64\bin;D:\anaconda1\Library\usr\bin;D:\anaconda1\Library\bin;D:\anaconda1\Scripts;D:\anaconda3;D:\anaconda3\Library\mingw-w64\bin;D:\anaconda3\Library\usr\bin;D:\anaconda3\Library\bin;D:\anaconda3\Scripts;C:\Users\\AppData\Local\Scripts\;C:\Users\\AppData\Local\;C:\Users\liwenyue\AppData\Local\Microsoft\WindowsApps;C:\Program Files (x86)\Tencent\QQGameTempest\Hall.57821\;D:\JetBrains\PyCharm Community Edition 2022.2.1\bin;;E:\VS Code\Microsoft VS Code\bin;C:\Program Files (x86)\Dev-Cpp\MinGW64\bin;E:\go\bin;C:\Program Files (x86)\Insta360Stitcher\tools\proStitcher;D:\Program Files\nodejs\node_global;D:\Program Files (x86)\Eclipse\Sumo\bin;E:\Program Files\apache-maven-3.9.9\bin;C:\Users\liwenyue\AppData\Local\Programs\Microsoft VS Code\bin
USERNAME=
OS=Windows_NT
PROCESSOR_IDENTIFIER=Intel64 Family 6 Model 140 Stepping 1, GenuineIntel
TMP=E:\User\Temp\Temp
TEMP=E:\User\Temp\Temp



Periodic native trim disabled


---------------  S Y S T E M  ---------------

OS:
 Windows 10 , 64 bit Build 19041 (10.0.19041.292)
OS uptime: 3 days 1:40 hours

CPU: total 8 (initial active 8) (4 cores per cpu, 2 threads per core) family 6 model 140 stepping 1 microcode 0x66, cx8, cmov, fxsr, ht, mmx, 3dnowpref, sse, sse2, sse3, ssse3, sse4.1, sse4.2, popcnt, lzcnt, tsc, tscinvbit, avx, avx2, aes, erms, clmul, bmi1, bmi2, adx, avx512f, avx512dq, avx512cd, avx512bw, avx512vl, sha, fma, vzeroupper, avx512_vpopcntdq, avx512_vpclmulqdq, avx512_vaes, avx512_vnni, clflush, clflushopt, clwb, avx512_vbmi2, avx512_vbmi
Processor Information for all 8 processors :
  Max Mhz: 2419, Current Mhz: 2419, Mhz Limit: 2419

Memory: 4k page, system-wide physical 7991M (902M free)
TotalPageFile size 22041M (AvailPageFile size 8M)
current process WorkingSet (physical memory assigned to process): 48M, peak: 173M
current process commit charge ("private bytes"): 219M, peak: 231M

vm_info: OpenJDK 64-Bit Server VM (17.0.12+7) for windows-amd64 JRE (17.0.12+7), built on Jul 16 2024 22:08:24 by "admin" with MS VC++ 16.10 / 16.11 (VS2019)

END.
